{"/home/user/Math-Quiz-Hub/server/db.ts": {"path":"/home/user/Math-Quiz-Hub/server/db.ts","statementMap":{"0":{"start":{"line":5,"column":28},"end":{"line":5,"column":null}},"1":{"start":{"line":7,"column":0},"end":{"line":9,"column":null}},"2":{"start":{"line":8,"column":2},"end":{"line":8,"column":null}},"3":{"start":{"line":12,"column":16},"end":{"line":12,"column":null}},"4":{"start":{"line":13,"column":2},"end":{"line":13,"column":null}},"5":{"start":{"line":17,"column":2},"end":{"line":17,"column":null}},"6":{"start":{"line":20,"column":15},"end":{"line":20,"column":null}},"7":{"start":{"line":21,"column":25},"end":{"line":21,"column":null}},"8":{"start":{"line":23,"column":13},"end":{"line":31,"column":null}},"9":{"start":{"line":33,"column":18},"end":{"line":33,"column":null}}},"fnMap":{"0":{"name":"shouldUseSsl","decl":{"start":{"line":11,"column":9},"end":{"line":11,"column":22}},"loc":{"start":{"line":11,"column":44},"end":{"line":14,"column":null}},"line":11},"1":{"name":"stripSslMode","decl":{"start":{"line":16,"column":9},"end":{"line":16,"column":22}},"loc":{"start":{"line":16,"column":43},"end":{"line":18,"column":null}},"line":16}},"branchMap":{"0":{"loc":{"start":{"line":5,"column":28},"end":{"line":5,"column":null}},"type":"binary-expr","locations":[{"start":{"line":5,"column":28},"end":{"line":5,"column":56}},{"start":{"line":5,"column":56},"end":{"line":5,"column":null}}],"line":5},"1":{"loc":{"start":{"line":7,"column":0},"end":{"line":9,"column":null}},"type":"if","locations":[{"start":{"line":7,"column":0},"end":{"line":9,"column":null}},{"start":{},"end":{}}],"line":7},"2":{"loc":{"start":{"line":13,"column":9},"end":{"line":13,"column":null}},"type":"binary-expr","locations":[{"start":{"line":13,"column":9},"end":{"line":13,"column":42}},{"start":{"line":13,"column":42},"end":{"line":13,"column":79}},{"start":{"line":13,"column":79},"end":{"line":13,"column":null}}],"line":13},"3":{"loc":{"start":{"line":20,"column":15},"end":{"line":20,"column":null}},"type":"cond-expr","locations":[{"start":{"line":20,"column":37},"end":{"line":20,"column":73}},{"start":{"line":20,"column":73},"end":{"line":20,"column":null}}],"line":20},"4":{"loc":{"start":{"line":21,"column":25},"end":{"line":21,"column":null}},"type":"cond-expr","locations":[{"start":{"line":21,"column":57},"end":{"line":21,"column":93}},{"start":{"line":21,"column":93},"end":{"line":21,"column":null}}],"line":21},"5":{"loc":{"start":{"line":21,"column":25},"end":{"line":21,"column":57}},"type":"binary-expr","locations":[{"start":{"line":21,"column":25},"end":{"line":21,"column":48}},{"start":{"line":21,"column":48},"end":{"line":21,"column":57}}],"line":21},"6":{"loc":{"start":{"line":23,"column":13},"end":{"line":31,"column":null}},"type":"cond-expr","locations":[{"start":{"line":24,"column":4},"end":{"line":30,"column":null}},{"start":{"line":31,"column":4},"end":{"line":31,"column":null}}],"line":23},"7":{"loc":{"start":{"line":26,"column":11},"end":{"line":26,"column":null}},"type":"cond-expr","locations":[{"start":{"line":26,"column":20},"end":{"line":26,"column":52}},{"start":{"line":26,"column":52},"end":{"line":26,"column":null}}],"line":26},"8":{"loc":{"start":{"line":27,"column":18},"end":{"line":27,"column":47}},"type":"binary-expr","locations":[{"start":{"line":27,"column":18},"end":{"line":27,"column":45}},{"start":{"line":27,"column":45},"end":{"line":27,"column":47}}],"line":27},"9":{"loc":{"start":{"line":28,"column":38},"end":{"line":28,"column":80}},"type":"binary-expr","locations":[{"start":{"line":28,"column":38},"end":{"line":28,"column":75}},{"start":{"line":28,"column":75},"end":{"line":28,"column":80}}],"line":28},"10":{"loc":{"start":{"line":29,"column":32},"end":{"line":29,"column":71}},"type":"binary-expr","locations":[{"start":{"line":29,"column":32},"end":{"line":29,"column":66}},{"start":{"line":29,"column":66},"end":{"line":29,"column":71}}],"line":29},"11":{"loc":{"start":{"line":33,"column":18},"end":{"line":33,"column":null}},"type":"cond-expr","locations":[{"start":{"line":33,"column":18},"end":{"line":33,"column":53}},{"start":{"line":33,"column":53},"end":{"line":33,"column":null}}],"line":33}},"s":{"0":0,"1":0,"2":0,"3":0,"4":0,"5":0,"6":0,"7":0,"8":0,"9":0},"f":{"0":0,"1":0},"b":{"0":[0,0],"1":[0,0],"2":[0,0,0],"3":[0,0],"4":[0,0],"5":[0,0],"6":[0,0],"7":[0,0],"8":[0,0],"9":[0,0],"10":[0,0],"11":[0,0]},"meta":{"lastBranch":12,"lastFunction":2,"lastStatement":10,"seen":{"s:5:28:5:Infinity":0,"b:5:28:5:56:5:56:5:Infinity":0,"b:7:0:9:Infinity:undefined:undefined:undefined:undefined":1,"s:7:0:9:Infinity":1,"s:8:2:8:Infinity":2,"f:11:9:11:22":0,"s:12:16:12:Infinity":3,"s:13:2:13:Infinity":4,"b:13:9:13:42:13:42:13:79:13:79:13:Infinity":2,"f:16:9:16:22":1,"s:17:2:17:Infinity":5,"s:20:15:20:Infinity":6,"b:20:37:20:73:20:73:20:Infinity":3,"s:21:25:21:Infinity":7,"b:21:57:21:93:21:93:21:Infinity":4,"b:21:25:21:48:21:48:21:57":5,"s:23:13:31:Infinity":8,"b:24:4:30:Infinity:31:4:31:Infinity":6,"b:26:20:26:52:26:52:26:Infinity":7,"b:27:18:27:45:27:45:27:47":8,"b:28:38:28:75:28:75:28:80":9,"b:29:32:29:66:29:66:29:71":10,"s:33:18:33:Infinity":9,"b:33:18:33:53:33:53:33:Infinity":11}}}
,"/home/user/Math-Quiz-Hub/server/routes.ts": {"path":"/home/user/Math-Quiz-Hub/server/routes.ts","statementMap":{"0":{"start":{"line":17,"column":26},"end":{"line":17,"column":null}},"1":{"start":{"line":19,"column":6},"end":{"line":39,"column":null}},"2":{"start":{"line":22,"column":18},"end":{"line":22,"column":null}},"3":{"start":{"line":23,"column":6},"end":{"line":23,"column":null}},"4":{"start":{"line":23,"column":31},"end":{"line":23,"column":null}},"5":{"start":{"line":24,"column":6},"end":{"line":24,"column":null}},"6":{"start":{"line":27,"column":18},"end":{"line":27,"column":null}},"7":{"start":{"line":28,"column":6},"end":{"line":28,"column":null}},"8":{"start":{"line":33,"column":4},"end":{"line":36,"column":null}},"9":{"start":{"line":34,"column":6},"end":{"line":34,"column":null}},"10":{"start":{"line":35,"column":6},"end":{"line":35,"column":null}},"11":{"start":{"line":37,"column":4},"end":{"line":37,"column":null}},"12":{"start":{"line":41,"column":6},"end":{"line":41,"column":null}},"13":{"start":{"line":44,"column":17},"end":{"line":44,"column":null}},"14":{"start":{"line":45,"column":2},"end":{"line":45,"column":null}},"15":{"start":{"line":45,"column":15},"end":{"line":45,"column":null}},"16":{"start":{"line":46,"column":16},"end":{"line":46,"column":null}},"17":{"start":{"line":47,"column":2},"end":{"line":47,"column":null}},"18":{"start":{"line":51,"column":26},"end":{"line":51,"column":null}},"19":{"start":{"line":54,"column":17},"end":{"line":54,"column":null}},"20":{"start":{"line":55,"column":2},"end":{"line":55,"column":null}},"21":{"start":{"line":55,"column":15},"end":{"line":55,"column":null}},"22":{"start":{"line":56,"column":2},"end":{"line":56,"column":null}},"23":{"start":{"line":60,"column":13},"end":{"line":60,"column":null}},"24":{"start":{"line":61,"column":2},"end":{"line":61,"column":null}},"25":{"start":{"line":61,"column":11},"end":{"line":61,"column":null}},"26":{"start":{"line":62,"column":2},"end":{"line":62,"column":null}},"27":{"start":{"line":66,"column":14},"end":{"line":66,"column":null}},"28":{"start":{"line":67,"column":2},"end":{"line":67,"column":null}},"29":{"start":{"line":67,"column":12},"end":{"line":67,"column":null}},"30":{"start":{"line":68,"column":2},"end":{"line":75,"column":null}},"31":{"start":{"line":69,"column":16},"end":{"line":69,"column":null}},"32":{"start":{"line":70,"column":4},"end":{"line":70,"column":null}},"33":{"start":{"line":70,"column":20},"end":{"line":70,"column":null}},"34":{"start":{"line":71,"column":16},"end":{"line":71,"column":null}},"35":{"start":{"line":72,"column":18},"end":{"line":72,"column":null}},"36":{"start":{"line":73,"column":4},"end":{"line":73,"column":null}},"37":{"start":{"line":74,"column":4},"end":{"line":74,"column":null}},"38":{"start":{"line":79,"column":2},"end":{"line":79,"column":null}},"39":{"start":{"line":83,"column":16},"end":{"line":83,"column":null}},"40":{"start":{"line":84,"column":2},"end":{"line":86,"column":null}},"41":{"start":{"line":85,"column":4},"end":{"line":85,"column":null}},"42":{"start":{"line":87,"column":2},"end":{"line":92,"column":null}},"43":{"start":{"line":88,"column":4},"end":{"line":88,"column":null}},"44":{"start":{"line":89,"column":4},"end":{"line":89,"column":null}},"45":{"start":{"line":91,"column":4},"end":{"line":91,"column":null}},"46":{"start":{"line":95,"column":6},"end":{"line":101,"column":null}},"47":{"start":{"line":105,"column":18},"end":{"line":108,"column":null}},"48":{"start":{"line":109,"column":2},"end":{"line":125,"column":null}},"49":{"start":{"line":110,"column":19},"end":{"line":110,"column":null}},"50":{"start":{"line":111,"column":4},"end":{"line":111,"column":null}},"51":{"start":{"line":111,"column":31},"end":{"line":111,"column":null}},"52":{"start":{"line":112,"column":4},"end":{"line":114,"column":null}},"53":{"start":{"line":113,"column":6},"end":{"line":113,"column":null}},"54":{"start":{"line":115,"column":4},"end":{"line":115,"column":null}},"55":{"start":{"line":117,"column":18},"end":{"line":117,"column":null}},"56":{"start":{"line":118,"column":4},"end":{"line":118,"column":null}},"57":{"start":{"line":118,"column":16},"end":{"line":118,"column":null}},"58":{"start":{"line":119,"column":4},"end":{"line":124,"column":null}},"59":{"start":{"line":120,"column":21},"end":{"line":120,"column":null}},"60":{"start":{"line":121,"column":6},"end":{"line":121,"column":null}},"61":{"start":{"line":123,"column":6},"end":{"line":123,"column":null}},"62":{"start":{"line":129,"column":2},"end":{"line":143,"column":null}},"63":{"start":{"line":130,"column":25},"end":{"line":130,"column":null}},"64":{"start":{"line":131,"column":4},"end":{"line":133,"column":null}},"65":{"start":{"line":132,"column":6},"end":{"line":132,"column":null}},"66":{"start":{"line":134,"column":18},"end":{"line":134,"column":null}},"67":{"start":{"line":135,"column":4},"end":{"line":141,"column":null}},"68":{"start":{"line":142,"column":4},"end":{"line":142,"column":null}},"69":{"start":{"line":145,"column":2},"end":{"line":154,"column":null}},"70":{"start":{"line":146,"column":18},"end":{"line":146,"column":null}},"71":{"start":{"line":147,"column":4},"end":{"line":147,"column":null}},"72":{"start":{"line":147,"column":16},"end":{"line":147,"column":null}},"73":{"start":{"line":148,"column":4},"end":{"line":153,"column":null}},"74":{"start":{"line":149,"column":6},"end":{"line":149,"column":null}},"75":{"start":{"line":150,"column":6},"end":{"line":150,"column":null}},"76":{"start":{"line":152,"column":6},"end":{"line":152,"column":null}},"77":{"start":{"line":156,"column":2},"end":{"line":159,"column":null}},"78":{"start":{"line":157,"column":4},"end":{"line":157,"column":null}},"79":{"start":{"line":158,"column":4},"end":{"line":158,"column":null}},"80":{"start":{"line":161,"column":2},"end":{"line":161,"column":null}},"81":{"start":{"line":162,"column":2},"end":{"line":165,"column":null}},"82":{"start":{"line":163,"column":20},"end":{"line":163,"column":null}},"83":{"start":{"line":164,"column":4},"end":{"line":164,"column":null}},"84":{"start":{"line":167,"column":2},"end":{"line":171,"column":null}},"85":{"start":{"line":168,"column":17},"end":{"line":168,"column":null}},"86":{"start":{"line":169,"column":4},"end":{"line":169,"column":null}},"87":{"start":{"line":169,"column":15},"end":{"line":169,"column":null}},"88":{"start":{"line":170,"column":4},"end":{"line":170,"column":null}},"89":{"start":{"line":173,"column":2},"end":{"line":180,"column":null}},"90":{"start":{"line":174,"column":19},"end":{"line":174,"column":null}},"91":{"start":{"line":175,"column":17},"end":{"line":175,"column":null}},"92":{"start":{"line":176,"column":4},"end":{"line":176,"column":null}},"93":{"start":{"line":176,"column":15},"end":{"line":176,"column":null}},"94":{"start":{"line":177,"column":15},"end":{"line":177,"column":null}},"95":{"start":{"line":178,"column":22},"end":{"line":178,"column":null}},"96":{"start":{"line":178,"column":61},"end":{"line":178,"column":65}},"97":{"start":{"line":179,"column":4},"end":{"line":179,"column":null}},"98":{"start":{"line":182,"column":2},"end":{"line":187,"column":null}},"99":{"start":{"line":183,"column":36},"end":{"line":183,"column":null}},"100":{"start":{"line":184,"column":4},"end":{"line":184,"column":null}},"101":{"start":{"line":184,"column":33},"end":{"line":184,"column":null}},"102":{"start":{"line":185,"column":20},"end":{"line":185,"column":null}},"103":{"start":{"line":186,"column":4},"end":{"line":186,"column":null}},"104":{"start":{"line":189,"column":2},"end":{"line":202,"column":null}},"105":{"start":{"line":190,"column":44},"end":{"line":190,"column":null}},"106":{"start":{"line":191,"column":4},"end":{"line":193,"column":null}},"107":{"start":{"line":192,"column":6},"end":{"line":192,"column":null}},"108":{"start":{"line":194,"column":17},"end":{"line":194,"column":null}},"109":{"start":{"line":195,"column":4},"end":{"line":195,"column":null}},"110":{"start":{"line":195,"column":15},"end":{"line":195,"column":null}},"111":{"start":{"line":196,"column":25},"end":{"line":196,"column":null}},"112":{"start":{"line":197,"column":4},"end":{"line":200,"column":null}},"113":{"start":{"line":198,"column":25},"end":{"line":198,"column":null}},"114":{"start":{"line":199,"column":6},"end":{"line":199,"column":null}},"115":{"start":{"line":201,"column":4},"end":{"line":201,"column":null}},"116":{"start":{"line":204,"column":2},"end":{"line":251,"column":null}},"117":{"start":{"line":205,"column":54},"end":{"line":205,"column":null}},"118":{"start":{"line":206,"column":4},"end":{"line":206,"column":null}},"119":{"start":{"line":206,"column":31},"end":{"line":206,"column":null}},"120":{"start":{"line":207,"column":4},"end":{"line":209,"column":null}},"121":{"start":{"line":208,"column":6},"end":{"line":208,"column":null}},"122":{"start":{"line":211,"column":17},"end":{"line":211,"column":null}},"123":{"start":{"line":212,"column":4},"end":{"line":212,"column":null}},"124":{"start":{"line":212,"column":15},"end":{"line":212,"column":null}},"125":{"start":{"line":214,"column":16},"end":{"line":214,"column":null}},"126":{"start":{"line":215,"column":4},"end":{"line":217,"column":null}},"127":{"start":{"line":216,"column":6},"end":{"line":216,"column":null}},"128":{"start":{"line":218,"column":10},"end":{"line":218,"column":null}},"129":{"start":{"line":219,"column":27},"end":{"line":219,"column":null}},"130":{"start":{"line":220,"column":4},"end":{"line":222,"column":null}},"131":{"start":{"line":221,"column":6},"end":{"line":221,"column":null}},"132":{"start":{"line":224,"column":25},"end":{"line":224,"column":null}},"133":{"start":{"line":225,"column":21},"end":{"line":225,"column":null}},"134":{"start":{"line":226,"column":27},"end":{"line":226,"column":null}},"135":{"start":{"line":227,"column":104},"end":{"line":227,"column":null}},"136":{"start":{"line":229,"column":4},"end":{"line":240,"column":null}},"137":{"start":{"line":230,"column":6},"end":{"line":230,"column":null}},"138":{"start":{"line":231,"column":28},"end":{"line":231,"column":null}},"139":{"start":{"line":232,"column":24},"end":{"line":232,"column":null}},"140":{"start":{"line":233,"column":26},"end":{"line":233,"column":null}},"141":{"start":{"line":234,"column":6},"end":{"line":234,"column":null}},"142":{"start":{"line":235,"column":6},"end":{"line":239,"column":null}},"143":{"start":{"line":242,"column":23},"end":{"line":248,"column":null}},"144":{"start":{"line":250,"column":4},"end":{"line":250,"column":null}},"145":{"start":{"line":253,"column":2},"end":{"line":256,"column":null}},"146":{"start":{"line":254,"column":20},"end":{"line":254,"column":null}},"147":{"start":{"line":255,"column":4},"end":{"line":255,"column":null}},"148":{"start":{"line":258,"column":2},"end":{"line":263,"column":null}},"149":{"start":{"line":259,"column":17},"end":{"line":259,"column":null}},"150":{"start":{"line":260,"column":4},"end":{"line":260,"column":null}},"151":{"start":{"line":260,"column":15},"end":{"line":260,"column":null}},"152":{"start":{"line":261,"column":22},"end":{"line":261,"column":null}},"153":{"start":{"line":262,"column":4},"end":{"line":262,"column":null}},"154":{"start":{"line":265,"column":2},"end":{"line":279,"column":null}},"155":{"start":{"line":266,"column":75},"end":{"line":266,"column":null}},"156":{"start":{"line":267,"column":4},"end":{"line":269,"column":null}},"157":{"start":{"line":268,"column":6},"end":{"line":268,"column":null}},"158":{"start":{"line":270,"column":17},"end":{"line":277,"column":null}},"159":{"start":{"line":278,"column":4},"end":{"line":278,"column":null}},"160":{"start":{"line":281,"column":2},"end":{"line":297,"column":null}},"161":{"start":{"line":282,"column":15},"end":{"line":282,"column":null}},"162":{"start":{"line":283,"column":21},"end":{"line":283,"column":null}},"163":{"start":{"line":284,"column":4},"end":{"line":284,"column":null}},"164":{"start":{"line":284,"column":19},"end":{"line":284,"column":null}},"165":{"start":{"line":286,"column":75},"end":{"line":286,"column":null}},"166":{"start":{"line":287,"column":25},"end":{"line":287,"column":null}},"167":{"start":{"line":288,"column":4},"end":{"line":288,"column":null}},"168":{"start":{"line":288,"column":29},"end":{"line":288,"column":null}},"169":{"start":{"line":289,"column":4},"end":{"line":289,"column":null}},"170":{"start":{"line":289,"column":40},"end":{"line":289,"column":null}},"171":{"start":{"line":290,"column":4},"end":{"line":290,"column":null}},"172":{"start":{"line":290,"column":31},"end":{"line":290,"column":null}},"173":{"start":{"line":291,"column":4},"end":{"line":291,"column":null}},"174":{"start":{"line":291,"column":32},"end":{"line":291,"column":null}},"175":{"start":{"line":292,"column":4},"end":{"line":292,"column":null}},"176":{"start":{"line":292,"column":29},"end":{"line":292,"column":null}},"177":{"start":{"line":293,"column":4},"end":{"line":293,"column":null}},"178":{"start":{"line":293,"column":31},"end":{"line":293,"column":null}},"179":{"start":{"line":295,"column":20},"end":{"line":295,"column":null}},"180":{"start":{"line":296,"column":4},"end":{"line":296,"column":null}},"181":{"start":{"line":299,"column":2},"end":{"line":302,"column":null}},"182":{"start":{"line":300,"column":4},"end":{"line":300,"column":null}},"183":{"start":{"line":301,"column":4},"end":{"line":301,"column":null}},"184":{"start":{"line":304,"column":2},"end":{"line":307,"column":null}},"185":{"start":{"line":305,"column":22},"end":{"line":305,"column":null}},"186":{"start":{"line":306,"column":4},"end":{"line":306,"column":null}},"187":{"start":{"line":309,"column":2},"end":{"line":331,"column":null}},"188":{"start":{"line":310,"column":19},"end":{"line":310,"column":null}},"189":{"start":{"line":311,"column":17},"end":{"line":311,"column":null}},"190":{"start":{"line":312,"column":4},"end":{"line":312,"column":null}},"191":{"start":{"line":312,"column":15},"end":{"line":312,"column":null}},"192":{"start":{"line":314,"column":40},"end":{"line":314,"column":null}},"193":{"start":{"line":315,"column":19},"end":{"line":315,"column":null}},"194":{"start":{"line":316,"column":4},"end":{"line":318,"column":null}},"195":{"start":{"line":317,"column":6},"end":{"line":317,"column":null}},"196":{"start":{"line":320,"column":21},"end":{"line":327,"column":null}},"197":{"start":{"line":320,"column":45},"end":{"line":327,"column":6}},"198":{"start":{"line":329,"column":20},"end":{"line":329,"column":null}},"199":{"start":{"line":330,"column":4},"end":{"line":330,"column":null}},"200":{"start":{"line":333,"column":2},"end":{"line":336,"column":null}},"201":{"start":{"line":334,"column":4},"end":{"line":334,"column":null}},"202":{"start":{"line":335,"column":4},"end":{"line":335,"column":null}},"203":{"start":{"line":338,"column":2},"end":{"line":341,"column":null}},"204":{"start":{"line":339,"column":24},"end":{"line":339,"column":null}},"205":{"start":{"line":340,"column":4},"end":{"line":340,"column":null}},"206":{"start":{"line":343,"column":2},"end":{"line":346,"column":null}},"207":{"start":{"line":344,"column":4},"end":{"line":344,"column":null}},"208":{"start":{"line":345,"column":4},"end":{"line":345,"column":null}},"209":{"start":{"line":348,"column":2},"end":{"line":351,"column":null}},"210":{"start":{"line":349,"column":4},"end":{"line":349,"column":null}},"211":{"start":{"line":350,"column":4},"end":{"line":350,"column":null}},"212":{"start":{"line":353,"column":2},"end":{"line":476,"column":null}},"213":{"start":{"line":354,"column":4},"end":{"line":358,"column":null}},"214":{"start":{"line":360,"column":4},"end":{"line":360,"column":null}},"215":{"start":{"line":361,"column":4},"end":{"line":361,"column":null}},"216":{"start":{"line":363,"column":22},"end":{"line":365,"column":null}},"217":{"start":{"line":364,"column":6},"end":{"line":364,"column":null}},"218":{"start":{"line":367,"column":22},"end":{"line":367,"column":null}},"219":{"start":{"line":367,"column":40},"end":{"line":367,"column":70}},"220":{"start":{"line":368,"column":29},"end":{"line":368,"column":null}},"221":{"start":{"line":369,"column":4},"end":{"line":372,"column":null}},"222":{"start":{"line":370,"column":6},"end":{"line":370,"column":null}},"223":{"start":{"line":371,"column":6},"end":{"line":371,"column":null}},"224":{"start":{"line":374,"column":4},"end":{"line":475,"column":null}},"225":{"start":{"line":375,"column":6},"end":{"line":380,"column":null}},"226":{"start":{"line":376,"column":8},"end":{"line":376,"column":null}},"227":{"start":{"line":377,"column":8},"end":{"line":377,"column":null}},"228":{"start":{"line":378,"column":8},"end":{"line":378,"column":null}},"229":{"start":{"line":379,"column":8},"end":{"line":379,"column":null}},"230":{"start":{"line":382,"column":24},"end":{"line":382,"column":null}},"231":{"start":{"line":385,"column":6},"end":{"line":385,"column":null}},"232":{"start":{"line":386,"column":26},"end":{"line":386,"column":null}},"233":{"start":{"line":387,"column":27},"end":{"line":390,"column":null}},"234":{"start":{"line":391,"column":28},"end":{"line":391,"column":null}},"235":{"start":{"line":392,"column":6},"end":{"line":397,"column":null}},"236":{"start":{"line":393,"column":8},"end":{"line":393,"column":null}},"237":{"start":{"line":394,"column":8},"end":{"line":394,"column":null}},"238":{"start":{"line":395,"column":8},"end":{"line":395,"column":null}},"239":{"start":{"line":396,"column":8},"end":{"line":396,"column":null}},"240":{"start":{"line":398,"column":6},"end":{"line":398,"column":null}},"241":{"start":{"line":399,"column":6},"end":{"line":399,"column":null}},"242":{"start":{"line":399,"column":32},"end":{"line":399,"column":58}},"243":{"start":{"line":399,"column":58},"end":{"line":399,"column":69}},"244":{"start":{"line":399,"column":69},"end":{"line":399,"column":77}},"245":{"start":{"line":402,"column":6},"end":{"line":402,"column":null}},"246":{"start":{"line":403,"column":35},"end":{"line":406,"column":null}},"247":{"start":{"line":407,"column":6},"end":{"line":412,"column":null}},"248":{"start":{"line":408,"column":8},"end":{"line":408,"column":null}},"249":{"start":{"line":409,"column":8},"end":{"line":409,"column":null}},"250":{"start":{"line":410,"column":8},"end":{"line":410,"column":null}},"251":{"start":{"line":411,"column":8},"end":{"line":411,"column":null}},"252":{"start":{"line":413,"column":6},"end":{"line":413,"column":null}},"253":{"start":{"line":414,"column":6},"end":{"line":414,"column":null}},"254":{"start":{"line":414,"column":32},"end":{"line":414,"column":58}},"255":{"start":{"line":414,"column":58},"end":{"line":414,"column":69}},"256":{"start":{"line":414,"column":69},"end":{"line":414,"column":77}},"257":{"start":{"line":417,"column":6},"end":{"line":417,"column":null}},"258":{"start":{"line":418,"column":38},"end":{"line":421,"column":null}},"259":{"start":{"line":422,"column":6},"end":{"line":427,"column":null}},"260":{"start":{"line":423,"column":8},"end":{"line":423,"column":null}},"261":{"start":{"line":424,"column":8},"end":{"line":424,"column":null}},"262":{"start":{"line":425,"column":8},"end":{"line":425,"column":null}},"263":{"start":{"line":426,"column":8},"end":{"line":426,"column":null}},"264":{"start":{"line":428,"column":6},"end":{"line":428,"column":null}},"265":{"start":{"line":429,"column":6},"end":{"line":429,"column":null}},"266":{"start":{"line":429,"column":32},"end":{"line":429,"column":58}},"267":{"start":{"line":429,"column":58},"end":{"line":429,"column":69}},"268":{"start":{"line":429,"column":69},"end":{"line":429,"column":77}},"269":{"start":{"line":432,"column":6},"end":{"line":432,"column":null}},"270":{"start":{"line":433,"column":27},"end":{"line":451,"column":null}},"271":{"start":{"line":452,"column":34},"end":{"line":456,"column":null}},"272":{"start":{"line":457,"column":24},"end":{"line":457,"column":null}},"273":{"start":{"line":458,"column":6},"end":{"line":464,"column":null}},"274":{"start":{"line":459,"column":8},"end":{"line":459,"column":null}},"275":{"start":{"line":460,"column":8},"end":{"line":460,"column":null}},"276":{"start":{"line":461,"column":8},"end":{"line":461,"column":null}},"277":{"start":{"line":462,"column":8},"end":{"line":462,"column":null}},"278":{"start":{"line":463,"column":8},"end":{"line":463,"column":null}},"279":{"start":{"line":465,"column":6},"end":{"line":465,"column":null}},"280":{"start":{"line":467,"column":6},"end":{"line":467,"column":null}},"281":{"start":{"line":468,"column":6},"end":{"line":468,"column":null}},"282":{"start":{"line":469,"column":6},"end":{"line":469,"column":null}},"283":{"start":{"line":471,"column":6},"end":{"line":471,"column":null}},"284":{"start":{"line":472,"column":6},"end":{"line":472,"column":null}},"285":{"start":{"line":473,"column":6},"end":{"line":473,"column":null}},"286":{"start":{"line":474,"column":6},"end":{"line":474,"column":null}},"287":{"start":{"line":478,"column":2},"end":{"line":491,"column":null}},"288":{"start":{"line":479,"column":4},"end":{"line":490,"column":null}},"289":{"start":{"line":480,"column":26},"end":{"line":480,"column":null}},"290":{"start":{"line":481,"column":6},"end":{"line":481,"column":null}},"291":{"start":{"line":481,"column":20},"end":{"line":481,"column":null}},"292":{"start":{"line":483,"column":27},"end":{"line":483,"column":null}},"293":{"start":{"line":485,"column":33},"end":{"line":485,"column":null}},"294":{"start":{"line":486,"column":21},"end":{"line":486,"column":null}},"295":{"start":{"line":487,"column":6},"end":{"line":487,"column":null}},"296":{"start":{"line":489,"column":6},"end":{"line":489,"column":null}},"297":{"start":{"line":493,"column":2},"end":{"line":538,"column":null}},"298":{"start":{"line":494,"column":4},"end":{"line":537,"column":null}},"299":{"start":{"line":495,"column":40},"end":{"line":495,"column":null}},"300":{"start":{"line":496,"column":6},"end":{"line":498,"column":null}},"301":{"start":{"line":497,"column":8},"end":{"line":497,"column":null}},"302":{"start":{"line":500,"column":27},"end":{"line":500,"column":null}},"303":{"start":{"line":501,"column":24},"end":{"line":512,"column":null}},"304":{"start":{"line":502,"column":25},"end":{"line":502,"column":null}},"305":{"start":{"line":502,"column":52},"end":{"line":502,"column":72}},"306":{"start":{"line":503,"column":8},"end":{"line":503,"column":null}},"307":{"start":{"line":504,"column":8},"end":{"line":511,"column":null}},"308":{"start":{"line":514,"column":27},"end":{"line":514,"column":null}},"309":{"start":{"line":529,"column":25},"end":{"line":529,"column":null}},"310":{"start":{"line":531,"column":33},"end":{"line":531,"column":null}},"311":{"start":{"line":532,"column":17},"end":{"line":532,"column":null}},"312":{"start":{"line":533,"column":6},"end":{"line":533,"column":null}},"313":{"start":{"line":534,"column":6},"end":{"line":534,"column":null}},"314":{"start":{"line":536,"column":6},"end":{"line":536,"column":null}},"315":{"start":{"line":540,"column":2},"end":{"line":566,"column":null}},"316":{"start":{"line":541,"column":4},"end":{"line":565,"column":null}},"317":{"start":{"line":542,"column":25},"end":{"line":542,"column":null}},"318":{"start":{"line":543,"column":6},"end":{"line":543,"column":null}},"319":{"start":{"line":543,"column":19},"end":{"line":543,"column":null}},"320":{"start":{"line":545,"column":26},"end":{"line":545,"column":null}},"321":{"start":{"line":546,"column":24},"end":{"line":546,"column":null}},"322":{"start":{"line":548,"column":22},"end":{"line":553,"column":null}},"323":{"start":{"line":548,"column":46},"end":{"line":553,"column":8}},"324":{"start":{"line":555,"column":27},"end":{"line":555,"column":null}},"325":{"start":{"line":557,"column":25},"end":{"line":557,"column":null}},"326":{"start":{"line":559,"column":33},"end":{"line":559,"column":null}},"327":{"start":{"line":560,"column":17},"end":{"line":560,"column":null}},"328":{"start":{"line":561,"column":6},"end":{"line":561,"column":null}},"329":{"start":{"line":562,"column":6},"end":{"line":562,"column":null}},"330":{"start":{"line":564,"column":6},"end":{"line":564,"column":null}},"331":{"start":{"line":568,"column":2},"end":{"line":580,"column":null}},"332":{"start":{"line":569,"column":4},"end":{"line":579,"column":null}},"333":{"start":{"line":570,"column":6},"end":{"line":575,"column":null}},"334":{"start":{"line":571,"column":8},"end":{"line":573,"column":null}},"335":{"start":{"line":572,"column":10},"end":{"line":572,"column":null}},"336":{"start":{"line":574,"column":8},"end":{"line":574,"column":null}},"337":{"start":{"line":576,"column":6},"end":{"line":576,"column":null}},"338":{"start":{"line":576,"column":21},"end":{"line":576,"column":null}},"339":{"start":{"line":577,"column":18},"end":{"line":577,"column":null}},"340":{"start":{"line":578,"column":6},"end":{"line":578,"column":null}},"341":{"start":{"line":582,"column":29},"end":{"line":586,"column":null}},"342":{"start":{"line":588,"column":2},"end":{"line":630,"column":null}},"343":{"start":{"line":589,"column":4},"end":{"line":629,"column":null}},"344":{"start":{"line":590,"column":21},"end":{"line":590,"column":null}},"345":{"start":{"line":591,"column":6},"end":{"line":593,"column":null}},"346":{"start":{"line":592,"column":8},"end":{"line":592,"column":null}},"347":{"start":{"line":595,"column":50},"end":{"line":595,"column":null}},"348":{"start":{"line":596,"column":24},"end":{"line":596,"column":null}},"349":{"start":{"line":598,"column":21},"end":{"line":598,"column":null}},"350":{"start":{"line":600,"column":19},"end":{"line":605,"column":null}},"351":{"start":{"line":607,"column":32},"end":{"line":616,"column":null}},"352":{"start":{"line":608,"column":37},"end":{"line":615,"column":10}},"353":{"start":{"line":618,"column":6},"end":{"line":625,"column":null}},"354":{"start":{"line":627,"column":6},"end":{"line":627,"column":null}},"355":{"start":{"line":628,"column":6},"end":{"line":628,"column":null}},"356":{"start":{"line":632,"column":2},"end":{"line":639,"column":null}},"357":{"start":{"line":633,"column":4},"end":{"line":638,"column":null}},"358":{"start":{"line":634,"column":25},"end":{"line":634,"column":null}},"359":{"start":{"line":635,"column":6},"end":{"line":635,"column":null}},"360":{"start":{"line":637,"column":6},"end":{"line":637,"column":null}},"361":{"start":{"line":641,"column":2},"end":{"line":652,"column":null}},"362":{"start":{"line":642,"column":4},"end":{"line":651,"column":null}},"363":{"start":{"line":643,"column":17},"end":{"line":643,"column":null}},"364":{"start":{"line":644,"column":6},"end":{"line":644,"column":null}},"365":{"start":{"line":644,"column":21},"end":{"line":644,"column":null}},"366":{"start":{"line":646,"column":19},"end":{"line":646,"column":null}},"367":{"start":{"line":647,"column":6},"end":{"line":647,"column":null}},"368":{"start":{"line":647,"column":17},"end":{"line":647,"column":null}},"369":{"start":{"line":648,"column":6},"end":{"line":648,"column":null}},"370":{"start":{"line":650,"column":6},"end":{"line":650,"column":null}},"371":{"start":{"line":654,"column":2},"end":{"line":665,"column":null}},"372":{"start":{"line":655,"column":4},"end":{"line":664,"column":null}},"373":{"start":{"line":656,"column":17},"end":{"line":656,"column":null}},"374":{"start":{"line":657,"column":6},"end":{"line":657,"column":null}},"375":{"start":{"line":657,"column":21},"end":{"line":657,"column":null}},"376":{"start":{"line":659,"column":27},"end":{"line":659,"column":null}},"377":{"start":{"line":660,"column":24},"end":{"line":660,"column":null}},"378":{"start":{"line":660,"column":86},"end":{"line":660,"column":90}},"379":{"start":{"line":661,"column":6},"end":{"line":661,"column":null}},"380":{"start":{"line":663,"column":6},"end":{"line":663,"column":null}},"381":{"start":{"line":667,"column":2},"end":{"line":667,"column":null}}},"fnMap":{"0":{"name":"(anonymous_0)","decl":{"start":{"line":21,"column":17},"end":{"line":21,"column":18}},"loc":{"start":{"line":21,"column":38},"end":{"line":25,"column":null}},"line":21},"1":{"name":"(anonymous_1)","decl":{"start":{"line":26,"column":14},"end":{"line":26,"column":15}},"loc":{"start":{"line":26,"column":34},"end":{"line":29,"column":null}},"line":26},"2":{"name":"(anonymous_2)","decl":{"start":{"line":32,"column":14},"end":{"line":32,"column":15}},"loc":{"start":{"line":32,"column":34},"end":{"line":38,"column":null}},"line":32},"3":{"name":"getGeminiModel","decl":{"start":{"line":43,"column":9},"end":{"line":43,"column":26}},"loc":{"start":{"line":43,"column":26},"end":{"line":48,"column":null}},"line":43},"4":{"name":"getJwtSecret","decl":{"start":{"line":53,"column":9},"end":{"line":53,"column":32}},"loc":{"start":{"line":53,"column":32},"end":{"line":57,"column":null}},"line":53},"5":{"name":"getAdminPassword","decl":{"start":{"line":59,"column":9},"end":{"line":59,"column":36}},"loc":{"start":{"line":59,"column":36},"end":{"line":63,"column":null}},"line":59},"6":{"name":"parseCookies","decl":{"start":{"line":65,"column":9},"end":{"line":65,"column":22}},"loc":{"start":{"line":65,"column":36},"end":{"line":76,"column":null}},"line":65},"7":{"name":"(anonymous_7)","decl":{"start":{"line":68,"column":55},"end":{"line":68,"column":56}},"loc":{"start":{"line":68,"column":70},"end":{"line":75,"column":5}},"line":68},"8":{"name":"getAdminSessionToken","decl":{"start":{"line":78,"column":9},"end":{"line":78,"column":30}},"loc":{"start":{"line":78,"column":44},"end":{"line":80,"column":null}},"line":78},"9":{"name":"requireAdmin","decl":{"start":{"line":82,"column":9},"end":{"line":82,"column":22}},"loc":{"start":{"line":82,"column":71},"end":{"line":93,"column":null}},"line":82},"10":{"name":"extractJsonArray","decl":{"start":{"line":104,"column":9},"end":{"line":104,"column":26}},"loc":{"start":{"line":104,"column":54},"end":{"line":126,"column":null}},"line":104},"11":{"name":"registerRoutes","decl":{"start":{"line":128,"column":22},"end":{"line":128,"column":37}},"loc":{"start":{"line":128,"column":88},"end":{"line":668,"column":null}},"line":128},"12":{"name":"(anonymous_12)","decl":{"start":{"line":129,"column":45},"end":{"line":129,"column":52}},"loc":{"start":{"line":129,"column":65},"end":{"line":143,"column":3}},"line":129},"13":{"name":"(anonymous_13)","decl":{"start":{"line":145,"column":32},"end":{"line":145,"column":39}},"loc":{"start":{"line":145,"column":52},"end":{"line":154,"column":3}},"line":145},"14":{"name":"(anonymous_14)","decl":{"start":{"line":156,"column":32},"end":{"line":156,"column":39}},"loc":{"start":{"line":156,"column":52},"end":{"line":159,"column":3}},"line":156},"15":{"name":"(anonymous_15)","decl":{"start":{"line":162,"column":26},"end":{"line":162,"column":33}},"loc":{"start":{"line":162,"column":47},"end":{"line":165,"column":3}},"line":162},"16":{"name":"(anonymous_16)","decl":{"start":{"line":167,"column":30},"end":{"line":167,"column":37}},"loc":{"start":{"line":167,"column":50},"end":{"line":171,"column":3}},"line":167},"17":{"name":"(anonymous_17)","decl":{"start":{"line":173,"column":40},"end":{"line":173,"column":47}},"loc":{"start":{"line":173,"column":60},"end":{"line":180,"column":3}},"line":173},"18":{"name":"(anonymous_18)","decl":{"start":{"line":178,"column":29},"end":{"line":178,"column":30}},"loc":{"start":{"line":178,"column":61},"end":{"line":178,"column":65}},"line":178},"19":{"name":"(anonymous_19)","decl":{"start":{"line":182,"column":28},"end":{"line":182,"column":35}},"loc":{"start":{"line":182,"column":48},"end":{"line":187,"column":3}},"line":182},"20":{"name":"(anonymous_20)","decl":{"start":{"line":189,"column":36},"end":{"line":189,"column":43}},"loc":{"start":{"line":189,"column":56},"end":{"line":202,"column":3}},"line":189},"21":{"name":"(anonymous_21)","decl":{"start":{"line":204,"column":31},"end":{"line":204,"column":38}},"loc":{"start":{"line":204,"column":51},"end":{"line":251,"column":3}},"line":204},"22":{"name":"(anonymous_22)","decl":{"start":{"line":253,"column":32},"end":{"line":253,"column":39}},"loc":{"start":{"line":253,"column":53},"end":{"line":256,"column":3}},"line":253},"23":{"name":"(anonymous_23)","decl":{"start":{"line":258,"column":36},"end":{"line":258,"column":43}},"loc":{"start":{"line":258,"column":56},"end":{"line":263,"column":3}},"line":258},"24":{"name":"(anonymous_24)","decl":{"start":{"line":265,"column":33},"end":{"line":265,"column":40}},"loc":{"start":{"line":265,"column":53},"end":{"line":279,"column":3}},"line":265},"25":{"name":"(anonymous_25)","decl":{"start":{"line":281,"column":50},"end":{"line":281,"column":57}},"loc":{"start":{"line":281,"column":70},"end":{"line":297,"column":3}},"line":281},"26":{"name":"(anonymous_26)","decl":{"start":{"line":299,"column":39},"end":{"line":299,"column":46}},"loc":{"start":{"line":299,"column":59},"end":{"line":302,"column":3}},"line":299},"27":{"name":"(anonymous_27)","decl":{"start":{"line":304,"column":46},"end":{"line":304,"column":53}},"loc":{"start":{"line":304,"column":66},"end":{"line":307,"column":3}},"line":304},"28":{"name":"(anonymous_28)","decl":{"start":{"line":309,"column":47},"end":{"line":309,"column":54}},"loc":{"start":{"line":309,"column":67},"end":{"line":331,"column":3}},"line":309},"29":{"name":"(anonymous_29)","decl":{"start":{"line":320,"column":37},"end":{"line":320,"column":38}},"loc":{"start":{"line":320,"column":45},"end":{"line":327,"column":6}},"line":320},"30":{"name":"(anonymous_30)","decl":{"start":{"line":333,"column":41},"end":{"line":333,"column":48}},"loc":{"start":{"line":333,"column":61},"end":{"line":336,"column":3}},"line":333},"31":{"name":"(anonymous_31)","decl":{"start":{"line":338,"column":48},"end":{"line":338,"column":55}},"loc":{"start":{"line":338,"column":68},"end":{"line":341,"column":3}},"line":338},"32":{"name":"(anonymous_32)","decl":{"start":{"line":343,"column":43},"end":{"line":343,"column":50}},"loc":{"start":{"line":343,"column":63},"end":{"line":346,"column":3}},"line":343},"33":{"name":"(anonymous_33)","decl":{"start":{"line":348,"column":51},"end":{"line":348,"column":58}},"loc":{"start":{"line":348,"column":71},"end":{"line":351,"column":3}},"line":348},"34":{"name":"(anonymous_34)","decl":{"start":{"line":353,"column":77},"end":{"line":353,"column":84}},"loc":{"start":{"line":353,"column":97},"end":{"line":476,"column":3}},"line":353},"35":{"name":"(anonymous_35)","decl":{"start":{"line":363,"column":22},"end":{"line":363,"column":23}},"loc":{"start":{"line":363,"column":52},"end":{"line":365,"column":null}},"line":363},"36":{"name":"(anonymous_36)","decl":{"start":{"line":367,"column":34},"end":{"line":367,"column":40}},"loc":{"start":{"line":367,"column":40},"end":{"line":367,"column":70}},"line":367},"37":{"name":"(anonymous_37)","decl":{"start":{"line":369,"column":20},"end":{"line":369,"column":26}},"loc":{"start":{"line":369,"column":26},"end":{"line":372,"column":5}},"line":369},"38":{"name":"(anonymous_38)","decl":{"start":{"line":478,"column":38},"end":{"line":478,"column":45}},"loc":{"start":{"line":478,"column":58},"end":{"line":491,"column":3}},"line":478},"39":{"name":"(anonymous_39)","decl":{"start":{"line":493,"column":49},"end":{"line":493,"column":56}},"loc":{"start":{"line":493,"column":69},"end":{"line":538,"column":3}},"line":493},"40":{"name":"(anonymous_40)","decl":{"start":{"line":501,"column":72},"end":{"line":501,"column":73}},"loc":{"start":{"line":501,"column":106},"end":{"line":512,"column":7}},"line":501},"41":{"name":"(anonymous_41)","decl":{"start":{"line":502,"column":40},"end":{"line":502,"column":41}},"loc":{"start":{"line":502,"column":52},"end":{"line":502,"column":72}},"line":502},"42":{"name":"(anonymous_42)","decl":{"start":{"line":540,"column":47},"end":{"line":540,"column":54}},"loc":{"start":{"line":540,"column":67},"end":{"line":566,"column":3}},"line":540},"43":{"name":"(anonymous_43)","decl":{"start":{"line":548,"column":38},"end":{"line":548,"column":39}},"loc":{"start":{"line":548,"column":46},"end":{"line":553,"column":8}},"line":548},"44":{"name":"(anonymous_44)","decl":{"start":{"line":568,"column":46},"end":{"line":568,"column":47}},"loc":{"start":{"line":568,"column":60},"end":{"line":580,"column":3}},"line":568},"45":{"name":"(anonymous_45)","decl":{"start":{"line":569,"column":37},"end":{"line":569,"column":38}},"loc":{"start":{"line":569,"column":51},"end":{"line":579,"column":5}},"line":569},"46":{"name":"(anonymous_46)","decl":{"start":{"line":588,"column":47},"end":{"line":588,"column":54}},"loc":{"start":{"line":588,"column":67},"end":{"line":630,"column":3}},"line":588},"47":{"name":"(anonymous_47)","decl":{"start":{"line":608,"column":29},"end":{"line":608,"column":30}},"loc":{"start":{"line":608,"column":37},"end":{"line":615,"column":10}},"line":608},"48":{"name":"(anonymous_48)","decl":{"start":{"line":632,"column":31},"end":{"line":632,"column":38}},"loc":{"start":{"line":632,"column":52},"end":{"line":639,"column":3}},"line":632},"49":{"name":"(anonymous_49)","decl":{"start":{"line":641,"column":35},"end":{"line":641,"column":42}},"loc":{"start":{"line":641,"column":55},"end":{"line":652,"column":3}},"line":641},"50":{"name":"(anonymous_50)","decl":{"start":{"line":654,"column":45},"end":{"line":654,"column":52}},"loc":{"start":{"line":654,"column":65},"end":{"line":665,"column":3}},"line":654},"51":{"name":"(anonymous_51)","decl":{"start":{"line":660,"column":41},"end":{"line":660,"column":42}},"loc":{"start":{"line":660,"column":86},"end":{"line":660,"column":90}},"line":660}},"branchMap":{"0":{"loc":{"start":{"line":23,"column":6},"end":{"line":23,"column":null}},"type":"if","locations":[{"start":{"line":23,"column":6},"end":{"line":23,"column":null}},{"start":{},"end":{}}],"line":23},"1":{"loc":{"start":{"line":33,"column":4},"end":{"line":36,"column":null}},"type":"if","locations":[{"start":{"line":33,"column":4},"end":{"line":36,"column":null}},{"start":{},"end":{}}],"line":33},"2":{"loc":{"start":{"line":45,"column":2},"end":{"line":45,"column":null}},"type":"if","locations":[{"start":{"line":45,"column":2},"end":{"line":45,"column":null}},{"start":{},"end":{}}],"line":45},"3":{"loc":{"start":{"line":55,"column":2},"end":{"line":55,"column":null}},"type":"if","locations":[{"start":{"line":55,"column":2},"end":{"line":55,"column":null}},{"start":{},"end":{}}],"line":55},"4":{"loc":{"start":{"line":61,"column":2},"end":{"line":61,"column":null}},"type":"if","locations":[{"start":{"line":61,"column":2},"end":{"line":61,"column":null}},{"start":{},"end":{}}],"line":61},"5":{"loc":{"start":{"line":67,"column":2},"end":{"line":67,"column":null}},"type":"if","locations":[{"start":{"line":67,"column":2},"end":{"line":67,"column":null}},{"start":{},"end":{}}],"line":67},"6":{"loc":{"start":{"line":70,"column":4},"end":{"line":70,"column":null}},"type":"if","locations":[{"start":{"line":70,"column":4},"end":{"line":70,"column":null}},{"start":{},"end":{}}],"line":70},"7":{"loc":{"start":{"line":79,"column":9},"end":{"line":79,"column":null}},"type":"binary-expr","locations":[{"start":{"line":79,"column":9},"end":{"line":79,"column":49}},{"start":{"line":79,"column":49},"end":{"line":79,"column":null}}],"line":79},"8":{"loc":{"start":{"line":84,"column":2},"end":{"line":86,"column":null}},"type":"if","locations":[{"start":{"line":84,"column":2},"end":{"line":86,"column":null}},{"start":{},"end":{}}],"line":84},"9":{"loc":{"start":{"line":111,"column":4},"end":{"line":111,"column":null}},"type":"if","locations":[{"start":{"line":111,"column":4},"end":{"line":111,"column":null}},{"start":{},"end":{}}],"line":111},"10":{"loc":{"start":{"line":112,"column":4},"end":{"line":114,"column":null}},"type":"if","locations":[{"start":{"line":112,"column":4},"end":{"line":114,"column":null}},{"start":{},"end":{}}],"line":112},"11":{"loc":{"start":{"line":112,"column":8},"end":{"line":112,"column":80}},"type":"binary-expr","locations":[{"start":{"line":112,"column":8},"end":{"line":112,"column":18}},{"start":{"line":112,"column":18},"end":{"line":112,"column":80}}],"line":112},"12":{"loc":{"start":{"line":118,"column":4},"end":{"line":118,"column":null}},"type":"if","locations":[{"start":{"line":118,"column":4},"end":{"line":118,"column":null}},{"start":{},"end":{}}],"line":118},"13":{"loc":{"start":{"line":121,"column":13},"end":{"line":121,"column":null}},"type":"cond-expr","locations":[{"start":{"line":121,"column":37},"end":{"line":121,"column":46}},{"start":{"line":121,"column":46},"end":{"line":121,"column":null}}],"line":121},"14":{"loc":{"start":{"line":131,"column":4},"end":{"line":133,"column":null}},"type":"if","locations":[{"start":{"line":131,"column":4},"end":{"line":133,"column":null}},{"start":{},"end":{}}],"line":131},"15":{"loc":{"start":{"line":131,"column":15},"end":{"line":131,"column":29}},"type":"binary-expr","locations":[{"start":{"line":131,"column":15},"end":{"line":131,"column":27}},{"start":{"line":131,"column":27},"end":{"line":131,"column":29}}],"line":131},"16":{"loc":{"start":{"line":147,"column":4},"end":{"line":147,"column":null}},"type":"if","locations":[{"start":{"line":147,"column":4},"end":{"line":147,"column":null}},{"start":{},"end":{}}],"line":147},"17":{"loc":{"start":{"line":169,"column":4},"end":{"line":169,"column":null}},"type":"if","locations":[{"start":{"line":169,"column":4},"end":{"line":169,"column":null}},{"start":{},"end":{}}],"line":169},"18":{"loc":{"start":{"line":176,"column":4},"end":{"line":176,"column":null}},"type":"if","locations":[{"start":{"line":176,"column":4},"end":{"line":176,"column":null}},{"start":{},"end":{}}],"line":176},"19":{"loc":{"start":{"line":184,"column":4},"end":{"line":184,"column":null}},"type":"if","locations":[{"start":{"line":184,"column":4},"end":{"line":184,"column":null}},{"start":{},"end":{}}],"line":184},"20":{"loc":{"start":{"line":184,"column":8},"end":{"line":184,"column":33}},"type":"binary-expr","locations":[{"start":{"line":184,"column":8},"end":{"line":184,"column":22}},{"start":{"line":184,"column":22},"end":{"line":184,"column":33}}],"line":184},"21":{"loc":{"start":{"line":191,"column":4},"end":{"line":193,"column":null}},"type":"if","locations":[{"start":{"line":191,"column":4},"end":{"line":193,"column":null}},{"start":{},"end":{}}],"line":191},"22":{"loc":{"start":{"line":191,"column":8},"end":{"line":191,"column":44}},"type":"binary-expr","locations":[{"start":{"line":191,"column":8},"end":{"line":191,"column":19}},{"start":{"line":191,"column":19},"end":{"line":191,"column":33}},{"start":{"line":191,"column":33},"end":{"line":191,"column":44}}],"line":191},"23":{"loc":{"start":{"line":195,"column":4},"end":{"line":195,"column":null}},"type":"if","locations":[{"start":{"line":195,"column":4},"end":{"line":195,"column":null}},{"start":{},"end":{}}],"line":195},"24":{"loc":{"start":{"line":197,"column":4},"end":{"line":200,"column":null}},"type":"if","locations":[{"start":{"line":197,"column":4},"end":{"line":200,"column":null}},{"start":{},"end":{}}],"line":197},"25":{"loc":{"start":{"line":199,"column":56},"end":{"line":199,"column":85}},"type":"binary-expr","locations":[{"start":{"line":199,"column":56},"end":{"line":199,"column":82}},{"start":{"line":199,"column":82},"end":{"line":199,"column":85}}],"line":199},"26":{"loc":{"start":{"line":199,"column":103},"end":{"line":199,"column":137}},"type":"binary-expr","locations":[{"start":{"line":199,"column":103},"end":{"line":199,"column":135}},{"start":{"line":199,"column":135},"end":{"line":199,"column":137}}],"line":199},"27":{"loc":{"start":{"line":206,"column":4},"end":{"line":206,"column":null}},"type":"if","locations":[{"start":{"line":206,"column":4},"end":{"line":206,"column":null}},{"start":{},"end":{}}],"line":206},"28":{"loc":{"start":{"line":206,"column":8},"end":{"line":206,"column":31}},"type":"binary-expr","locations":[{"start":{"line":206,"column":8},"end":{"line":206,"column":22}},{"start":{"line":206,"column":22},"end":{"line":206,"column":31}}],"line":206},"29":{"loc":{"start":{"line":207,"column":4},"end":{"line":209,"column":null}},"type":"if","locations":[{"start":{"line":207,"column":4},"end":{"line":209,"column":null}},{"start":{},"end":{}}],"line":207},"30":{"loc":{"start":{"line":207,"column":8},"end":{"line":207,"column":70}},"type":"binary-expr","locations":[{"start":{"line":207,"column":8},"end":{"line":207,"column":41}},{"start":{"line":207,"column":41},"end":{"line":207,"column":70}}],"line":207},"31":{"loc":{"start":{"line":212,"column":4},"end":{"line":212,"column":null}},"type":"if","locations":[{"start":{"line":212,"column":4},"end":{"line":212,"column":null}},{"start":{},"end":{}}],"line":212},"32":{"loc":{"start":{"line":215,"column":4},"end":{"line":217,"column":null}},"type":"if","locations":[{"start":{"line":215,"column":4},"end":{"line":217,"column":null}},{"start":{},"end":{}}],"line":215},"33":{"loc":{"start":{"line":220,"column":4},"end":{"line":222,"column":null}},"type":"if","locations":[{"start":{"line":220,"column":4},"end":{"line":222,"column":null}},{"start":{},"end":{}}],"line":220},"34":{"loc":{"start":{"line":231,"column":28},"end":{"line":231,"column":null}},"type":"binary-expr","locations":[{"start":{"line":231,"column":28},"end":{"line":231,"column":47}},{"start":{"line":231,"column":47},"end":{"line":231,"column":null}}],"line":231},"35":{"loc":{"start":{"line":233,"column":26},"end":{"line":233,"column":null}},"type":"cond-expr","locations":[{"start":{"line":233,"column":38},"end":{"line":233,"column":53}},{"start":{"line":233,"column":53},"end":{"line":233,"column":null}}],"line":233},"36":{"loc":{"start":{"line":260,"column":4},"end":{"line":260,"column":null}},"type":"if","locations":[{"start":{"line":260,"column":4},"end":{"line":260,"column":null}},{"start":{},"end":{}}],"line":260},"37":{"loc":{"start":{"line":267,"column":4},"end":{"line":269,"column":null}},"type":"if","locations":[{"start":{"line":267,"column":4},"end":{"line":269,"column":null}},{"start":{},"end":{}}],"line":267},"38":{"loc":{"start":{"line":267,"column":8},"end":{"line":267,"column":49}},"type":"binary-expr","locations":[{"start":{"line":267,"column":8},"end":{"line":267,"column":18}},{"start":{"line":267,"column":18},"end":{"line":267,"column":39}},{"start":{"line":267,"column":39},"end":{"line":267,"column":49}}],"line":267},"39":{"loc":{"start":{"line":274,"column":16},"end":{"line":274,"column":null}},"type":"binary-expr","locations":[{"start":{"line":274,"column":16},"end":{"line":274,"column":28}},{"start":{"line":274,"column":28},"end":{"line":274,"column":null}}],"line":274},"40":{"loc":{"start":{"line":275,"column":13},"end":{"line":275,"column":null}},"type":"binary-expr","locations":[{"start":{"line":275,"column":13},"end":{"line":275,"column":22}},{"start":{"line":275,"column":22},"end":{"line":275,"column":null}}],"line":275},"41":{"loc":{"start":{"line":276,"column":15},"end":{"line":276,"column":null}},"type":"binary-expr","locations":[{"start":{"line":276,"column":15},"end":{"line":276,"column":26}},{"start":{"line":276,"column":26},"end":{"line":276,"column":null}}],"line":276},"42":{"loc":{"start":{"line":284,"column":4},"end":{"line":284,"column":null}},"type":"if","locations":[{"start":{"line":284,"column":4},"end":{"line":284,"column":null}},{"start":{},"end":{}}],"line":284},"43":{"loc":{"start":{"line":288,"column":4},"end":{"line":288,"column":null}},"type":"if","locations":[{"start":{"line":288,"column":4},"end":{"line":288,"column":null}},{"start":{},"end":{}}],"line":288},"44":{"loc":{"start":{"line":289,"column":4},"end":{"line":289,"column":null}},"type":"if","locations":[{"start":{"line":289,"column":4},"end":{"line":289,"column":null}},{"start":{},"end":{}}],"line":289},"45":{"loc":{"start":{"line":290,"column":4},"end":{"line":290,"column":null}},"type":"if","locations":[{"start":{"line":290,"column":4},"end":{"line":290,"column":null}},{"start":{},"end":{}}],"line":290},"46":{"loc":{"start":{"line":291,"column":4},"end":{"line":291,"column":null}},"type":"if","locations":[{"start":{"line":291,"column":4},"end":{"line":291,"column":null}},{"start":{},"end":{}}],"line":291},"47":{"loc":{"start":{"line":291,"column":51},"end":{"line":291,"column":null}},"type":"binary-expr","locations":[{"start":{"line":291,"column":51},"end":{"line":291,"column":63}},{"start":{"line":291,"column":63},"end":{"line":291,"column":null}}],"line":291},"48":{"loc":{"start":{"line":292,"column":4},"end":{"line":292,"column":null}},"type":"if","locations":[{"start":{"line":292,"column":4},"end":{"line":292,"column":null}},{"start":{},"end":{}}],"line":292},"49":{"loc":{"start":{"line":292,"column":45},"end":{"line":292,"column":null}},"type":"binary-expr","locations":[{"start":{"line":292,"column":45},"end":{"line":292,"column":54}},{"start":{"line":292,"column":54},"end":{"line":292,"column":null}}],"line":292},"50":{"loc":{"start":{"line":293,"column":4},"end":{"line":293,"column":null}},"type":"if","locations":[{"start":{"line":293,"column":4},"end":{"line":293,"column":null}},{"start":{},"end":{}}],"line":293},"51":{"loc":{"start":{"line":293,"column":49},"end":{"line":293,"column":null}},"type":"binary-expr","locations":[{"start":{"line":293,"column":49},"end":{"line":293,"column":60}},{"start":{"line":293,"column":60},"end":{"line":293,"column":null}}],"line":293},"52":{"loc":{"start":{"line":312,"column":4},"end":{"line":312,"column":null}},"type":"if","locations":[{"start":{"line":312,"column":4},"end":{"line":312,"column":null}},{"start":{},"end":{}}],"line":312},"53":{"loc":{"start":{"line":316,"column":4},"end":{"line":318,"column":null}},"type":"if","locations":[{"start":{"line":316,"column":4},"end":{"line":318,"column":null}},{"start":{},"end":{}}],"line":316},"54":{"loc":{"start":{"line":323,"column":16},"end":{"line":323,"column":null}},"type":"binary-expr","locations":[{"start":{"line":323,"column":16},"end":{"line":323,"column":31}},{"start":{"line":323,"column":31},"end":{"line":323,"column":null}}],"line":323},"55":{"loc":{"start":{"line":375,"column":6},"end":{"line":380,"column":null}},"type":"if","locations":[{"start":{"line":375,"column":6},"end":{"line":380,"column":null}},{"start":{},"end":{}}],"line":375},"56":{"loc":{"start":{"line":392,"column":6},"end":{"line":397,"column":null}},"type":"if","locations":[{"start":{"line":392,"column":6},"end":{"line":397,"column":null}},{"start":{},"end":{}}],"line":392},"57":{"loc":{"start":{"line":392,"column":10},"end":{"line":392,"column":62}},"type":"binary-expr","locations":[{"start":{"line":392,"column":10},"end":{"line":392,"column":28}},{"start":{"line":392,"column":28},"end":{"line":392,"column":62}}],"line":392},"58":{"loc":{"start":{"line":399,"column":6},"end":{"line":399,"column":null}},"type":"if","locations":[{"start":{"line":399,"column":6},"end":{"line":399,"column":null}},{"start":{},"end":{}}],"line":399},"59":{"loc":{"start":{"line":407,"column":6},"end":{"line":412,"column":null}},"type":"if","locations":[{"start":{"line":407,"column":6},"end":{"line":412,"column":null}},{"start":{},"end":{}}],"line":407},"60":{"loc":{"start":{"line":407,"column":10},"end":{"line":407,"column":56}},"type":"binary-expr","locations":[{"start":{"line":407,"column":10},"end":{"line":407,"column":25}},{"start":{"line":407,"column":25},"end":{"line":407,"column":56}}],"line":407},"61":{"loc":{"start":{"line":414,"column":6},"end":{"line":414,"column":null}},"type":"if","locations":[{"start":{"line":414,"column":6},"end":{"line":414,"column":null}},{"start":{},"end":{}}],"line":414},"62":{"loc":{"start":{"line":422,"column":6},"end":{"line":427,"column":null}},"type":"if","locations":[{"start":{"line":422,"column":6},"end":{"line":427,"column":null}},{"start":{},"end":{}}],"line":422},"63":{"loc":{"start":{"line":422,"column":10},"end":{"line":422,"column":62}},"type":"binary-expr","locations":[{"start":{"line":422,"column":10},"end":{"line":422,"column":28}},{"start":{"line":422,"column":28},"end":{"line":422,"column":62}}],"line":422},"64":{"loc":{"start":{"line":429,"column":6},"end":{"line":429,"column":null}},"type":"if","locations":[{"start":{"line":429,"column":6},"end":{"line":429,"column":null}},{"start":{},"end":{}}],"line":429},"65":{"loc":{"start":{"line":458,"column":6},"end":{"line":464,"column":null}},"type":"if","locations":[{"start":{"line":458,"column":6},"end":{"line":464,"column":null}},{"start":{},"end":{}}],"line":458},"66":{"loc":{"start":{"line":458,"column":10},"end":{"line":458,"column":48}},"type":"binary-expr","locations":[{"start":{"line":458,"column":10},"end":{"line":458,"column":24}},{"start":{"line":458,"column":24},"end":{"line":458,"column":48}}],"line":458},"67":{"loc":{"start":{"line":481,"column":6},"end":{"line":481,"column":null}},"type":"if","locations":[{"start":{"line":481,"column":6},"end":{"line":481,"column":null}},{"start":{},"end":{}}],"line":481},"68":{"loc":{"start":{"line":486,"column":21},"end":{"line":486,"column":null}},"type":"binary-expr","locations":[{"start":{"line":486,"column":21},"end":{"line":486,"column":47}},{"start":{"line":486,"column":47},"end":{"line":486,"column":null}}],"line":486},"69":{"loc":{"start":{"line":496,"column":6},"end":{"line":498,"column":null}},"type":"if","locations":[{"start":{"line":496,"column":6},"end":{"line":498,"column":null}},{"start":{},"end":{}}],"line":496},"70":{"loc":{"start":{"line":496,"column":10},"end":{"line":496,"column":37}},"type":"binary-expr","locations":[{"start":{"line":496,"column":10},"end":{"line":496,"column":25}},{"start":{"line":496,"column":25},"end":{"line":496,"column":37}}],"line":496},"71":{"loc":{"start":{"line":505,"column":26},"end":{"line":505,"column":null}},"type":"binary-expr","locations":[{"start":{"line":505,"column":26},"end":{"line":505,"column":53}},{"start":{"line":505,"column":53},"end":{"line":505,"column":null}}],"line":505},"72":{"loc":{"start":{"line":506,"column":20},"end":{"line":506,"column":null}},"type":"binary-expr","locations":[{"start":{"line":506,"column":20},"end":{"line":506,"column":44}},{"start":{"line":506,"column":44},"end":{"line":506,"column":null}}],"line":506},"73":{"loc":{"start":{"line":507,"column":25},"end":{"line":507,"column":null}},"type":"binary-expr","locations":[{"start":{"line":507,"column":25},"end":{"line":507,"column":42}},{"start":{"line":507,"column":42},"end":{"line":507,"column":null}}],"line":507},"74":{"loc":{"start":{"line":510,"column":22},"end":{"line":510,"column":null}},"type":"binary-expr","locations":[{"start":{"line":510,"column":22},"end":{"line":510,"column":46}},{"start":{"line":510,"column":46},"end":{"line":510,"column":null}}],"line":510},"75":{"loc":{"start":{"line":543,"column":6},"end":{"line":543,"column":null}},"type":"if","locations":[{"start":{"line":543,"column":6},"end":{"line":543,"column":null}},{"start":{},"end":{}}],"line":543},"76":{"loc":{"start":{"line":570,"column":6},"end":{"line":575,"column":null}},"type":"if","locations":[{"start":{"line":570,"column":6},"end":{"line":575,"column":null}},{"start":{},"end":{}}],"line":570},"77":{"loc":{"start":{"line":571,"column":8},"end":{"line":573,"column":null}},"type":"if","locations":[{"start":{"line":571,"column":8},"end":{"line":573,"column":null}},{"start":{},"end":{}}],"line":571},"78":{"loc":{"start":{"line":574,"column":47},"end":{"line":574,"column":85}},"type":"binary-expr","locations":[{"start":{"line":574,"column":47},"end":{"line":574,"column":62}},{"start":{"line":574,"column":62},"end":{"line":574,"column":85}}],"line":574},"79":{"loc":{"start":{"line":576,"column":6},"end":{"line":576,"column":null}},"type":"if","locations":[{"start":{"line":576,"column":6},"end":{"line":576,"column":null}},{"start":{},"end":{}}],"line":576},"80":{"loc":{"start":{"line":591,"column":6},"end":{"line":593,"column":null}},"type":"if","locations":[{"start":{"line":591,"column":6},"end":{"line":593,"column":null}},{"start":{},"end":{}}],"line":591},"81":{"loc":{"start":{"line":592,"column":47},"end":{"line":592,"column":98}},"type":"binary-expr","locations":[{"start":{"line":592,"column":47},"end":{"line":592,"column":82}},{"start":{"line":592,"column":82},"end":{"line":592,"column":98}}],"line":592},"82":{"loc":{"start":{"line":596,"column":24},"end":{"line":596,"column":null}},"type":"binary-expr","locations":[{"start":{"line":596,"column":24},"end":{"line":596,"column":33}},{"start":{"line":596,"column":33},"end":{"line":596,"column":null}}],"line":596},"83":{"loc":{"start":{"line":603,"column":27},"end":{"line":603,"column":null}},"type":"binary-expr","locations":[{"start":{"line":603,"column":27},"end":{"line":603,"column":48}},{"start":{"line":603,"column":48},"end":{"line":603,"column":null}}],"line":603},"84":{"loc":{"start":{"line":613,"column":23},"end":{"line":613,"column":null}},"type":"binary-expr","locations":[{"start":{"line":613,"column":23},"end":{"line":613,"column":40}},{"start":{"line":613,"column":40},"end":{"line":613,"column":null}}],"line":613},"85":{"loc":{"start":{"line":644,"column":6},"end":{"line":644,"column":null}},"type":"if","locations":[{"start":{"line":644,"column":6},"end":{"line":644,"column":null}},{"start":{},"end":{}}],"line":644},"86":{"loc":{"start":{"line":647,"column":6},"end":{"line":647,"column":null}},"type":"if","locations":[{"start":{"line":647,"column":6},"end":{"line":647,"column":null}},{"start":{},"end":{}}],"line":647},"87":{"loc":{"start":{"line":657,"column":6},"end":{"line":657,"column":null}},"type":"if","locations":[{"start":{"line":657,"column":6},"end":{"line":657,"column":null}},{"start":{},"end":{}}],"line":657}},"s":{"0":1,"1":1,"2":0,"3":0,"4":0,"5":0,"6":0,"7":0,"8":0,"9":0,"10":0,"11":0,"12":1,"13":0,"14":0,"15":0,"16":0,"17":0,"18":1,"19":68,"20":68,"21":0,"22":68,"23":24,"24":24,"25":0,"26":24,"27":53,"28":53,"29":6,"30":47,"31":47,"32":47,"33":0,"34":47,"35":47,"36":47,"37":47,"38":53,"39":50,"40":50,"41":5,"42":45,"43":45,"44":45,"45":0,"46":1,"47":1,"48":1,"49":1,"50":1,"51":0,"52":0,"53":0,"54":0,"55":1,"56":1,"57":1,"58":0,"59":0,"60":0,"61":0,"62":1,"63":24,"64":24,"65":3,"66":21,"67":21,"68":21,"69":1,"70":3,"71":3,"72":1,"73":2,"74":2,"75":2,"76":1,"77":1,"78":1,"79":1,"80":1,"81":1,"82":1,"83":1,"84":1,"85":5,"86":5,"87":3,"88":2,"89":1,"90":4,"91":4,"92":4,"93":1,"94":3,"95":3,"96":4,"97":3,"98":1,"99":11,"100":11,"101":3,"102":8,"103":8,"104":1,"105":4,"106":4,"107":2,"108":2,"109":2,"110":2,"111":1,"112":1,"113":0,"114":0,"115":1,"116":1,"117":9,"118":9,"119":2,"120":7,"121":1,"122":6,"123":6,"124":1,"125":5,"126":5,"127":1,"128":4,"129":4,"130":4,"131":1,"132":3,"133":3,"134":3,"135":3,"136":3,"137":6,"138":6,"139":6,"140":6,"141":6,"142":6,"143":3,"144":3,"145":1,"146":1,"147":1,"148":1,"149":0,"150":0,"151":0,"152":0,"153":0,"154":1,"155":16,"156":16,"157":3,"158":13,"159":13,"160":1,"161":0,"162":0,"163":0,"164":0,"165":0,"166":0,"167":0,"168":0,"169":0,"170":0,"171":0,"172":0,"173":0,"174":0,"175":0,"176":0,"177":0,"178":0,"179":0,"180":0,"181":1,"182":1,"183":1,"184":1,"185":1,"186":1,"187":1,"188":8,"189":8,"190":8,"191":1,"192":7,"193":7,"194":7,"195":1,"196":6,"197":10,"198":6,"199":6,"200":1,"201":1,"202":1,"203":1,"204":1,"205":1,"206":1,"207":0,"208":0,"209":1,"210":1,"211":1,"212":1,"213":0,"214":0,"215":0,"216":0,"217":0,"218":0,"219":0,"220":0,"221":0,"222":0,"223":0,"224":0,"225":0,"226":0,"227":0,"228":0,"229":0,"230":0,"231":0,"232":0,"233":0,"234":0,"235":0,"236":0,"237":0,"238":0,"239":0,"240":0,"241":0,"242":0,"243":0,"244":0,"245":0,"246":0,"247":0,"248":0,"249":0,"250":0,"251":0,"252":0,"253":0,"254":0,"255":0,"256":0,"257":0,"258":0,"259":0,"260":0,"261":0,"262":0,"263":0,"264":0,"265":0,"266":0,"267":0,"268":0,"269":0,"270":0,"271":0,"272":0,"273":0,"274":0,"275":0,"276":0,"277":0,"278":0,"279":0,"280":0,"281":0,"282":0,"283":0,"284":0,"285":0,"286":0,"287":1,"288":2,"289":2,"290":2,"291":1,"292":1,"293":1,"294":1,"295":2,"296":0,"297":1,"298":3,"299":3,"300":3,"301":2,"302":1,"303":1,"304":2,"305":3,"306":2,"307":2,"308":1,"309":1,"310":1,"311":1,"312":1,"313":1,"314":0,"315":1,"316":2,"317":2,"318":2,"319":1,"320":1,"321":1,"322":1,"323":0,"324":1,"325":1,"326":1,"327":1,"328":1,"329":1,"330":0,"331":1,"332":0,"333":0,"334":0,"335":0,"336":0,"337":0,"338":0,"339":0,"340":0,"341":1,"342":1,"343":8,"344":8,"345":8,"346":2,"347":6,"348":6,"349":8,"350":6,"351":6,"352":6,"353":6,"354":0,"355":0,"356":1,"357":1,"358":1,"359":1,"360":0,"361":1,"362":3,"363":3,"364":3,"365":1,"366":2,"367":2,"368":1,"369":1,"370":0,"371":1,"372":3,"373":3,"374":3,"375":1,"376":2,"377":2,"378":1,"379":2,"380":0,"381":1},"f":{"0":0,"1":0,"2":0,"3":0,"4":68,"5":24,"6":53,"7":47,"8":53,"9":50,"10":1,"11":1,"12":24,"13":3,"14":1,"15":1,"16":5,"17":4,"18":4,"19":11,"20":4,"21":9,"22":1,"23":0,"24":16,"25":0,"26":1,"27":1,"28":8,"29":10,"30":1,"31":1,"32":0,"33":1,"34":0,"35":0,"36":0,"37":0,"38":2,"39":3,"40":2,"41":3,"42":2,"43":0,"44":0,"45":0,"46":8,"47":6,"48":1,"49":3,"50":3,"51":1},"b":{"0":[0,0],"1":[0,0],"2":[0,0],"3":[0,68],"4":[0,24],"5":[6,47],"6":[0,47],"7":[53,6],"8":[5,45],"9":[0,1],"10":[0,0],"11":[0,0],"12":[1,0],"13":[0,0],"14":[3,21],"15":[24,2],"16":[1,2],"17":[3,2],"18":[1,3],"19":[3,8],"20":[11,9],"21":[2,2],"22":[4,3,2],"23":[1,1],"24":[0,1],"25":[0,0],"26":[0,0],"27":[2,7],"28":[9,8],"29":[1,6],"30":[7,6],"31":[1,5],"32":[1,4],"33":[1,3],"34":[6,0],"35":[4,2],"36":[0,0],"37":[3,13],"38":[16,15,14],"39":[13,13],"40":[16,13],"41":[16,13],"42":[0,0],"43":[0,0],"44":[0,0],"45":[0,0],"46":[0,0],"47":[0,0],"48":[0,0],"49":[0,0],"50":[0,0],"51":[0,0],"52":[1,7],"53":[1,6],"54":[10,10],"55":[0,0],"56":[0,0],"57":[0,0],"58":[0,0],"59":[0,0],"60":[0,0],"61":[0,0],"62":[0,0],"63":[0,0],"64":[0,0],"65":[0,0],"66":[0,0],"67":[1,1],"68":[1,1],"69":[2,1],"70":[3,2],"71":[2,2],"72":[2,0],"73":[2,0],"74":[2,0],"75":[1,1],"76":[0,0],"77":[0,0],"78":[0,0],"79":[0,0],"80":[2,6],"81":[2,0],"82":[6,4],"83":[6,5],"84":[6,0],"85":[1,2],"86":[1,1],"87":[1,2]},"meta":{"lastBranch":88,"lastFunction":52,"lastStatement":382,"seen":{"s:17:26:17:Infinity":0,"s:19:6:39:Infinity":1,"f:21:17:21:18":0,"s:22:18:22:Infinity":2,"b:23:6:23:Infinity:undefined:undefined:undefined:undefined":0,"s:23:6:23:Infinity":3,"s:23:31:23:Infinity":4,"s:24:6:24:Infinity":5,"f:26:14:26:15":1,"s:27:18:27:Infinity":6,"s:28:6:28:Infinity":7,"f:32:14:32:15":2,"b:33:4:36:Infinity:undefined:undefined:undefined:undefined":1,"s:33:4:36:Infinity":8,"s:34:6:34:Infinity":9,"s:35:6:35:Infinity":10,"s:37:4:37:Infinity":11,"s:41:6:41:Infinity":12,"f:43:9:43:26":3,"s:44:17:44:Infinity":13,"b:45:2:45:Infinity:undefined:undefined:undefined:undefined":2,"s:45:2:45:Infinity":14,"s:45:15:45:Infinity":15,"s:46:16:46:Infinity":16,"s:47:2:47:Infinity":17,"s:51:26:51:Infinity":18,"f:53:9:53:32":4,"s:54:17:54:Infinity":19,"b:55:2:55:Infinity:undefined:undefined:undefined:undefined":3,"s:55:2:55:Infinity":20,"s:55:15:55:Infinity":21,"s:56:2:56:Infinity":22,"f:59:9:59:36":5,"s:60:13:60:Infinity":23,"b:61:2:61:Infinity:undefined:undefined:undefined:undefined":4,"s:61:2:61:Infinity":24,"s:61:11:61:Infinity":25,"s:62:2:62:Infinity":26,"f:65:9:65:22":6,"s:66:14:66:Infinity":27,"b:67:2:67:Infinity:undefined:undefined:undefined:undefined":5,"s:67:2:67:Infinity":28,"s:67:12:67:Infinity":29,"s:68:2:75:Infinity":30,"f:68:55:68:56":7,"s:69:16:69:Infinity":31,"b:70:4:70:Infinity:undefined:undefined:undefined:undefined":6,"s:70:4:70:Infinity":32,"s:70:20:70:Infinity":33,"s:71:16:71:Infinity":34,"s:72:18:72:Infinity":35,"s:73:4:73:Infinity":36,"s:74:4:74:Infinity":37,"f:78:9:78:30":8,"s:79:2:79:Infinity":38,"b:79:9:79:49:79:49:79:Infinity":7,"f:82:9:82:22":9,"s:83:16:83:Infinity":39,"b:84:2:86:Infinity:undefined:undefined:undefined:undefined":8,"s:84:2:86:Infinity":40,"s:85:4:85:Infinity":41,"s:87:2:92:Infinity":42,"s:88:4:88:Infinity":43,"s:89:4:89:Infinity":44,"s:91:4:91:Infinity":45,"s:95:6:101:Infinity":46,"f:104:9:104:26":10,"s:105:18:108:Infinity":47,"s:109:2:125:Infinity":48,"s:110:19:110:Infinity":49,"b:111:4:111:Infinity:undefined:undefined:undefined:undefined":9,"s:111:4:111:Infinity":50,"s:111:31:111:Infinity":51,"b:112:4:114:Infinity:undefined:undefined:undefined:undefined":10,"s:112:4:114:Infinity":52,"b:112:8:112:18:112:18:112:80":11,"s:113:6:113:Infinity":53,"s:115:4:115:Infinity":54,"s:117:18:117:Infinity":55,"b:118:4:118:Infinity:undefined:undefined:undefined:undefined":12,"s:118:4:118:Infinity":56,"s:118:16:118:Infinity":57,"s:119:4:124:Infinity":58,"s:120:21:120:Infinity":59,"s:121:6:121:Infinity":60,"b:121:37:121:46:121:46:121:Infinity":13,"s:123:6:123:Infinity":61,"f:128:22:128:37":11,"s:129:2:143:Infinity":62,"f:129:45:129:52":12,"s:130:25:130:Infinity":63,"b:131:4:133:Infinity:undefined:undefined:undefined:undefined":14,"s:131:4:133:Infinity":64,"b:131:15:131:27:131:27:131:29":15,"s:132:6:132:Infinity":65,"s:134:18:134:Infinity":66,"s:135:4:141:Infinity":67,"s:142:4:142:Infinity":68,"s:145:2:154:Infinity":69,"f:145:32:145:39":13,"s:146:18:146:Infinity":70,"b:147:4:147:Infinity:undefined:undefined:undefined:undefined":16,"s:147:4:147:Infinity":71,"s:147:16:147:Infinity":72,"s:148:4:153:Infinity":73,"s:149:6:149:Infinity":74,"s:150:6:150:Infinity":75,"s:152:6:152:Infinity":76,"s:156:2:159:Infinity":77,"f:156:32:156:39":14,"s:157:4:157:Infinity":78,"s:158:4:158:Infinity":79,"s:161:2:161:Infinity":80,"s:162:2:165:Infinity":81,"f:162:26:162:33":15,"s:163:20:163:Infinity":82,"s:164:4:164:Infinity":83,"s:167:2:171:Infinity":84,"f:167:30:167:37":16,"s:168:17:168:Infinity":85,"b:169:4:169:Infinity:undefined:undefined:undefined:undefined":17,"s:169:4:169:Infinity":86,"s:169:15:169:Infinity":87,"s:170:4:170:Infinity":88,"s:173:2:180:Infinity":89,"f:173:40:173:47":17,"s:174:19:174:Infinity":90,"s:175:17:175:Infinity":91,"b:176:4:176:Infinity:undefined:undefined:undefined:undefined":18,"s:176:4:176:Infinity":92,"s:176:15:176:Infinity":93,"s:177:15:177:Infinity":94,"s:178:22:178:Infinity":95,"f:178:29:178:30":18,"s:178:61:178:65":96,"s:179:4:179:Infinity":97,"s:182:2:187:Infinity":98,"f:182:28:182:35":19,"s:183:36:183:Infinity":99,"b:184:4:184:Infinity:undefined:undefined:undefined:undefined":19,"s:184:4:184:Infinity":100,"b:184:8:184:22:184:22:184:33":20,"s:184:33:184:Infinity":101,"s:185:20:185:Infinity":102,"s:186:4:186:Infinity":103,"s:189:2:202:Infinity":104,"f:189:36:189:43":20,"s:190:44:190:Infinity":105,"b:191:4:193:Infinity:undefined:undefined:undefined:undefined":21,"s:191:4:193:Infinity":106,"b:191:8:191:19:191:19:191:33:191:33:191:44":22,"s:192:6:192:Infinity":107,"s:194:17:194:Infinity":108,"b:195:4:195:Infinity:undefined:undefined:undefined:undefined":23,"s:195:4:195:Infinity":109,"s:195:15:195:Infinity":110,"s:196:25:196:Infinity":111,"b:197:4:200:Infinity:undefined:undefined:undefined:undefined":24,"s:197:4:200:Infinity":112,"s:198:25:198:Infinity":113,"s:199:6:199:Infinity":114,"b:199:56:199:82:199:82:199:85":25,"b:199:103:199:135:199:135:199:137":26,"s:201:4:201:Infinity":115,"s:204:2:251:Infinity":116,"f:204:31:204:38":21,"s:205:54:205:Infinity":117,"b:206:4:206:Infinity:undefined:undefined:undefined:undefined":27,"s:206:4:206:Infinity":118,"b:206:8:206:22:206:22:206:31":28,"s:206:31:206:Infinity":119,"b:207:4:209:Infinity:undefined:undefined:undefined:undefined":29,"s:207:4:209:Infinity":120,"b:207:8:207:41:207:41:207:70":30,"s:208:6:208:Infinity":121,"s:211:17:211:Infinity":122,"b:212:4:212:Infinity:undefined:undefined:undefined:undefined":31,"s:212:4:212:Infinity":123,"s:212:15:212:Infinity":124,"s:214:16:214:Infinity":125,"b:215:4:217:Infinity:undefined:undefined:undefined:undefined":32,"s:215:4:217:Infinity":126,"s:216:6:216:Infinity":127,"s:218:10:218:Infinity":128,"s:219:27:219:Infinity":129,"b:220:4:222:Infinity:undefined:undefined:undefined:undefined":33,"s:220:4:222:Infinity":130,"s:221:6:221:Infinity":131,"s:224:25:224:Infinity":132,"s:225:21:225:Infinity":133,"s:226:27:226:Infinity":134,"s:227:104:227:Infinity":135,"s:229:4:240:Infinity":136,"s:230:6:230:Infinity":137,"s:231:28:231:Infinity":138,"b:231:28:231:47:231:47:231:Infinity":34,"s:232:24:232:Infinity":139,"s:233:26:233:Infinity":140,"b:233:38:233:53:233:53:233:Infinity":35,"s:234:6:234:Infinity":141,"s:235:6:239:Infinity":142,"s:242:23:248:Infinity":143,"s:250:4:250:Infinity":144,"s:253:2:256:Infinity":145,"f:253:32:253:39":22,"s:254:20:254:Infinity":146,"s:255:4:255:Infinity":147,"s:258:2:263:Infinity":148,"f:258:36:258:43":23,"s:259:17:259:Infinity":149,"b:260:4:260:Infinity:undefined:undefined:undefined:undefined":36,"s:260:4:260:Infinity":150,"s:260:15:260:Infinity":151,"s:261:22:261:Infinity":152,"s:262:4:262:Infinity":153,"s:265:2:279:Infinity":154,"f:265:33:265:40":24,"s:266:75:266:Infinity":155,"b:267:4:269:Infinity:undefined:undefined:undefined:undefined":37,"s:267:4:269:Infinity":156,"b:267:8:267:18:267:18:267:39:267:39:267:49":38,"s:268:6:268:Infinity":157,"s:270:17:277:Infinity":158,"b:274:16:274:28:274:28:274:Infinity":39,"b:275:13:275:22:275:22:275:Infinity":40,"b:276:15:276:26:276:26:276:Infinity":41,"s:278:4:278:Infinity":159,"s:281:2:297:Infinity":160,"f:281:50:281:57":25,"s:282:15:282:Infinity":161,"s:283:21:283:Infinity":162,"b:284:4:284:Infinity:undefined:undefined:undefined:undefined":42,"s:284:4:284:Infinity":163,"s:284:19:284:Infinity":164,"s:286:75:286:Infinity":165,"s:287:25:287:Infinity":166,"b:288:4:288:Infinity:undefined:undefined:undefined:undefined":43,"s:288:4:288:Infinity":167,"s:288:29:288:Infinity":168,"b:289:4:289:Infinity:undefined:undefined:undefined:undefined":44,"s:289:4:289:Infinity":169,"s:289:40:289:Infinity":170,"b:290:4:290:Infinity:undefined:undefined:undefined:undefined":45,"s:290:4:290:Infinity":171,"s:290:31:290:Infinity":172,"b:291:4:291:Infinity:undefined:undefined:undefined:undefined":46,"s:291:4:291:Infinity":173,"s:291:32:291:Infinity":174,"b:291:51:291:63:291:63:291:Infinity":47,"b:292:4:292:Infinity:undefined:undefined:undefined:undefined":48,"s:292:4:292:Infinity":175,"s:292:29:292:Infinity":176,"b:292:45:292:54:292:54:292:Infinity":49,"b:293:4:293:Infinity:undefined:undefined:undefined:undefined":50,"s:293:4:293:Infinity":177,"s:293:31:293:Infinity":178,"b:293:49:293:60:293:60:293:Infinity":51,"s:295:20:295:Infinity":179,"s:296:4:296:Infinity":180,"s:299:2:302:Infinity":181,"f:299:39:299:46":26,"s:300:4:300:Infinity":182,"s:301:4:301:Infinity":183,"s:304:2:307:Infinity":184,"f:304:46:304:53":27,"s:305:22:305:Infinity":185,"s:306:4:306:Infinity":186,"s:309:2:331:Infinity":187,"f:309:47:309:54":28,"s:310:19:310:Infinity":188,"s:311:17:311:Infinity":189,"b:312:4:312:Infinity:undefined:undefined:undefined:undefined":52,"s:312:4:312:Infinity":190,"s:312:15:312:Infinity":191,"s:314:40:314:Infinity":192,"s:315:19:315:Infinity":193,"b:316:4:318:Infinity:undefined:undefined:undefined:undefined":53,"s:316:4:318:Infinity":194,"s:317:6:317:Infinity":195,"s:320:21:327:Infinity":196,"f:320:37:320:38":29,"s:320:45:327:6":197,"b:323:16:323:31:323:31:323:Infinity":54,"s:329:20:329:Infinity":198,"s:330:4:330:Infinity":199,"s:333:2:336:Infinity":200,"f:333:41:333:48":30,"s:334:4:334:Infinity":201,"s:335:4:335:Infinity":202,"s:338:2:341:Infinity":203,"f:338:48:338:55":31,"s:339:24:339:Infinity":204,"s:340:4:340:Infinity":205,"s:343:2:346:Infinity":206,"f:343:43:343:50":32,"s:344:4:344:Infinity":207,"s:345:4:345:Infinity":208,"s:348:2:351:Infinity":209,"f:348:51:348:58":33,"s:349:4:349:Infinity":210,"s:350:4:350:Infinity":211,"s:353:2:476:Infinity":212,"f:353:77:353:84":34,"s:354:4:358:Infinity":213,"s:360:4:360:Infinity":214,"s:361:4:361:Infinity":215,"s:363:22:365:Infinity":216,"f:363:22:363:23":35,"s:364:6:364:Infinity":217,"s:367:22:367:Infinity":218,"f:367:34:367:40":36,"s:367:40:367:70":219,"s:368:29:368:Infinity":220,"s:369:4:372:Infinity":221,"f:369:20:369:26":37,"s:370:6:370:Infinity":222,"s:371:6:371:Infinity":223,"s:374:4:475:Infinity":224,"b:375:6:380:Infinity:undefined:undefined:undefined:undefined":55,"s:375:6:380:Infinity":225,"s:376:8:376:Infinity":226,"s:377:8:377:Infinity":227,"s:378:8:378:Infinity":228,"s:379:8:379:Infinity":229,"s:382:24:382:Infinity":230,"s:385:6:385:Infinity":231,"s:386:26:386:Infinity":232,"s:387:27:390:Infinity":233,"s:391:28:391:Infinity":234,"b:392:6:397:Infinity:undefined:undefined:undefined:undefined":56,"s:392:6:397:Infinity":235,"b:392:10:392:28:392:28:392:62":57,"s:393:8:393:Infinity":236,"s:394:8:394:Infinity":237,"s:395:8:395:Infinity":238,"s:396:8:396:Infinity":239,"s:398:6:398:Infinity":240,"b:399:6:399:Infinity:undefined:undefined:undefined:undefined":58,"s:399:6:399:Infinity":241,"s:399:32:399:58":242,"s:399:58:399:69":243,"s:399:69:399:77":244,"s:402:6:402:Infinity":245,"s:403:35:406:Infinity":246,"b:407:6:412:Infinity:undefined:undefined:undefined:undefined":59,"s:407:6:412:Infinity":247,"b:407:10:407:25:407:25:407:56":60,"s:408:8:408:Infinity":248,"s:409:8:409:Infinity":249,"s:410:8:410:Infinity":250,"s:411:8:411:Infinity":251,"s:413:6:413:Infinity":252,"b:414:6:414:Infinity:undefined:undefined:undefined:undefined":61,"s:414:6:414:Infinity":253,"s:414:32:414:58":254,"s:414:58:414:69":255,"s:414:69:414:77":256,"s:417:6:417:Infinity":257,"s:418:38:421:Infinity":258,"b:422:6:427:Infinity:undefined:undefined:undefined:undefined":62,"s:422:6:427:Infinity":259,"b:422:10:422:28:422:28:422:62":63,"s:423:8:423:Infinity":260,"s:424:8:424:Infinity":261,"s:425:8:425:Infinity":262,"s:426:8:426:Infinity":263,"s:428:6:428:Infinity":264,"b:429:6:429:Infinity:undefined:undefined:undefined:undefined":64,"s:429:6:429:Infinity":265,"s:429:32:429:58":266,"s:429:58:429:69":267,"s:429:69:429:77":268,"s:432:6:432:Infinity":269,"s:433:27:451:Infinity":270,"s:452:34:456:Infinity":271,"s:457:24:457:Infinity":272,"b:458:6:464:Infinity:undefined:undefined:undefined:undefined":65,"s:458:6:464:Infinity":273,"b:458:10:458:24:458:24:458:48":66,"s:459:8:459:Infinity":274,"s:460:8:460:Infinity":275,"s:461:8:461:Infinity":276,"s:462:8:462:Infinity":277,"s:463:8:463:Infinity":278,"s:465:6:465:Infinity":279,"s:467:6:467:Infinity":280,"s:468:6:468:Infinity":281,"s:469:6:469:Infinity":282,"s:471:6:471:Infinity":283,"s:472:6:472:Infinity":284,"s:473:6:473:Infinity":285,"s:474:6:474:Infinity":286,"s:478:2:491:Infinity":287,"f:478:38:478:45":38,"s:479:4:490:Infinity":288,"s:480:26:480:Infinity":289,"b:481:6:481:Infinity:undefined:undefined:undefined:undefined":67,"s:481:6:481:Infinity":290,"s:481:20:481:Infinity":291,"s:483:27:483:Infinity":292,"s:485:33:485:Infinity":293,"s:486:21:486:Infinity":294,"b:486:21:486:47:486:47:486:Infinity":68,"s:487:6:487:Infinity":295,"s:489:6:489:Infinity":296,"s:493:2:538:Infinity":297,"f:493:49:493:56":39,"s:494:4:537:Infinity":298,"s:495:40:495:Infinity":299,"b:496:6:498:Infinity:undefined:undefined:undefined:undefined":69,"s:496:6:498:Infinity":300,"b:496:10:496:25:496:25:496:37":70,"s:497:8:497:Infinity":301,"s:500:27:5
[...]
"end":{}}],"line":234},"45":{"loc":{"start":{"line":237,"column":19},"end":{"line":237,"column":null}},"type":"cond-expr","locations":[{"start":{"line":237,"column":36},"end":{"line":237,"column":88}},{"start":{"line":237,"column":88},"end":{"line":237,"column":null}}],"line":237},"46":{"loc":{"start":{"line":242,"column":15},"end":{"line":244,"column":null}},"type":"cond-expr","locations":[{"start":{"line":243,"column":10},"end":{"line":243,"column":null}},{"start":{"line":244,"column":10},"end":{"line":244,"column":null}}],"line":242},"47":{"loc":{"start":{"line":250,"column":2},"end":{"line":252,"column":null}},"type":"if","locations":[{"start":{"line":250,"column":2},"end":{"line":252,"column":null}},{"start":{},"end":{}}],"line":250},"48":{"loc":{"start":{"line":256,"column":2},"end":{"line":256,"column":null}},"type":"if","locations":[{"start":{"line":256,"column":2},"end":{"line":256,"column":null}},{"start":{},"end":{}}],"line":256},"49":{"loc":{"start":{"line":280,"column":6},"end":{"line":329,"column":null}},"type":"switch","locations":[{"start":{"line":281,"column":8},"end":{"line":283,"column":null}},{"start":{"line":284,"column":8},"end":{"line":286,"column":null}},{"start":{"line":287,"column":8},"end":{"line":323,"column":null}},{"start":{"line":324,"column":8},"end":{"line":326,"column":null}},{"start":{"line":327,"column":8},"end":{"line":328,"column":null}}],"line":280},"50":{"loc":{"start":{"line":291,"column":10},"end":{"line":319,"column":null}},"type":"if","locations":[{"start":{"line":291,"column":10},"end":{"line":319,"column":null}},{"start":{"line":309,"column":17},"end":{"line":319,"column":null}}],"line":291},"51":{"loc":{"start":{"line":307,"column":12},"end":{"line":307,"column":null}},"type":"if","locations":[{"start":{"line":307,"column":12},"end":{"line":307,"column":null}},{"start":{},"end":{}}],"line":307},"52":{"loc":{"start":{"line":318,"column":32},"end":{"line":318,"column":null}},"type":"cond-expr","locations":[{"start":{"line":318,"column":60},"end":{"line":318,"column":77}},{"start":{"line":318,"column":77},"end":{"line":318,"column":null}}],"line":318},"53":{"loc":{"start":{"line":321,"column":32},"end":{"line":321,"column":null}},"type":"cond-expr","locations":[{"start":{"line":321,"column":72},"end":{"line":321,"column":92}},{"start":{"line":321,"column":92},"end":{"line":321,"column":null}}],"line":321}},"s":{"0":1,"1":9,"2":0,"3":9,"4":18,"5":0,"6":18,"7":18,"8":0,"9":0,"10":0,"11":18,"12":18,"13":9,"14":9,"15":9,"16":9,"17":9,"18":9,"19":0,"20":9,"21":0,"22":0,"23":0,"24":9,"25":3,"26":6,"27":3,"28":3,"29":0,"30":3,"31":3,"32":0,"33":18,"34":9,"35":9,"36":0,"37":0,"38":9,"39":5,"40":0,"41":5,"42":0,"43":0,"44":0,"45":0,"46":0,"47":0,"48":0,"49":0,"50":0,"51":0,"52":0,"53":0,"54":0,"55":0,"56":0,"57":0,"58":0,"59":5,"60":24,"61":24,"62":0,"63":24,"64":24,"65":24,"66":9,"67":9,"68":24,"69":24,"70":24,"71":3,"72":3,"73":0,"74":3,"75":6,"76":6,"77":0,"78":6,"79":6,"80":6,"81":6,"82":6,"83":1,"84":6,"85":2,"86":6,"87":0,"88":2,"89":0,"90":0,"91":0,"92":0,"93":0,"94":0,"95":0,"96":0,"97":0,"98":0,"99":0,"100":0,"101":0,"102":0,"103":0,"104":0,"105":0,"106":0,"107":0,"108":11,"109":11,"110":0,"111":11,"112":11,"113":11,"114":11,"115":11,"116":4,"117":11,"118":3,"119":11,"120":0,"121":3,"122":18,"123":69,"124":69,"125":69,"126":24,"127":3,"128":6,"129":2,"130":28,"131":28,"132":10,"133":4,"134":4,"135":4,"136":0,"137":4,"138":18,"139":6,"140":6,"141":8,"142":28,"143":11,"144":3,"145":0,"146":8,"147":8,"148":53,"149":2},"f":{"0":9,"1":18,"2":5,"3":0,"4":24,"5":6,"6":0,"7":0,"8":0,"9":11,"10":18,"11":4},"b":{"0":[0,9],"1":[9,9],"2":[0,18],"3":[18,18],"4":[18,18],"5":[0,18],"6":[0,0],"7":[9,9],"8":[9,0],"9":[0,9],"10":[0,9],"11":[0,0],"12":[3,6],"13":[3,3],"14":[0,3],"15":[3,0],"16":[0,9],"17":[9,0],"18":[0,5],"19":[5,5],"20":[0,5],"21":[5,0],"22":[0,0],"23":[0,0],"24":[0,0],"25":[0,0],"26":[0,0],"27":[0,0],"28":[0,0],"29":[0,24],"30":[9,15],"31":[0,3],"32":[3,3],"33":[0,6],"34":[1,5],"35":[1,5],"36":[1,5],"37":[0,6],"38":[0,0],"39":[0,0],"40":[0,0],"41":[0,0],"42":[0,0],"43":[0,0],"44":[0,11],"45":[4,7],"46":[4,7],"47":[4,7],"48":[0,11],"49":[24,6,28,11,0],"50":[10,18],"51":[0,4],"52":[4,0],"53":[4,4]},"meta":{"lastBranch":54,"lastFunction":12,"lastStatement":150,"seen":{"s:11:41:28:Infinity":0,"f:30:9:30:31":0,"b:31:2:31:Infinity:undefined:undefined:undefined:undefined":0,"s:31:2:31:Infinity":1,"b:31:6:31:17:31:17:31:45":1,"s:31:45:31:Infinity":2,"s:33:18:73:Infinity":3,"f:33:18:33:19":1,"b:34:4:34:Infinity:undefined:undefined:undefined:undefined":2,"s:34:4:34:Infinity":4,"b:34:8:34:17:34:17:34:43":3,"s:34:43:34:Infinity":5,"s:35:24:35:Infinity":6,"b:35:24:35:32:35:32:35:Infinity":4,"b:37:4:42:Infinity:undefined:undefined:undefined:undefined":5,"s:37:4:42:Infinity":7,"s:38:22:38:Infinity":8,"b:39:6:41:Infinity:undefined:undefined:undefined:undefined":6,"s:39:6:41:Infinity":9,"s:40:8:40:Infinity":10,"s:44:24:44:Infinity":11,"b:46:4:70:Infinity:55:4:70:Infinity":7,"s:46:4:70:Infinity":12,"s:47:6:47:Infinity":13,"b:48:6:53:Infinity:undefined:undefined:undefined:undefined":8,"s:48:6:53:Infinity":14,"s:49:8:49:Infinity":15,"s:50:8:52:Infinity":16,"s:51:10:51:Infinity":17,"b:54:6:54:Infinity:undefined:undefined:undefined:undefined":9,"s:54:6:54:Infinity":18,"s:54:25:54:Infinity":19,"b:55:4:70:Infinity:60:4:70:Infinity":10,"s:55:4:70:Infinity":20,"s:56:6:56:Infinity":21,"b:57:6:59:Infinity:undefined:undefined:undefined:undefined":11,"s:57:6:59:Infinity":22,"s:58:8:58:Infinity":23,"b:60:4:70:Infinity:62:4:70:Infinity":12,"s:60:4:70:Infinity":24,"s:61:6:61:Infinity":25,"b:62:4:70:Infinity:64:4:70:Infinity":13,"s:62:4:70:Infinity":26,"s:63:6:63:Infinity":27,"b:64:4:70:Infinity:66:4:70:Infinity":14,"s:64:4:70:Infinity":28,"s:65:6:65:Infinity":29,"b:66:4:70:Infinity:68:11:70:Infinity":15,"s:66:4:70:Infinity":30,"s:67:6:67:Infinity":31,"s:69:6:69:Infinity":32,"s:72:4:72:Infinity":33,"s:75:13:75:Infinity":34,"b:76:2:79:Infinity:undefined:undefined:undefined:undefined":16,"s:76:2:79:Infinity":35,"b:76:6:76:21:76:21:76:41":17,"s:77:20:77:Infinity":36,"s:78:4:78:Infinity":37,"s:81:2:81:Infinity":38,"f:84:9:84:27":2,"b:85:2:85:Infinity:undefined:undefined:undefined:undefined":18,"s:85:2:85:Infinity":39,"b:85:6:85:17:85:17:85:45":19,"s:85:45:85:Infinity":40,"b:86:2:110:Infinity:undefined:undefined:undefined:undefined":20,"s:86:2:110:Infinity":41,"b:86:6:86:21:86:21:86:41":21,"s:87:20:87:Infinity":42,"b:88:4:109:Infinity:undefined:undefined:undefined:undefined":22,"s:88:4:109:Infinity":43,"s:89:23:89:Infinity":44,"s:90:26:107:Infinity":45,"f:90:26:90:27":3,"b:91:8:91:Infinity:undefined:undefined:undefined:undefined":23,"s:91:8:91:Infinity":46,"b:91:12:91:21:91:21:91:47":24,"s:91:47:91:Infinity":47,"b:92:8:97:Infinity:undefined:undefined:undefined:undefined":25,"s:92:8:97:Infinity":48,"s:93:27:93:Infinity":49,"b:94:10:96:Infinity:undefined:undefined:undefined:undefined":26,"s:94:10:96:Infinity":50,"s:95:12:95:Infinity":51,"b:98:8:102:Infinity:undefined:undefined:undefined:undefined":27,"s:98:8:102:Infinity":52,"s:99:10:101:Infinity":53,"s:100:12:100:Infinity":54,"b:103:8:105:Infinity:undefined:undefined:undefined:undefined":28,"s:103:8:105:Infinity":55,"s:104:10:104:Infinity":56,"s:106:8:106:Infinity":57,"s:108:6:108:Infinity":58,"s:111:2:111:Infinity":59,"f:114:15:114:Infinity":4,"s:120:17:120:Infinity":60,"b:121:2:121:Infinity:undefined:undefined:undefined:undefined":29,"s:121:2:121:Infinity":61,"s:121:15:121:Infinity":62,"s:122:16:122:Infinity":63,"s:124:32:124:Infinity":64,"b:125:2:128:Infinity:undefined:undefined:undefined:undefined":30,"s:125:2:128:Infinity":65,"s:126:4:126:Infinity":66,"s:127:4:127:Infinity":67,"s:130:22:133:Infinity":68,"s:135:17:135:Infinity":69,"s:136:17:136:Infinity":70,"s:137:15:137:Infinity":71,"b:138:2:140:Infinity:undefined:undefined:undefined:undefined":31,"s:138:2:140:Infinity":72,"b:138:6:138:15:138:15:138:41":32,"s:139:4:139:Infinity":73,"s:141:2:141:Infinity":74,"f:144:15:144:Infinity":5,"s:150:17:150:Infinity":75,"b:151:2:151:Infinity:undefined:undefined:undefined:undefined":33,"s:151:2:151:Infinity":76,"s:151:15:151:Infinity":77,"s:152:17:152:Infinity":78,"s:154:19:154:Infinity":79,"b:154:36:154:88:154:88:154:Infinity":34,"s:156:73:164:Infinity":80,"b:160:10:160:Infinity:161:10:161:Infinity":35,"s:166:22:166:Infinity":81,"b:167:2:169:Infinity:undefined:undefined:undefined:undefined":36,"s:167:2:169:Infinity":82,"s:168:4:168:Infinity":83,"s:171:19:171:Infinity":84,"s:172:18:172:Infinity":85,"b:173:2:173:Infinity:undefined:undefined:undefined:undefined":37,"s:173:2:173:Infinity":86,"s:173:16:173:Infinity":87,"s:174:2:174:Infinity":88,"f:177:15:177:Infinity":6,"s:183:17:183:Infinity":89,"b:184:2:184:Infinity:undefined:undefined:undefined:undefined":38,"s:184:2:184:Infinity":90,"s:184:15:184:Infinity":91,"s:185:17:185:Infinity":92,"b:187:2:210:Infinity:undefined:undefined:undefined:undefined":39,"s:187:2:210:Infinity":93,"s:188:21:188:Infinity":94,"s:189:20:193:Infinity":95,"s:195:21:203:Infinity":96,"s:205:22:205:Infinity":97,"f:205:44:205:45":7,"s:205:56:205:77":98,"b:206:4:208:Infinity:undefined:undefined:undefined:undefined":40,"s:206:4:208:Infinity":99,"b:206:8:206:22:206:22:206:53":41,"s:207:6:207:Infinity":100,"s:209:4:209:Infinity":101,"s:212:19:218:Infinity":102,"s:220:20:220:Infinity":103,"f:220:42:220:43":8,"s:220:54:220:71":104,"b:221:2:223:Infinity:undefined:undefined:undefined:undefined":42,"s:221:2:223:Infinity":105,"b:221:6:221:20:221:20:221:47":43,"s:222:4:222:Infinity":106,"s:224:2:224:Infinity":107,"f:227:15:227:Infinity":9,"s:233:17:233:Infinity":108,"b:234:2:234:Infinity:undefined:undefined:undefined:undefined":44,"s:234:2:234:Infinity":109,"s:234:15:234:Infinity":110,"s:235:17:235:Infinity":111,"s:237:19:237:Infinity":112,"b:237:36:237:88:237:88:237:Infinity":45,"s:239:73:247:Infinity":113,"b:243:10:243:Infinity:244:10:244:Infinity":46,"s:249:22:249:Infinity":114,"b:250:2:252:Infinity:undefined:undefined:undefined:undefined":47,"s:250:2:252:Infinity":115,"s:251:4:251:Infinity":116,"s:254:19:254:Infinity":117,"s:255:18:255:Infinity":118,"b:256:2:256:Infinity:undefined:undefined:undefined:undefined":48,"s:256:2:256:Infinity":119,"s:256:16:256:Infinity":120,"s:257:2:257:Infinity":121,"f:271:22:271:Infinity":10,"s:276:2:338:Infinity":122,"s:277:4:337:Infinity":123,"s:278:24:278:Infinity":124,"b:281:8:283:Infinity:284:8:286:Infinity:287:8:323:Infinity:324:8:326:Infinity:327:8:328:Infinity":49,"s:280:6:329:Infinity":125,"s:282:10:282:Infinity":126,"s:283:10:283:Infinity":127,"s:285:10:285:Infinity":128,"s:286:10:286:Infinity":129,"s:288:28:288:Infinity":130,"b:291:10:319:Infinity:309:17:319:Infinity":50,"s:291:10:319:Infinity":131,"s:292:24:304:Infinity":132,"s:306:30:306:Infinity":133,"f:306:47:306:48":11,"s:306:63:306:88":134,"b:307:12:307:Infinity:undefined:undefined:undefined:undefined":51,"s:307:12:307:Infinity":135,"s:307:28:307:Infinity":136,"s:308:12:308:Infinity":137,"s:310:24:316:Infinity":138,"s:317:30:317:Infinity":139,"s:318:12:318:Infinity":140,"b:318:60:318:77:318:77:318:Infinity":52,"s:321:32:321:Infinity":141,"b:321:72:321:92:321:92:321:Infinity":53,"s:322:10:322:Infinity":142,"s:325:10:325:Infinity":143,"s:326:10:326:Infinity":144,"s:328:10:328:Infinity":145,"s:330:25:330:Infinity":146,"s:331:6:334:Infinity":147,"s:336:6:336:Infinity":148,"s:340:2:340:Infinity":149}}}
,"/home/user/Math-Quiz-Hub/server/services/aiPipeline.ts": {"path":"/home/user/Math-Quiz-Hub/server/services/aiPipeline.ts","statementMap":{"0":{"start":{"line":5,"column":30},"end":{"line":11,"column":null}},"1":{"start":{"line":13,"column":32},"end":{"line":15,"column":null}},"2":{"start":{"line":19,"column":6},"end":{"line":19,"column":null}},"3":{"start":{"line":22,"column":2},"end":{"line":22,"column":null}},"4":{"start":{"line":24,"column":23},"end":{"line":24,"column":null}},"5":{"start":{"line":26,"column":21},"end":{"line":26,"column":null}},"6":{"start":{"line":36,"column":19},"end":{"line":36,"column":null}},"7":{"start":{"line":37,"column":17},"end":{"line":37,"column":null}},"8":{"start":{"line":38,"column":2},"end":{"line":38,"column":null}},"9":{"start":{"line":39,"column":2},"end":{"line":39,"column":null}},"10":{"start":{"line":43,"column":2},"end":{"line":43,"column":null}},"11":{"start":{"line":45,"column":23},"end":{"line":45,"column":null}},"12":{"start":{"line":47,"column":21},"end":{"line":56,"column":null}},"13":{"start":{"line":58,"column":19},"end":{"line":58,"column":null}},"14":{"start":{"line":59,"column":17},"end":{"line":59,"column":null}},"15":{"start":{"line":60,"column":2},"end":{"line":60,"column":null}},"16":{"start":{"line":61,"column":2},"end":{"line":61,"column":null}},"17":{"start":{"line":65,"column":2},"end":{"line":65,"column":null}},"18":{"start":{"line":67,"column":23},"end":{"line":67,"column":null}},"19":{"start":{"line":69,"column":21},"end":{"line":79,"column":null}},"20":{"start":{"line":81,"column":19},"end":{"line":81,"column":null}},"21":{"start":{"line":82,"column":17},"end":{"line":82,"column":null}},"22":{"start":{"line":83,"column":2},"end":{"line":83,"column":null}},"23":{"start":{"line":84,"column":2},"end":{"line":84,"column":null}},"24":{"start":{"line":88,"column":2},"end":{"line":88,"column":null}},"25":{"start":{"line":90,"column":20},"end":{"line":90,"column":null}},"26":{"start":{"line":91,"column":18},"end":{"line":91,"column":null}},"27":{"start":{"line":92,"column":20},"end":{"line":92,"column":null}},"28":{"start":{"line":94,"column":2},"end":{"line":94,"column":null}},"29":{"start":{"line":95,"column":2},"end":{"line":95,"column":null}}},"fnMap":{"0":{"name":"step1Generate","decl":{"start":{"line":21,"column":15},"end":{"line":21,"column":29}},"loc":{"start":{"line":21,"column":65},"end":{"line":40,"column":null}},"line":21},"1":{"name":"step2Audit","decl":{"start":{"line":42,"column":15},"end":{"line":42,"column":26}},"loc":{"start":{"line":42,"column":88},"end":{"line":62,"column":null}},"line":42},"2":{"name":"step3SyllabusAudit","decl":{"start":{"line":64,"column":15},"end":{"line":64,"column":34}},"loc":{"start":{"line":64,"column":98},"end":{"line":85,"column":null}},"line":64},"3":{"name":"generateAuditedQuiz","decl":{"start":{"line":87,"column":22},"end":{"line":87,"column":42}},"loc":{"start":{"line":87,"column":78},"end":{"line":96,"column":null}},"line":87}},"branchMap":{},"s":{"0":1,"1":1,"2":1,"3":17,"4":17,"5":17,"6":17,"7":16,"8":16,"9":16,"10":13,"11":13,"12":13,"13":13,"14":12,"15":12,"16":12,"17":12,"18":12,"19":12,"20":12,"21":11,"22":11,"23":11,"24":17,"25":17,"26":13,"27":12,"28":11,"29":11},"f":{"0":17,"1":13,"2":12,"3":17},"b":{},"meta":{"lastBranch":0,"lastFunction":4,"lastStatement":30,"seen":{"s:5:30:11:Infinity":0,"s:13:32:15:Infinity":1,"s:19:6:19:Infinity":2,"f:21:15:21:29":0,"s:22:2:22:Infinity":3,"s:24:23:24:Infinity":4,"s:26:21:26:Infinity":5,"s:36:19:36:Infinity":6,"s:37:17:37:Infinity":7,"s:38:2:38:Infinity":8,"s:39:2:39:Infinity":9,"f:42:15:42:26":1,"s:43:2:43:Infinity":10,"s:45:23:45:Infinity":11,"s:47:21:56:Infinity":12,"s:58:19:58:Infinity":13,"s:59:17:59:Infinity":14,"s:60:2:60:Infinity":15,"s:61:2:61:Infinity":16,"f:64:15:64:34":2,"s:65:2:65:Infinity":17,"s:67:23:67:Infinity":18,"s:69:21:79:Infinity":19,"s:81:19:81:Infinity":20,"s:82:17:82:Infinity":21,"s:83:2:83:Infinity":22,"s:84:2:84:Infinity":23,"f:87:22:87:42":3,"s:88:2:88:Infinity":24,"s:90:20:90:Infinity":25,"s:91:18:91:Infinity":26,"s:92:20:92:Infinity":27,"s:94:2:94:Infinity":28,"s:95:2:95:Infinity":29}}}
,"/home/user/Math-Quiz-Hub/shared/schema.ts": {"path":"/home/user/Math-Quiz-Hub/shared/schema.ts","statementMap":{"0":{"start":{"line":6,"column":13},"end":{"line":15,"column":null}},"1":{"start":{"line":17,"column":13},"end":{"line":25,"column":null}},"2":{"start":{"line":19,"column":56},"end":{"line":19,"column":68}},"3":{"start":{"line":27,"column":13},"end":{"line":31,"column":null}},"4":{"start":{"line":33,"column":13},"end":{"line":41,"column":null}},"5":{"start":{"line":35,"column":62},"end":{"line":35,"column":75}},"6":{"start":{"line":36,"column":56},"end":{"line":36,"column":68}},"7":{"start":{"line":43,"column":13},"end":{"line":43,"column":null}},"8":{"start":{"line":44,"column":13},"end":{"line":44,"column":null}},"9":{"start":{"line":45,"column":13},"end":{"line":45,"column":null}},"10":{"start":{"line":46,"column":13},"end":{"line":46,"column":null}},"11":{"start":{"line":57,"column":36},"end":{"line":63,"column":null}},"12":{"start":{"line":67,"column":13},"end":{"line":74,"column":null}},"13":{"start":{"line":76,"column":13},"end":{"line":84,"column":null}},"14":{"start":{"line":78,"column":56},"end":{"line":78,"column":72}},"15":{"start":{"line":86,"column":13},"end":{"line":93,"column":null}},"16":{"start":{"line":88,"column":56},"end":{"line":88,"column":72}},"17":{"start":{"line":95,"column":13},"end":{"line":98,"column":null}},"18":{"start":{"line":95,"column":74},"end":{"line":98,"column":2}},"19":{"start":{"line":100,"column":13},"end":{"line":105,"column":null}},"20":{"start":{"line":100,"column":77},"end":{"line":105,"column":2}},"21":{"start":{"line":107,"column":13},"end":{"line":112,"column":null}},"22":{"start":{"line":107,"column":73},"end":{"line":112,"column":2}},"23":{"start":{"line":114,"column":13},"end":{"line":114,"column":null}},"24":{"start":{"line":115,"column":13},"end":{"line":115,"column":null}},"25":{"start":{"line":116,"column":13},"end":{"line":116,"column":null}}},"fnMap":{"0":{"name":"(anonymous_0)","decl":{"start":{"line":19,"column":50},"end":{"line":19,"column":56}},"loc":{"start":{"line":19,"column":56},"end":{"line":19,"column":68}},"line":19},"1":{"name":"(anonymous_1)","decl":{"start":{"line":35,"column":56},"end":{"line":35,"column":62}},"loc":{"start":{"line":35,"column":62},"end":{"line":35,"column":75}},"line":35},"2":{"name":"(anonymous_2)","decl":{"start":{"line":36,"column":50},"end":{"line":36,"column":56}},"loc":{"start":{"line":36,"column":56},"end":{"line":36,"column":68}},"line":36},"3":{"name":"(anonymous_3)","decl":{"start":{"line":78,"column":50},"end":{"line":78,"column":56}},"loc":{"start":{"line":78,"column":56},"end":{"line":78,"column":72}},"line":78},"4":{"name":"(anonymous_4)","decl":{"start":{"line":88,"column":50},"end":{"line":88,"column":56}},"loc":{"start":{"line":88,"column":56},"end":{"line":88,"column":72}},"line":88},"5":{"name":"(anonymous_5)","decl":{"start":{"line":95,"column":59},"end":{"line":95,"column":60}},"loc":{"start":{"line":95,"column":74},"end":{"line":98,"column":2}},"line":95},"6":{"name":"(anonymous_6)","decl":{"start":{"line":100,"column":63},"end":{"line":100,"column":64}},"loc":{"start":{"line":100,"column":77},"end":{"line":105,"column":2}},"line":100},"7":{"name":"(anonymous_7)","decl":{"start":{"line":107,"column":59},"end":{"line":107,"column":60}},"loc":{"start":{"line":107,"column":73},"end":{"line":112,"column":2}},"line":107}},"branchMap":{},"s":{"0":2,"1":2,"2":0,"3":2,"4":2,"5":0,"6":0,"7":2,"8":2,"9":2,"10":2,"11":2,"12":2,"13":2,"14":0,"15":2,"16":0,"17":2,"18":0,"19":2,"20":0,"21":2,"22":0,"23":2,"24":2,"25":2},"f":{"0":0,"1":0,"2":0,"3":0,"4":0,"5":0,"6":0,"7":0},"b":{},"meta":{"lastBranch":0,"lastFunction":8,"lastStatement":26,"seen":{"s:6:13:15:Infinity":0,"s:17:13:25:Infinity":1,"f:19:50:19:56":0,"s:19:56:19:68":2,"s:27:13:31:Infinity":3,"s:33:13:41:Infinity":4,"f:35:56:35:62":1,"s:35:62:35:75":5,"f:36:50:36:56":2,"s:36:56:36:68":6,"s:43:13:43:Infinity":7,"s:44:13:44:Infinity":8,"s:45:13:45:Infinity":9,"s:46:13:46:Infinity":10,"s:57:36:63:Infinity":11,"s:67:13:74:Infinity":12,"s:76:13:84:Infinity":13,"f:78:50:78:56":3,"s:78:56:78:72":14,"s:86:13:93:Infinity":15,"f:88:50:88:56":4,"s:88:56:88:72":16,"s:95:13:98:Infinity":17,"f:95:59:95:60":5,"s:95:74:98:2":18,"s:100:13:105:Infinity":19,"f:100:63:100:64":6,"s:100:77:105:2":20,"s:107:13:112:Infinity":21,"f:107:59:107:60":7,"s:107:73:112:2":22,"s:114:13:114:Infinity":23,"s:115:13:115:Infinity":24,"s:116:13:116:Infinity":25}}}
}
