{"/home/user/Math-Quiz-Hub/server/db.ts": {"path":"/home/user/Math-Quiz-Hub/server/db.ts","statementMap":{"0":{"start":{"line":5,"column":28},"end":{"line":5,"column":null}},"1":{"start":{"line":7,"column":0},"end":{"line":9,"column":null}},"2":{"start":{"line":8,"column":2},"end":{"line":8,"column":null}},"3":{"start":{"line":12,"column":16},"end":{"line":12,"column":null}},"4":{"start":{"line":13,"column":2},"end":{"line":13,"column":null}},"5":{"start":{"line":17,"column":2},"end":{"line":17,"column":null}},"6":{"start":{"line":20,"column":15},"end":{"line":20,"column":null}},"7":{"start":{"line":21,"column":25},"end":{"line":21,"column":null}},"8":{"start":{"line":23,"column":13},"end":{"line":31,"column":null}},"9":{"start":{"line":33,"column":18},"end":{"line":33,"column":null}}},"fnMap":{"0":{"name":"shouldUseSsl","decl":{"start":{"line":11,"column":9},"end":{"line":11,"column":22}},"loc":{"start":{"line":11,"column":44},"end":{"line":14,"column":null}},"line":11},"1":{"name":"stripSslMode","decl":{"start":{"line":16,"column":9},"end":{"line":16,"column":22}},"loc":{"start":{"line":16,"column":43},"end":{"line":18,"column":null}},"line":16}},"branchMap":{"0":{"loc":{"start":{"line":5,"column":28},"end":{"line":5,"column":null}},"type":"binary-expr","locations":[{"start":{"line":5,"column":28},"end":{"line":5,"column":56}},{"start":{"line":5,"column":56},"end":{"line":5,"column":null}}],"line":5},"1":{"loc":{"start":{"line":7,"column":0},"end":{"line":9,"column":null}},"type":"if","locations":[{"start":{"line":7,"column":0},"end":{"line":9,"column":null}},{"start":{},"end":{}}],"line":7},"2":{"loc":{"start":{"line":13,"column":9},"end":{"line":13,"column":null}},"type":"binary-expr","locations":[{"start":{"line":13,"column":9},"end":{"line":13,"column":42}},{"start":{"line":13,"column":42},"end":{"line":13,"column":79}},{"start":{"line":13,"column":79},"end":{"line":13,"column":null}}],"line":13},"3":{"loc":{"start":{"line":20,"column":15},"end":{"line":20,"column":null}},"type":"cond-expr","locations":[{"start":{"line":20,"column":37},"end":{"line":20,"column":73}},{"start":{"line":20,"column":73},"end":{"line":20,"column":null}}],"line":20},"4":{"loc":{"start":{"line":21,"column":25},"end":{"line":21,"column":null}},"type":"cond-expr","locations":[{"start":{"line":21,"column":57},"end":{"line":21,"column":93}},{"start":{"line":21,"column":93},"end":{"line":21,"column":null}}],"line":21},"5":{"loc":{"start":{"line":21,"column":25},"end":{"line":21,"column":57}},"type":"binary-expr","locations":[{"start":{"line":21,"column":25},"end":{"line":21,"column":48}},{"start":{"line":21,"column":48},"end":{"line":21,"column":57}}],"line":21},"6":{"loc":{"start":{"line":23,"column":13},"end":{"line":31,"column":null}},"type":"cond-expr","locations":[{"start":{"line":24,"column":4},"end":{"line":30,"column":null}},{"start":{"line":31,"column":4},"end":{"line":31,"column":null}}],"line":23},"7":{"loc":{"start":{"line":26,"column":11},"end":{"line":26,"column":null}},"type":"cond-expr","locations":[{"start":{"line":26,"column":20},"end":{"line":26,"column":52}},{"start":{"line":26,"column":52},"end":{"line":26,"column":null}}],"line":26},"8":{"loc":{"start":{"line":27,"column":18},"end":{"line":27,"column":47}},"type":"binary-expr","locations":[{"start":{"line":27,"column":18},"end":{"line":27,"column":45}},{"start":{"line":27,"column":45},"end":{"line":27,"column":47}}],"line":27},"9":{"loc":{"start":{"line":28,"column":38},"end":{"line":28,"column":80}},"type":"binary-expr","locations":[{"start":{"line":28,"column":38},"end":{"line":28,"column":75}},{"start":{"line":28,"column":75},"end":{"line":28,"column":80}}],"line":28},"10":{"loc":{"start":{"line":29,"column":32},"end":{"line":29,"column":71}},"type":"binary-expr","locations":[{"start":{"line":29,"column":32},"end":{"line":29,"column":66}},{"start":{"line":29,"column":66},"end":{"line":29,"column":71}}],"line":29},"11":{"loc":{"start":{"line":33,"column":18},"end":{"line":33,"column":null}},"type":"cond-expr","locations":[{"start":{"line":33,"column":18},"end":{"line":33,"column":53}},{"start":{"line":33,"column":53},"end":{"line":33,"column":null}}],"line":33}},"s":{"0":0,"1":0,"2":0,"3":0,"4":0,"5":0,"6":0,"7":0,"8":0,"9":0},"f":{"0":0,"1":0},"b":{"0":[0,0],"1":[0,0],"2":[0,0,0],"3":[0,0],"4":[0,0],"5":[0,0],"6":[0,0],"7":[0,0],"8":[0,0],"9":[0,0],"10":[0,0],"11":[0,0]},"meta":{"lastBranch":12,"lastFunction":2,"lastStatement":10,"seen":{"s:5:28:5:Infinity":0,"b:5:28:5:56:5:56:5:Infinity":0,"b:7:0:9:Infinity:undefined:undefined:undefined:undefined":1,"s:7:0:9:Infinity":1,"s:8:2:8:Infinity":2,"f:11:9:11:22":0,"s:12:16:12:Infinity":3,"s:13:2:13:Infinity":4,"b:13:9:13:42:13:42:13:79:13:79:13:Infinity":2,"f:16:9:16:22":1,"s:17:2:17:Infinity":5,"s:20:15:20:Infinity":6,"b:20:37:20:73:20:73:20:Infinity":3,"s:21:25:21:Infinity":7,"b:21:57:21:93:21:93:21:Infinity":4,"b:21:25:21:48:21:48:21:57":5,"s:23:13:31:Infinity":8,"b:24:4:30:Infinity:31:4:31:Infinity":6,"b:26:20:26:52:26:52:26:Infinity":7,"b:27:18:27:45:27:45:27:47":8,"b:28:38:28:75:28:75:28:80":9,"b:29:32:29:66:29:66:29:71":10,"s:33:18:33:Infinity":9,"b:33:18:33:53:33:53:33:Infinity":11}}}
,"/home/user/Math-Quiz-Hub/server/routes.ts": {"path":"/home/user/Math-Quiz-Hub/server/routes.ts","statementMap":{"0":{"start":{"line":17,"column":26},"end":{"line":17,"column":null}},"1":{"start":{"line":19,"column":6},"end":{"line":39,"column":null}},"2":{"start":{"line":22,"column":18},"end":{"line":22,"column":null}},"3":{"start":{"line":23,"column":6},"end":{"line":23,"column":null}},"4":{"start":{"line":23,"column":31},"end":{"line":23,"column":null}},"5":{"start":{"line":24,"column":6},"end":{"line":24,"column":null}},"6":{"start":{"line":27,"column":18},"end":{"line":27,"column":null}},"7":{"start":{"line":28,"column":6},"end":{"line":28,"column":null}},"8":{"start":{"line":33,"column":4},"end":{"line":36,"column":null}},"9":{"start":{"line":34,"column":6},"end":{"line":34,"column":null}},"10":{"start":{"line":35,"column":6},"end":{"line":35,"column":null}},"11":{"start":{"line":37,"column":4},"end":{"line":37,"column":null}},"12":{"start":{"line":41,"column":6},"end":{"line":41,"column":null}},"13":{"start":{"line":44,"column":17},"end":{"line":44,"column":null}},"14":{"start":{"line":45,"column":2},"end":{"line":45,"column":null}},"15":{"start":{"line":45,"column":15},"end":{"line":45,"column":null}},"16":{"start":{"line":46,"column":16},"end":{"line":46,"column":null}},"17":{"start":{"line":47,"column":2},"end":{"line":47,"column":null}},"18":{"start":{"line":51,"column":26},"end":{"line":51,"column":null}},"19":{"start":{"line":54,"column":17},"end":{"line":54,"column":null}},"20":{"start":{"line":55,"column":2},"end":{"line":55,"column":null}},"21":{"start":{"line":55,"column":15},"end":{"line":55,"column":null}},"22":{"start":{"line":56,"column":2},"end":{"line":56,"column":null}},"23":{"start":{"line":60,"column":13},"end":{"line":60,"column":null}},"24":{"start":{"line":61,"column":2},"end":{"line":61,"column":null}},"25":{"start":{"line":61,"column":11},"end":{"line":61,"column":null}},"26":{"start":{"line":62,"column":2},"end":{"line":62,"column":null}},"27":{"start":{"line":66,"column":14},"end":{"line":66,"column":null}},"28":{"start":{"line":67,"column":2},"end":{"line":67,"column":null}},"29":{"start":{"line":67,"column":12},"end":{"line":67,"column":null}},"30":{"start":{"line":68,"column":2},"end":{"line":75,"column":null}},"31":{"start":{"line":69,"column":16},"end":{"line":69,"column":null}},"32":{"start":{"line":70,"column":4},"end":{"line":70,"column":null}},"33":{"start":{"line":70,"column":20},"end":{"line":70,"column":null}},"34":{"start":{"line":71,"column":16},"end":{"line":71,"column":null}},"35":{"start":{"line":72,"column":18},"end":{"line":72,"column":null}},"36":{"start":{"line":73,"column":4},"end":{"line":73,"column":null}},"37":{"start":{"line":74,"column":4},"end":{"line":74,"column":null}},"38":{"start":{"line":79,"column":2},"end":{"line":79,"column":null}},"39":{"start":{"line":83,"column":16},"end":{"line":83,"column":null}},"40":{"start":{"line":84,"column":2},"end":{"line":86,"column":null}},"41":{"start":{"line":85,"column":4},"end":{"line":85,"column":null}},"42":{"start":{"line":87,"column":2},"end":{"line":92,"column":null}},"43":{"start":{"line":88,"column":4},"end":{"line":88,"column":null}},"44":{"start":{"line":89,"column":4},"end":{"line":89,"column":null}},"45":{"start":{"line":91,"column":4},"end":{"line":91,"column":null}},"46":{"start":{"line":95,"column":6},"end":{"line":101,"column":null}},"47":{"start":{"line":105,"column":18},"end":{"line":108,"column":null}},"48":{"start":{"line":109,"column":2},"end":{"line":125,"column":null}},"49":{"start":{"line":110,"column":19},"end":{"line":110,"column":null}},"50":{"start":{"line":111,"column":4},"end":{"line":111,"column":null}},"51":{"start":{"line":111,"column":31},"end":{"line":111,"column":null}},"52":{"start":{"line":112,"column":4},"end":{"line":114,"column":null}},"53":{"start":{"line":113,"column":6},"end":{"line":113,"column":null}},"54":{"start":{"line":115,"column":4},"end":{"line":115,"column":null}},"55":{"start":{"line":117,"column":18},"end":{"line":117,"column":null}},"56":{"start":{"line":118,"column":4},"end":{"line":118,"column":null}},"57":{"start":{"line":118,"column":16},"end":{"line":118,"column":null}},"58":{"start":{"line":119,"column":4},"end":{"line":124,"column":null}},"59":{"start":{"line":120,"column":21},"end":{"line":120,"column":null}},"60":{"start":{"line":121,"column":6},"end":{"line":121,"column":null}},"61":{"start":{"line":123,"column":6},"end":{"line":123,"column":null}},"62":{"start":{"line":129,"column":2},"end":{"line":146,"column":null}},"63":{"start":{"line":130,"column":4},"end":{"line":145,"column":null}},"64":{"start":{"line":131,"column":43},"end":{"line":131,"column":null}},"65":{"start":{"line":132,"column":6},"end":{"line":134,"column":null}},"66":{"start":{"line":133,"column":8},"end":{"line":133,"column":null}},"67":{"start":{"line":135,"column":21},"end":{"line":139,"column":null}},"68":{"start":{"line":140,"column":19},"end":{"line":140,"column":null}},"69":{"start":{"line":141,"column":6},"end":{"line":141,"column":null}},"70":{"start":{"line":143,"column":6},"end":{"line":143,"column":null}},"71":{"start":{"line":144,"column":6},"end":{"line":144,"column":null}},"72":{"start":{"line":148,"column":2},"end":{"line":157,"column":null}},"73":{"start":{"line":149,"column":4},"end":{"line":156,"column":null}},"74":{"start":{"line":150,"column":24},"end":{"line":150,"column":null}},"75":{"start":{"line":151,"column":6},"end":{"line":151,"column":null}},"76":{"start":{"line":151,"column":22},"end":{"line":151,"column":null}},"77":{"start":{"line":152,"column":22},"end":{"line":152,"column":null}},"78":{"start":{"line":153,"column":6},"end":{"line":153,"column":null}},"79":{"start":{"line":155,"column":6},"end":{"line":155,"column":null}},"80":{"start":{"line":159,"column":2},"end":{"line":168,"column":null}},"81":{"start":{"line":160,"column":4},"end":{"line":167,"column":null}},"82":{"start":{"line":161,"column":24},"end":{"line":161,"column":null}},"83":{"start":{"line":162,"column":6},"end":{"line":162,"column":null}},"84":{"start":{"line":162,"column":22},"end":{"line":162,"column":null}},"85":{"start":{"line":163,"column":19},"end":{"line":163,"column":null}},"86":{"start":{"line":164,"column":6},"end":{"line":164,"column":null}},"87":{"start":{"line":166,"column":6},"end":{"line":166,"column":null}},"88":{"start":{"line":170,"column":2},"end":{"line":184,"column":null}},"89":{"start":{"line":171,"column":25},"end":{"line":171,"column":null}},"90":{"start":{"line":172,"column":4},"end":{"line":174,"column":null}},"91":{"start":{"line":173,"column":6},"end":{"line":173,"column":null}},"92":{"start":{"line":175,"column":18},"end":{"line":175,"column":null}},"93":{"start":{"line":176,"column":4},"end":{"line":182,"column":null}},"94":{"start":{"line":183,"column":4},"end":{"line":183,"column":null}},"95":{"start":{"line":186,"column":2},"end":{"line":195,"column":null}},"96":{"start":{"line":187,"column":18},"end":{"line":187,"column":null}},"97":{"start":{"line":188,"column":4},"end":{"line":188,"column":null}},"98":{"start":{"line":188,"column":16},"end":{"line":188,"column":null}},"99":{"start":{"line":189,"column":4},"end":{"line":194,"column":null}},"100":{"start":{"line":190,"column":6},"end":{"line":190,"column":null}},"101":{"start":{"line":191,"column":6},"end":{"line":191,"column":null}},"102":{"start":{"line":193,"column":6},"end":{"line":193,"column":null}},"103":{"start":{"line":197,"column":2},"end":{"line":200,"column":null}},"104":{"start":{"line":198,"column":4},"end":{"line":198,"column":null}},"105":{"start":{"line":199,"column":4},"end":{"line":199,"column":null}},"106":{"start":{"line":202,"column":2},"end":{"line":202,"column":null}},"107":{"start":{"line":203,"column":2},"end":{"line":206,"column":null}},"108":{"start":{"line":204,"column":20},"end":{"line":204,"column":null}},"109":{"start":{"line":205,"column":4},"end":{"line":205,"column":null}},"110":{"start":{"line":208,"column":2},"end":{"line":212,"column":null}},"111":{"start":{"line":209,"column":17},"end":{"line":209,"column":null}},"112":{"start":{"line":210,"column":4},"end":{"line":210,"column":null}},"113":{"start":{"line":210,"column":15},"end":{"line":210,"column":null}},"114":{"start":{"line":211,"column":4},"end":{"line":211,"column":null}},"115":{"start":{"line":214,"column":2},"end":{"line":221,"column":null}},"116":{"start":{"line":215,"column":19},"end":{"line":215,"column":null}},"117":{"start":{"line":216,"column":17},"end":{"line":216,"column":null}},"118":{"start":{"line":217,"column":4},"end":{"line":217,"column":null}},"119":{"start":{"line":217,"column":15},"end":{"line":217,"column":null}},"120":{"start":{"line":218,"column":15},"end":{"line":218,"column":null}},"121":{"start":{"line":219,"column":22},"end":{"line":219,"column":null}},"122":{"start":{"line":219,"column":61},"end":{"line":219,"column":65}},"123":{"start":{"line":220,"column":4},"end":{"line":220,"column":null}},"124":{"start":{"line":223,"column":2},"end":{"line":228,"column":null}},"125":{"start":{"line":224,"column":36},"end":{"line":224,"column":null}},"126":{"start":{"line":225,"column":4},"end":{"line":225,"column":null}},"127":{"start":{"line":225,"column":33},"end":{"line":225,"column":null}},"128":{"start":{"line":226,"column":20},"end":{"line":226,"column":null}},"129":{"start":{"line":227,"column":4},"end":{"line":227,"column":null}},"130":{"start":{"line":230,"column":2},"end":{"line":243,"column":null}},"131":{"start":{"line":231,"column":44},"end":{"line":231,"column":null}},"132":{"start":{"line":232,"column":4},"end":{"line":234,"column":null}},"133":{"start":{"line":233,"column":6},"end":{"line":233,"column":null}},"134":{"start":{"line":235,"column":17},"end":{"line":235,"column":null}},"135":{"start":{"line":236,"column":4},"end":{"line":236,"column":null}},"136":{"start":{"line":236,"column":15},"end":{"line":236,"column":null}},"137":{"start":{"line":237,"column":25},"end":{"line":237,"column":null}},"138":{"start":{"line":238,"column":4},"end":{"line":241,"column":null}},"139":{"start":{"line":239,"column":25},"end":{"line":239,"column":null}},"140":{"start":{"line":240,"column":6},"end":{"line":240,"column":null}},"141":{"start":{"line":242,"column":4},"end":{"line":242,"column":null}},"142":{"start":{"line":245,"column":2},"end":{"line":292,"column":null}},"143":{"start":{"line":246,"column":54},"end":{"line":246,"column":null}},"144":{"start":{"line":247,"column":4},"end":{"line":247,"column":null}},"145":{"start":{"line":247,"column":31},"end":{"line":247,"column":null}},"146":{"start":{"line":248,"column":4},"end":{"line":250,"column":null}},"147":{"start":{"line":249,"column":6},"end":{"line":249,"column":null}},"148":{"start":{"line":252,"column":17},"end":{"line":252,"column":null}},"149":{"start":{"line":253,"column":4},"end":{"line":253,"column":null}},"150":{"start":{"line":253,"column":15},"end":{"line":253,"column":null}},"151":{"start":{"line":255,"column":16},"end":{"line":255,"column":null}},"152":{"start":{"line":256,"column":4},"end":{"line":258,"column":null}},"153":{"start":{"line":257,"column":6},"end":{"line":257,"column":null}},"154":{"start":{"line":259,"column":10},"end":{"line":259,"column":null}},"155":{"start":{"line":260,"column":27},"end":{"line":260,"column":null}},"156":{"start":{"line":261,"column":4},"end":{"line":263,"column":null}},"157":{"start":{"line":262,"column":6},"end":{"line":262,"column":null}},"158":{"start":{"line":265,"column":25},"end":{"line":265,"column":null}},"159":{"start":{"line":266,"column":21},"end":{"line":266,"column":null}},"160":{"start":{"line":267,"column":27},"end":{"line":267,"column":null}},"161":{"start":{"line":268,"column":104},"end":{"line":268,"column":null}},"162":{"start":{"line":270,"column":4},"end":{"line":281,"column":null}},"163":{"start":{"line":271,"column":6},"end":{"line":271,"column":null}},"164":{"start":{"line":272,"column":28},"end":{"line":272,"column":null}},"165":{"start":{"line":273,"column":24},"end":{"line":273,"column":null}},"166":{"start":{"line":274,"column":26},"end":{"line":274,"column":null}},"167":{"start":{"line":275,"column":6},"end":{"line":275,"column":null}},"168":{"start":{"line":276,"column":6},"end":{"line":280,"column":null}},"169":{"start":{"line":283,"column":23},"end":{"line":289,"column":null}},"170":{"start":{"line":291,"column":4},"end":{"line":291,"column":null}},"171":{"start":{"line":294,"column":2},"end":{"line":297,"column":null}},"172":{"start":{"line":295,"column":20},"end":{"line":295,"column":null}},"173":{"start":{"line":296,"column":4},"end":{"line":296,"column":null}},"174":{"start":{"line":299,"column":2},"end":{"line":304,"column":null}},"175":{"start":{"line":300,"column":17},"end":{"line":300,"column":null}},"176":{"start":{"line":301,"column":4},"end":{"line":301,"column":null}},"177":{"start":{"line":301,"column":15},"end":{"line":301,"column":null}},"178":{"start":{"line":302,"column":22},"end":{"line":302,"column":null}},"179":{"start":{"line":303,"column":4},"end":{"line":303,"column":null}},"180":{"start":{"line":306,"column":2},"end":{"line":320,"column":null}},"181":{"start":{"line":307,"column":75},"end":{"line":307,"column":null}},"182":{"start":{"line":308,"column":4},"end":{"line":310,"column":null}},"183":{"start":{"line":309,"column":6},"end":{"line":309,"column":null}},"184":{"start":{"line":311,"column":17},"end":{"line":318,"column":null}},"185":{"start":{"line":319,"column":4},"end":{"line":319,"column":null}},"186":{"start":{"line":322,"column":2},"end":{"line":338,"column":null}},"187":{"start":{"line":323,"column":15},"end":{"line":323,"column":null}},"188":{"start":{"line":324,"column":21},"end":{"line":324,"column":null}},"189":{"start":{"line":325,"column":4},"end":{"line":325,"column":null}},"190":{"start":{"line":325,"column":19},"end":{"line":325,"column":null}},"191":{"start":{"line":327,"column":75},"end":{"line":327,"column":null}},"192":{"start":{"line":328,"column":25},"end":{"line":328,"column":null}},"193":{"start":{"line":329,"column":4},"end":{"line":329,"column":null}},"194":{"start":{"line":329,"column":29},"end":{"line":329,"column":null}},"195":{"start":{"line":330,"column":4},"end":{"line":330,"column":null}},"196":{"start":{"line":330,"column":40},"end":{"line":330,"column":null}},"197":{"start":{"line":331,"column":4},"end":{"line":331,"column":null}},"198":{"start":{"line":331,"column":31},"end":{"line":331,"column":null}},"199":{"start":{"line":332,"column":4},"end":{"line":332,"column":null}},"200":{"start":{"line":332,"column":32},"end":{"line":332,"column":null}},"201":{"start":{"line":333,"column":4},"end":{"line":333,"column":null}},"202":{"start":{"line":333,"column":29},"end":{"line":333,"column":null}},"203":{"start":{"line":334,"column":4},"end":{"line":334,"column":null}},"204":{"start":{"line":334,"column":31},"end":{"line":334,"column":null}},"205":{"start":{"line":336,"column":20},"end":{"line":336,"column":null}},"206":{"start":{"line":337,"column":4},"end":{"line":337,"column":null}},"207":{"start":{"line":340,"column":2},"end":{"line":343,"column":null}},"208":{"start":{"line":341,"column":4},"end":{"line":341,"column":null}},"209":{"start":{"line":342,"column":4},"end":{"line":342,"column":null}},"210":{"start":{"line":345,"column":2},"end":{"line":348,"column":null}},"211":{"start":{"line":346,"column":22},"end":{"line":346,"column":null}},"212":{"start":{"line":347,"column":4},"end":{"line":347,"column":null}},"213":{"start":{"line":350,"column":2},"end":{"line":372,"column":null}},"214":{"start":{"line":351,"column":19},"end":{"line":351,"column":null}},"215":{"start":{"line":352,"column":17},"end":{"line":352,"column":null}},"216":{"start":{"line":353,"column":4},"end":{"line":353,"column":null}},"217":{"start":{"line":353,"column":15},"end":{"line":353,"column":null}},"218":{"start":{"line":355,"column":40},"end":{"line":355,"column":null}},"219":{"start":{"line":356,"column":19},"end":{"line":356,"column":null}},"220":{"start":{"line":357,"column":4},"end":{"line":359,"column":null}},"221":{"start":{"line":358,"column":6},"end":{"line":358,"column":null}},"222":{"start":{"line":361,"column":21},"end":{"line":368,"column":null}},"223":{"start":{"line":361,"column":45},"end":{"line":368,"column":6}},"224":{"start":{"line":370,"column":20},"end":{"line":370,"column":null}},"225":{"start":{"line":371,"column":4},"end":{"line":371,"column":null}},"226":{"start":{"line":374,"column":2},"end":{"line":377,"column":null}},"227":{"start":{"line":375,"column":4},"end":{"line":375,"column":null}},"228":{"start":{"line":376,"column":4},"end":{"line":376,"column":null}},"229":{"start":{"line":379,"column":2},"end":{"line":382,"column":null}},"230":{"start":{"line":380,"column":24},"end":{"line":380,"column":null}},"231":{"start":{"line":381,"column":4},"end":{"line":381,"column":null}},"232":{"start":{"line":384,"column":2},"end":{"line":387,"column":null}},"233":{"start":{"line":385,"column":4},"end":{"line":385,"column":null}},"234":{"start":{"line":386,"column":4},"end":{"line":386,"column":null}},"235":{"start":{"line":389,"column":2},"end":{"line":392,"column":null}},"236":{"start":{"line":390,"column":4},"end":{"line":390,"column":null}},"237":{"start":{"line":391,"column":4},"end":{"line":391,"column":null}},"238":{"start":{"line":394,"column":2},"end":{"line":517,"column":null}},"239":{"start":{"line":395,"column":4},"end":{"line":399,"column":null}},"240":{"start":{"line":401,"column":4},"end":{"line":401,"column":null}},"241":{"start":{"line":402,"column":4},"end":{"line":402,"column":null}},"242":{"start":{"line":404,"column":22},"end":{"line":406,"column":null}},"243":{"start":{"line":405,"column":6},"end":{"line":405,"column":null}},"244":{"start":{"line":408,"column":22},"end":{"line":408,"column":null}},"245":{"start":{"line":408,"column":40},"end":{"line":408,"column":70}},"246":{"start":{"line":409,"column":29},"end":{"line":409,"column":null}},"247":{"start":{"line":410,"column":4},"end":{"line":413,"column":null}},"248":{"start":{"line":411,"column":6},"end":{"line":411,"column":null}},"249":{"start":{"line":412,"column":6},"end":{"line":412,"column":null}},"250":{"start":{"line":415,"column":4},"end":{"line":516,"column":null}},"251":{"start":{"line":416,"column":6},"end":{"line":421,"column":null}},"252":{"start":{"line":417,"column":8},"end":{"line":417,"column":null}},"253":{"start":{"line":418,"column":8},"end":{"line":418,"column":null}},"254":{"start":{"line":419,"column":8},"end":{"line":419,"column":null}},"255":{"start":{"line":420,"column":8},"end":{"line":420,"column":null}},"256":{"start":{"line":423,"column":24},"end":{"line":423,"column":null}},"257":{"start":{"line":426,"column":6},"end":{"line":426,"column":null}},"258":{"start":{"line":427,"column":26},"end":{"line":427,"column":null}},"259":{"start":{"line":428,"column":27},"end":{"line":431,"column":null}},"260":{"start":{"line":432,"column":28},"end":{"line":432,"column":null}},"261":{"start":{"line":433,"column":6},"end":{"line":438,"column":null}},"262":{"start":{"line":434,"column":8},"end":{"line":434,"column":null}},"263":{"start":{"line":435,"column":8},"end":{"line":435,"column":null}},"264":{"start":{"line":436,"column":8},"end":{"line":436,"column":null}},"265":{"start":{"line":437,"column":8},"end":{"line":437,"column":null}},"266":{"start":{"line":439,"column":6},"end":{"line":439,"column":null}},"267":{"start":{"line":440,"column":6},"end":{"line":440,"column":null}},"268":{"start":{"line":440,"column":32},"end":{"line":440,"column":58}},"269":{"start":{"line":440,"column":58},"end":{"line":440,"column":69}},"270":{"start":{"line":440,"column":69},"end":{"line":440,"column":77}},"271":{"start":{"line":443,"column":6},"end":{"line":443,"column":null}},"272":{"start":{"line":444,"column":35},"end":{"line":447,"column":null}},"273":{"start":{"line":448,"column":6},"end":{"line":453,"column":null}},"274":{"start":{"line":449,"column":8},"end":{"line":449,"column":null}},"275":{"start":{"line":450,"column":8},"end":{"line":450,"column":null}},"276":{"start":{"line":451,"column":8},"end":{"line":451,"column":null}},"277":{"start":{"line":452,"column":8},"end":{"line":452,"column":null}},"278":{"start":{"line":454,"column":6},"end":{"line":454,"column":null}},"279":{"start":{"line":455,"column":6},"end":{"line":455,"column":null}},"280":{"start":{"line":455,"column":32},"end":{"line":455,"column":58}},"281":{"start":{"line":455,"column":58},"end":{"line":455,"column":69}},"282":{"start":{"line":455,"column":69},"end":{"line":455,"column":77}},"283":{"start":{"line":458,"column":6},"end":{"line":458,"column":null}},"284":{"start":{"line":459,"column":38},"end":{"line":462,"column":null}},"285":{"start":{"line":463,"column":6},"end":{"line":468,"column":null}},"286":{"start":{"line":464,"column":8},"end":{"line":464,"column":null}},"287":{"start":{"line":465,"column":8},"end":{"line":465,"column":null}},"288":{"start":{"line":466,"column":8},"end":{"line":466,"column":null}},"289":{"start":{"line":467,"column":8},"end":{"line":467,"column":null}},"290":{"start":{"line":469,"column":6},"end":{"line":469,"column":null}},"291":{"start":{"line":470,"column":6},"end":{"line":470,"column":null}},"292":{"start":{"line":470,"column":32},"end":{"line":470,"column":58}},"293":{"start":{"line":470,"column":58},"end":{"line":470,"column":69}},"294":{"start":{"line":470,"column":69},"end":{"line":470,"column":77}},"295":{"start":{"line":473,"column":6},"end":{"line":473,"column":null}},"296":{"start":{"line":474,"column":27},"end":{"line":492,"column":null}},"297":{"start":{"line":493,"column":34},"end":{"line":497,"column":null}},"298":{"start":{"line":498,"column":24},"end":{"line":498,"column":null}},"299":{"start":{"line":499,"column":6},"end":{"line":505,"column":null}},"300":{"start":{"line":500,"column":8},"end":{"line":500,"column":null}},"301":{"start":{"line":501,"column":8},"end":{"line":501,"column":null}},"302":{"start":{"line":502,"column":8},"end":{"line":502,"column":null}},"303":{"start":{"line":503,"column":8},"end":{"line":503,"column":null}},"304":{"start":{"line":504,"column":8},"end":{"line":504,"column":null}},"305":{"start":{"line":506,"column":6},"end":{"line":506,"column":null}},"306":{"start":{"line":508,"column":6},"end":{"line":508,"column":null}},"307":{"start":{"line":509,"column":6},"end":{"line":509,"column":null}},"308":{"start":{"line":510,"column":6},"end":{"line":510,"column":null}},"309":{"start":{"line":512,"column":6},"end":{"line":512,"column":null}},"310":{"start":{"line":513,"column":6},"end":{"line":513,"column":null}},"311":{"start":{"line":514,"column":6},"end":{"line":514,"column":null}},"312":{"start":{"line":515,"column":6},"end":{"line":515,"column":null}},"313":{"start":{"line":519,"column":2},"end":{"line":532,"column":null}},"314":{"start":{"line":520,"column":4},"end":{"line":531,"column":null}},"315":{"start":{"line":521,"column":26},"end":{"line":521,"column":null}},"316":{"start":{"line":522,"column":6},"end":{"line":522,"column":null}},"317":{"start":{"line":522,"column":20},"end":{"line":522,"column":null}},"318":{"start":{"line":524,"column":27},"end":{"line":524,"column":null}},"319":{"start":{"line":526,"column":33},"end":{"line":526,"column":null}},"320":{"start":{"line":527,"column":21},"end":{"line":527,"column":null}},"321":{"start":{"line":528,"column":6},"end":{"line":528,"column":null}},"322":{"start":{"line":530,"column":6},"end":{"line":530,"column":null}},"323":{"start":{"line":534,"column":2},"end":{"line":579,"column":null}},"324":{"start":{"line":535,"column":4},"end":{"line":578,"column":null}},"325":{"start":{"line":536,"column":40},"end":{"line":536,"column":null}},"326":{"start":{"line":537,"column":6},"end":{"line":539,"column":null}},"327":{"start":{"line":538,"column":8},"end":{"line":538,"column":null}},"328":{"start":{"line":541,"column":27},"end":{"line":541,"column":null}},"329":{"start":{"line":542,"column":24},"end":{"line":553,"column":null}},"330":{"start":{"line":543,"column":25},"end":{"line":543,"column":null}},"331":{"start":{"line":543,"column":52},"end":{"line":543,"column":72}},"332":{"start":{"line":544,"column":8},"end":{"line":544,"column":null}},"333":{"start":{"line":545,"column":8},"end":{"line":552,"column":null}},"334":{"start":{"line":555,"column":27},"end":{"line":555,"column":null}},"335":{"start":{"line":570,"column":25},"end":{"line":570,"column":null}},"336":{"start":{"line":572,"column":33},"end":{"line":572,"column":null}},"337":{"start":{"line":573,"column":17},"end":{"line":573,"column":null}},"338":{"start":{"line":574,"column":6},"end":{"line":574,"column":null}},"339":{"start":{"line":575,"column":6},"end":{"line":575,"column":null}},"340":{"start":{"line":577,"column":6},"end":{"line":577,"column":null}},"341":{"start":{"line":581,"column":2},"end":{"line":607,"column":null}},"342":{"start":{"line":582,"column":4},"end":{"line":606,"column":null}},"343":{"start":{"line":583,"column":25},"end":{"line":583,"column":null}},"344":{"start":{"line":584,"column":6},"end":{"line":584,"column":null}},"345":{"start":{"line":584,"column":19},"end":{"line":584,"column":null}},"346":{"start":{"line":586,"column":26},"end":{"line":586,"column":null}},"347":{"start":{"line":587,"column":24},"end":{"line":587,"column":null}},"348":{"start":{"line":589,"column":22},"end":{"line":594,"column":null}},"349":{"start":{"line":589,"column":46},"end":{"line":594,"column":8}},"350":{"start":{"line":596,"column":27},"end":{"line":596,"column":null}},"351":{"start":{"line":598,"column":25},"end":{"line":598,"column":null}},"352":{"start":{"line":600,"column":33},"end":{"line":600,"column":null}},"353":{"start":{"line":601,"column":17},"end":{"line":601,"column":null}},"354":{"start":{"line":602,"column":6},"end":{"line":602,"column":null}},"355":{"start":{"line":603,"column":6},"end":{"line":603,"column":null}},"356":{"start":{"line":605,"column":6},"end":{"line":605,"column":null}},"357":{"start":{"line":609,"column":2},"end":{"line":621,"column":null}},"358":{"start":{"line":610,"column":4},"end":{"line":620,"column":null}},"359":{"start":{"line":611,"column":6},"end":{"line":616,"column":null}},"360":{"start":{"line":612,"column":8},"end":{"line":614,"column":null}},"361":{"start":{"line":613,"column":10},"end":{"line":613,"column":null}},"362":{"start":{"line":615,"column":8},"end":{"line":615,"column":null}},"363":{"start":{"line":617,"column":6},"end":{"line":617,"column":null}},"364":{"start":{"line":617,"column":21},"end":{"line":617,"column":null}},"365":{"start":{"line":618,"column":18},"end":{"line":618,"column":null}},"366":{"start":{"line":619,"column":6},"end":{"line":619,"column":null}},"367":{"start":{"line":623,"column":29},"end":{"line":627,"column":null}},"368":{"start":{"line":629,"column":2},"end":{"line":671,"column":null}},"369":{"start":{"line":630,"column":4},"end":{"line":670,"column":null}},"370":{"start":{"line":631,"column":21},"end":{"line":631,"column":null}},"371":{"start":{"line":632,"column":6},"end":{"line":634,"column":null}},"372":{"start":{"line":633,"column":8},"end":{"line":633,"column":null}},"373":{"start":{"line":636,"column":50},"end":{"line":636,"column":null}},"374":{"start":{"line":637,"column":24},"end":{"line":637,"column":null}},"375":{"start":{"line":639,"column":21},"end":{"line":639,"column":null}},"376":{"start":{"line":641,"column":19},"end":{"line":646,"column":null}},"377":{"start":{"line":648,"column":32},"end":{"line":657,"column":null}},"378":{"start":{"line":649,"column":37},"end":{"line":656,"column":10}},"379":{"start":{"line":659,"column":6},"end":{"line":666,"column":null}},"380":{"start":{"line":668,"column":6},"end":{"line":668,"column":null}},"381":{"start":{"line":669,"column":6},"end":{"line":669,"column":null}},"382":{"start":{"line":673,"column":2},"end":{"line":680,"column":null}},"383":{"start":{"line":674,"column":4},"end":{"line":679,"column":null}},"384":{"start":{"line":675,"column":25},"end":{"line":675,"column":null}},"385":{"start":{"line":676,"column":6},"end":{"line":676,"column":null}},"386":{"start":{"line":678,"column":6},"end":{"line":678,"column":null}},"387":{"start":{"line":682,"column":2},"end":{"line":693,"column":null}},"388":{"start":{"line":683,"column":4},"end":{"line":692,"column":null}},"389":{"start":{"line":684,"column":17},"end":{"line":684,"column":null}},"390":{"start":{"line":685,"column":6},"end":{"line":685,"column":null}},"391":{"start":{"line":685,"column":21},"end":{"line":685,"column":null}},"392":{"start":{"line":687,"column":19},"end":{"line":687,"column":null}},"393":{"start":{"line":688,"column":6},"end":{"line":688,"column":null}},"394":{"start":{"line":688,"column":17},"end":{"line":688,"column":null}},"395":{"start":{"line":689,"column":6},"end":{"line":689,"column":null}},"396":{"start":{"line":691,"column":6},"end":{"line":691,"column":null}},"397":{"start":{"line":695,"column":2},"end":{"line":706,"column":null}},"398":{"start":{"line":696,"column":4},"end":{"line":705,"column":null}},"399":{"start":{"line":697,"column":17},"end":{"line":697,"column":null}},"400":{"start":{"line":698,"column":6},"end":{"line":698,"column":null}},"401":{"start":{"line":698,"column":21},"end":{"line":698,"column":null}},"402":{"start":{"line":700,"column":27},"end":{"line":700,"column":null}},"403":{"start":{"line":701,"column":24},"end":{"line":701,"column":null}},"404":{"start":{"line":701,"column":86},"end":{"line":701,"column":90}},"405":{"start":{"line":702,"column":6},"end":{"line":702,"column":null}},"406":{"start":{"line":704,"column":6},"end":{"line":704,"column":null}},"407":{"start":{"line":708,"column":2},"end":{"line":708,"column":null}}},"fnMap":{"0":{"name":"(anonymous_0)","decl":{"start":{"line":21,"column":17},"end":{"line":21,"column":18}},"loc":{"start":{"line":21,"column":38},"end":{"line":25,"column":null}},"line":21},"1":{"name":"(anonymous_1)","decl":{"start":{"line":26,"column":14},"end":{"line":26,"column":15}},"loc":{"start":{"line":26,"column":34},"end":{"line":29,"column":null}},"line":26},"2":{"name":"(anonymous_2)","decl":{"start":{"line":32,"column":14},"end":{"line":32,"column":15}},"loc":{"start":{"line":32,"column":34},"end":{"line":38,"column":null}},"line":32},"3":{"name":"getGeminiModel","decl":{"start":{"line":43,"column":9},"end":{"line":43,"column":26}},"loc":{"start":{"line":43,"column":26},"end":{"line":48,"column":null}},"line":43},"4":{"name":"getJwtSecret","decl":{"start":{"line":53,"column":9},"end":{"line":53,"column":32}},"loc":{"start":{"line":53,"column":32},"end":{"line":57,"column":null}},"line":53},"5":{"name":"getAdminPassword","decl":{"start":{"line":59,"column":9},"end":{"line":59,"column":36}},"loc":{"start":{"line":59,"column":36},"end":{"line":63,"column":null}},"line":59},"6":{"name":"parseCookies","decl":{"start":{"line":65,"column":9},"end":{"line":65,"column":22}},"loc":{"start":{"line":65,"column":36},"end":{"line":76,"column":null}},"line":65},"7":{"name":"(anonymous_7)","decl":{"start":{"line":68,"column":55},"end":{"line":68,"column":56}},"loc":{"start":{"line":68,"column":70},"end":{"line":75,"column":5}},"line":68},"8":{"name":"getAdminSessionToken","decl":{"start":{"line":78,"column":9},"end":{"line":78,"column":30}},"loc":{"start":{"line":78,"column":44},"end":{"line":80,"column":null}},"line":78},"9":{"name":"requireAdmin","decl":{"start":{"line":82,"column":9},"end":{"line":82,"column":22}},"loc":{"start":{"line":82,"column":71},"end":{"line":93,"column":null}},"line":82},"10":{"name":"extractJsonArray","decl":{"start":{"line":104,"column":9},"end":{"line":104,"column":26}},"loc":{"start":{"line":104,"column":54},"end":{"line":126,"column":null}},"line":104},"11":{"name":"registerRoutes","decl":{"start":{"line":128,"column":22},"end":{"line":128,"column":37}},"loc":{"start":{"line":128,"column":88},"end":{"line":709,"column":null}},"line":128},"12":{"name":"(anonymous_12)","decl":{"start":{"line":129,"column":29},"end":{"line":129,"column":36}},"loc":{"start":{"line":129,"column":49},"end":{"line":146,"column":3}},"line":129},"13":{"name":"(anonymous_13)","decl":{"start":{"line":148,"column":34},"end":{"line":148,"column":41}},"loc":{"start":{"line":148,"column":54},"end":{"line":157,"column":3}},"line":148},"14":{"name":"(anonymous_14)","decl":{"start":{"line":159,"column":38},"end":{"line":159,"column":45}},"loc":{"start":{"line":159,"column":58},"end":{"line":168,"column":3}},"line":159},"15":{"name":"(anonymous_15)","decl":{"start":{"line":170,"column":45},"end":{"line":170,"column":52}},"loc":{"start":{"line":170,"column":65},"end":{"line":184,"column":3}},"line":170},"16":{"name":"(anonymous_16)","decl":{"start":{"line":186,"column":32},"end":{"line":186,"column":39}},"loc":{"start":{"line":186,"column":52},"end":{"line":195,"column":3}},"line":186},"17":{"name":"(anonymous_17)","decl":{"start":{"line":197,"column":32},"end":{"line":197,"column":39}},"loc":{"start":{"line":197,"column":52},"end":{"line":200,"column":3}},"line":197},"18":{"name":"(anonymous_18)","decl":{"start":{"line":203,"column":26},"end":{"line":203,"column":33}},"loc":{"start":{"line":203,"column":47},"end":{"line":206,"column":3}},"line":203},"19":{"name":"(anonymous_19)","decl":{"start":{"line":208,"column":30},"end":{"line":208,"column":37}},"loc":{"start":{"line":208,"column":50},"end":{"line":212,"column":3}},"line":208},"20":{"name":"(anonymous_20)","decl":{"start":{"line":214,"column":40},"end":{"line":214,"column":47}},"loc":{"start":{"line":214,"column":60},"end":{"line":221,"column":3}},"line":214},"21":{"name":"(anonymous_21)","decl":{"start":{"line":219,"column":29},"end":{"line":219,"column":30}},"loc":{"start":{"line":219,"column":61},"end":{"line":219,"column":65}},"line":219},"22":{"name":"(anonymous_22)","decl":{"start":{"line":223,"column":28},"end":{"line":223,"column":35}},"loc":{"start":{"line":223,"column":48},"end":{"line":228,"column":3}},"line":223},"23":{"name":"(anonymous_23)","decl":{"start":{"line":230,"column":36},"end":{"line":230,"column":43}},"loc":{"start":{"line":230,"column":56},"end":{"line":243,"column":3}},"line":230},"24":{"name":"(anonymous_24)","decl":{"start":{"line":245,"column":31},"end":{"line":245,"column":38}},"loc":{"start":{"line":245,"column":51},"end":{"line":292,"column":3}},"line":245},"25":{"name":"(anonymous_25)","decl":{"start":{"line":294,"column":32},"end":{"line":294,"column":39}},"loc":{"start":{"line":294,"column":53},"end":{"line":297,"column":3}},"line":294},"26":{"name":"(anonymous_26)","decl":{"start":{"line":299,"column":36},"end":{"line":299,"column":43}},"loc":{"start":{"line":299,"column":56},"end":{"line":304,"column":3}},"line":299},"27":{"name":"(anonymous_27)","decl":{"start":{"line":306,"column":33},"end":{"line":306,"column":40}},"loc":{"start":{"line":306,"column":53},"end":{"line":320,"column":3}},"line":306},"28":{"name":"(anonymous_28)","decl":{"start":{"line":322,"column":50},"end":{"line":322,"column":57}},"loc":{"start":{"line":322,"column":70},"end":{"line":338,"column":3}},"line":322},"29":{"name":"(anonymous_29)","decl":{"start":{"line":340,"column":39},"end":{"line":340,"column":46}},"loc":{"start":{"line":340,"column":59},"end":{"line":343,"column":3}},"line":340},"30":{"name":"(anonymous_30)","decl":{"start":{"line":345,"column":46},"end":{"line":345,"column":53}},"loc":{"start":{"line":345,"column":66},"end":{"line":348,"column":3}},"line":345},"31":{"name":"(anonymous_31)","decl":{"start":{"line":350,"column":47},"end":{"line":350,"column":54}},"loc":{"start":{"line":350,"column":67},"end":{"line":372,"column":3}},"line":350},"32":{"name":"(anonymous_32)","decl":{"start":{"line":361,"column":37},"end":{"line":361,"column":38}},"loc":{"start":{"line":361,"column":45},"end":{"line":368,"column":6}},"line":361},"33":{"name":"(anonymous_33)","decl":{"start":{"line":374,"column":41},"end":{"line":374,"column":48}},"loc":{"start":{"line":374,"column":61},"end":{"line":377,"column":3}},"line":374},"34":{"name":"(anonymous_34)","decl":{"start":{"line":379,"column":48},"end":{"line":379,"column":55}},"loc":{"start":{"line":379,"column":68},"end":{"line":382,"column":3}},"line":379},"35":{"name":"(anonymous_35)","decl":{"start":{"line":384,"column":43},"end":{"line":384,"column":50}},"loc":{"start":{"line":384,"column":63},"end":{"line":387,"column":3}},"line":384},"36":{"name":"(anonymous_36)","decl":{"start":{"line":389,"column":51},"end":{"line":389,"column":58}},"loc":{"start":{"line":389,"column":71},"end":{"line":392,"column":3}},"line":389},"37":{"name":"(anonymous_37)","decl":{"start":{"line":394,"column":77},"end":{"line":394,"column":84}},"loc":{"start":{"line":394,"column":97},"end":{"line":517,"column":3}},"line":394},"38":{"name":"(anonymous_38)","decl":{"start":{"line":404,"column":22},"end":{"line":404,"column":23}},"loc":{"start":{"line":404,"column":52},"end":{"line":406,"column":null}},"line":404},"39":{"name":"(anonymous_39)","decl":{"start":{"line":408,"column":34},"end":{"line":408,"column":40}},"loc":{"start":{"line":408,"column":40},"end":{"line":408,"column":70}},"line":408},"40":{"name":"(anonymous_40)","decl":{"start":{"line":410,"column":20},"end":{"line":410,"column":26}},"loc":{"start":{"line":410,"column":26},"end":{"line":413,"column":5}},"line":410},"41":{"name":"(anonymous_41)","decl":{"start":{"line":519,"column":38},"end":{"line":519,"column":45}},"loc":{"start":{"line":519,"column":58},"end":{"line":532,"column":3}},"line":519},"42":{"name":"(anonymous_42)","decl":{"start":{"line":534,"column":49},"end":{"line":534,"column":56}},"loc":{"start":{"line":534,"column":69},"end":{"line":579,"column":3}},"line":534},"43":{"name":"(anonymous_43)","decl":{"start":{"line":542,"column":72},"end":{"line":542,"column":73}},"loc":{"start":{"line":542,"column":106},"end":{"line":553,"column":7}},"line":542},"44":{"name":"(anonymous_44)","decl":{"start":{"line":543,"column":40},"end":{"line":543,"column":41}},"loc":{"start":{"line":543,"column":52},"end":{"line":543,"column":72}},"line":543},"45":{"name":"(anonymous_45)","decl":{"start":{"line":581,"column":47},"end":{"line":581,"column":54}},"loc":{"start":{"line":581,"column":67},"end":{"line":607,"column":3}},"line":581},"46":{"name":"(anonymous_46)","decl":{"start":{"line":589,"column":38},"end":{"line":589,"column":39}},"loc":{"start":{"line":589,"column":46},"end":{"line":594,"column":8}},"line":589},"47":{"name":"(anonymous_47)","decl":{"start":{"line":609,"column":46},"end":{"line":609,"column":47}},"loc":{"start":{"line":609,"column":60},"end":{"line":621,"column":3}},"line":609},"48":{"name":"(anonymous_48)","decl":{"start":{"line":610,"column":37},"end":{"line":610,"column":38}},"loc":{"start":{"line":610,"column":51},"end":{"line":620,"column":5}},"line":610},"49":{"name":"(anonymous_49)","decl":{"start":{"line":629,"column":47},"end":{"line":629,"column":54}},"loc":{"start":{"line":629,"column":67},"end":{"line":671,"column":3}},"line":629},"50":{"name":"(anonymous_50)","decl":{"start":{"line":649,"column":29},"end":{"line":649,"column":30}},"loc":{"start":{"line":649,"column":37},"end":{"line":656,"column":10}},"line":649},"51":{"name":"(anonymous_51)","decl":{"start":{"line":673,"column":31},"end":{"line":673,"column":38}},"loc":{"start":{"line":673,"column":52},"end":{"line":680,"column":3}},"line":673},"52":{"name":"(anonymous_52)","decl":{"start":{"line":682,"column":35},"end":{"line":682,"column":42}},"loc":{"start":{"line":682,"column":55},"end":{"line":693,"column":3}},"line":682},"53":{"name":"(anonymous_53)","decl":{"start":{"line":695,"column":45},"end":{"line":695,"column":52}},"loc":{"start":{"line":695,"column":65},"end":{"line":706,"column":3}},"line":695},"54":{"name":"(anonymous_54)","decl":{"start":{"line":701,"column":41},"end":{"line":701,"column":42}},"loc":{"start":{"line":701,"column":86},"end":{"line":701,"column":90}},"line":701}},"branchMap":{"0":{"loc":{"start":{"line":23,"column":6},"end":{"line":23,"column":null}},"type":"if","locations":[{"start":{"line":23,"column":6},"end":{"line":23,"column":null}},{"start":{},"end":{}}],"line":23},"1":{"loc":{"start":{"line":33,"column":4},"end":{"line":36,"column":null}},"type":"if","locations":[{"start":{"line":33,"column":4},"end":{"line":36,"column":null}},{"start":{},"end":{}}],"line":33},"2":{"loc":{"start":{"line":45,"column":2},"end":{"line":45,"column":null}},"type":"if","locations":[{"start":{"line":45,"column":2},"end":{"line":45,"column":null}},{"start":{},"end":{}}],"line":45},"3":{"loc":{"start":{"line":55,"column":2},"end":{"line":55,"column":null}},"type":"if","locations":[{"start":{"line":55,"column":2},"end":{"line":55,"column":null}},{"start":{},"end":{}}],"line":55},"4":{"loc":{"start":{"line":61,"column":2},"end":{"line":61,"column":null}},"type":"if","locations":[{"start":{"line":61,"column":2},"end":{"line":61,"column":null}},{"start":{},"end":{}}],"line":61},"5":{"loc":{"start":{"line":67,"column":2},"end":{"line":67,"column":null}},"type":"if","locations":[{"start":{"line":67,"column":2},"end":{"line":67,"column":null}},{"start":{},"end":{}}],"line":67},"6":{"loc":{"start":{"line":70,"column":4},"end":{"line":70,"column":null}},"type":"if","locations":[{"start":{"line":70,"column":4},"end":{"line":70,"column":null}},{"start":{},"end":{}}],"line":70},"7":{"loc":{"start":{"line":79,"column":9},"end":{"line":79,"column":null}},"type":"binary-expr","locations":[{"start":{"line":79,"column":9},"end":{"line":79,"column":49}},{"start":{"line":79,"column":49},"end":{"line":79,"column":null}}],"line":79},"8":{"loc":{"start":{"line":84,"column":2},"end":{"line":86,"column":null}},"type":"if","locations":[{"start":{"line":84,"column":2},"end":{"line":86,"column":null}},{"start":{},"end":{}}],"line":84},"9":{"loc":{"start":{"line":111,"column":4},"end":{"line":111,"column":null}},"type":"if","locations":[{"start":{"line":111,"column":4},"end":{"line":111,"column":null}},{"start":{},"end":{}}],"line":111},"10":{"loc":{"start":{"line":112,"column":4},"end":{"line":114,"column":null}},"type":"if","locations":[{"start":{"line":112,"column":4},"end":{"line":114,"column":null}},{"start":{},"end":{}}],"line":112},"11":{"loc":{"start":{"line":112,"column":8},"end":{"line":112,"column":80}},"type":"binary-expr","locations":[{"start":{"line":112,"column":8},"end":{"line":112,"column":18}},{"start":{"line":112,"column":18},"end":{"line":112,"column":80}}],"line":112},"12":{"loc":{"start":{"line":118,"column":4},"end":{"line":118,"column":null}},"type":"if","locations":[{"start":{"line":118,"column":4},"end":{"line":118,"column":null}},{"start":{},"end":{}}],"line":118},"13":{"loc":{"start":{"line":121,"column":13},"end":{"line":121,"column":null}},"type":"cond-expr","locations":[{"start":{"line":121,"column":37},"end":{"line":121,"column":46}},{"start":{"line":121,"column":46},"end":{"line":121,"column":null}}],"line":121},"14":{"loc":{"start":{"line":132,"column":6},"end":{"line":134,"column":null}},"type":"if","locations":[{"start":{"line":132,"column":6},"end":{"line":134,"column":null}},{"start":{},"end":{}}],"line":132},"15":{"loc":{"start":{"line":132,"column":10},"end":{"line":132,"column":25}},"type":"binary-expr","locations":[{"start":{"line":132,"column":10},"end":{"line":132,"column":17}},{"start":{"line":132,"column":17},"end":{"line":132,"column":25}}],"line":132},"16":{"loc":{"start":{"line":138,"column":21},"end":{"line":138,"column":null}},"type":"binary-expr","locations":[{"start":{"line":138,"column":21},"end":{"line":138,"column":52}},{"start":{"line":138,"column":52},"end":{"line":138,"column":80}},{"start":{"line":138,"column":80},"end":{"line":138,"column":null}}],"line":138},"17":{"loc":{"start":{"line":144,"column":38},"end":{"line":144,"column":75}},"type":"binary-expr","locations":[{"start":{"line":144,"column":38},"end":{"line":144,"column":53}},{"start":{"line":144,"column":53},"end":{"line":144,"column":75}}],"line":144},"18":{"loc":{"start":{"line":151,"column":6},"end":{"line":151,"column":null}},"type":"if","locations":[{"start":{"line":151,"column":6},"end":{"line":151,"column":null}},{"start":{},"end":{}}],"line":151},"19":{"loc":{"start":{"line":155,"column":38},"end":{"line":155,"column":79}},"type":"binary-expr","locations":[{"start":{"line":155,"column":38},"end":{"line":155,"column":53}},{"start":{"line":155,"column":53},"end":{"line":155,"column":79}}],"line":155},"20":{"loc":{"start":{"line":162,"column":6},"end":{"line":162,"column":null}},"type":"if","locations":[{"start":{"line":162,"column":6},"end":{"line":162,"column":null}},{"start":{},"end":{}}],"line":162},"21":{"loc":{"start":{"line":166,"column":38},"end":{"line":166,"column":83}},"type":"binary-expr","locations":[{"start":{"line":166,"column":38},"end":{"line":166,"column":53}},{"start":{"line":166,"column":53},"end":{"line":166,"column":83}}],"line":166},"22":{"loc":{"start":{"line":172,"column":4},"end":{"line":174,"column":null}},"type":"if","locations":[{"start":{"line":172,"column":4},"end":{"line":174,"column":null}},{"start":{},"end":{}}],"line":172},"23":{"loc":{"start":{"line":172,"column":15},"end":{"line":172,"column":29}},"type":"binary-expr","locations":[{"start":{"line":172,"column":15},"end":{"line":172,"column":27}},{"start":{"line":172,"column":27},"end":{"line":172,"column":29}}],"line":172},"24":{"loc":{"start":{"line":188,"column":4},"end":{"line":188,"column":null}},"type":"if","locations":[{"start":{"line":188,"column":4},"end":{"line":188,"column":null}},{"start":{},"end":{}}],"line":188},"25":{"loc":{"start":{"line":210,"column":4},"end":{"line":210,"column":null}},"type":"if","locations":[{"start":{"line":210,"column":4},"end":{"line":210,"column":null}},{"start":{},"end":{}}],"line":210},"26":{"loc":{"start":{"line":217,"column":4},"end":{"line":217,"column":null}},"type":"if","locations":[{"start":{"line":217,"column":4},"end":{"line":217,"column":null}},{"start":{},"end":{}}],"line":217},"27":{"loc":{"start":{"line":225,"column":4},"end":{"line":225,"column":null}},"type":"if","locations":[{"start":{"line":225,"column":4},"end":{"line":225,"column":null}},{"start":{},"end":{}}],"line":225},"28":{"loc":{"start":{"line":225,"column":8},"end":{"line":225,"column":33}},"type":"binary-expr","locations":[{"start":{"line":225,"column":8},"end":{"line":225,"column":22}},{"start":{"line":225,"column":22},"end":{"line":225,"column":33}}],"line":225},"29":{"loc":{"start":{"line":232,"column":4},"end":{"line":234,"column":null}},"type":"if","locations":[{"start":{"line":232,"column":4},"end":{"line":234,"column":null}},{"start":{},"end":{}}],"line":232},"30":{"loc":{"start":{"line":232,"column":8},"end":{"line":232,"column":44}},"type":"binary-expr","locations":[{"start":{"line":232,"column":8},"end":{"line":232,"column":19}},{"start":{"line":232,"column":19},"end":{"line":232,"column":33}},{"start":{"line":232,"column":33},"end":{"line":232,"column":44}}],"line":232},"31":{"loc":{"start":{"line":236,"column":4},"end":{"line":236,"column":null}},"type":"if","locations":[{"start":{"line":236,"column":4},"end":{"line":236,"column":null}},{"start":{},"end":{}}],"line":236},"32":{"loc":{"start":{"line":238,"column":4},"end":{"line":241,"column":null}},"type":"if","locations":[{"start":{"line":238,"column":4},"end":{"line":241,"column":null}},{"start":{},"end":{}}],"line":238},"33":{"loc":{"start":{"line":240,"column":56},"end":{"line":240,"column":85}},"type":"binary-expr","locations":[{"start":{"line":240,"column":56},"end":{"line":240,"column":82}},{"start":{"line":240,"column":82},"end":{"line":240,"column":85}}],"line":240},"34":{"loc":{"start":{"line":240,"column":103},"end":{"line":240,"column":137}},"type":"binary-expr","locations":[{"start":{"line":240,"column":103},"end":{"line":240,"column":135}},{"start":{"line":240,"column":135},"end":{"line":240,"column":137}}],"line":240},"35":{"loc":{"start":{"line":247,"column":4},"end":{"line":247,"column":null}},"type":"if","locations":[{"start":{"line":247,"column":4},"end":{"line":247,"column":null}},{"start":{},"end":{}}],"line":247},"36":{"loc":{"start":{"line":247,"column":8},"end":{"line":247,"column":31}},"type":"binary-expr","locations":[{"start":{"line":247,"column":8},"end":{"line":247,"column":22}},{"start":{"line":247,"column":22},"end":{"line":247,"column":31}}],"line":247},"37":{"loc":{"start":{"line":248,"column":4},"end":{"line":250,"column":null}},"type":"if","locations":[{"start":{"line":248,"column":4},"end":{"line":250,"column":null}},{"start":{},"end":{}}],"line":248},"38":{"loc":{"start":{"line":248,"column":8},"end":{"line":248,"column":70}},"type":"binary-expr","locations":[{"start":{"line":248,"column":8},"end":{"line":248,"column":41}},{"start":{"line":248,"column":41},"end":{"line":248,"column":70}}],"line":248},"39":{"loc":{"start":{"line":253,"column":4},"end":{"line":253,"column":null}},"type":"if","locations":[{"start":{"line":253,"column":4},"end":{"line":253,"column":null}},{"start":{},"end":{}}],"line":253},"40":{"loc":{"start":{"line":256,"column":4},"end":{"line":258,"column":null}},"type":"if","locations":[{"start":{"line":256,"column":4},"end":{"line":258,"column":null}},{"start":{},"end":{}}],"line":256},"41":{"loc":{"start":{"line":261,"column":4},"end":{"line":263,"column":null}},"type":"if","locations":[{"start":{"line":261,"column":4},"end":{"line":263,"column":null}},{"start":{},"end":{}}],"line":261},"42":{"loc":{"start":{"line":272,"column":28},"end":{"line":272,"column":null}},"type":"binary-expr","locations":[{"start":{"line":272,"column":28},"end":{"line":272,"column":47}},{"start":{"line":272,"column":47},"end":{"line":272,"column":null}}],"line":272},"43":{"loc":{"start":{"line":274,"column":26},"end":{"line":274,"column":null}},"type":"cond-expr","locations":[{"start":{"line":274,"column":38},"end":{"line":274,"column":53}},{"start":{"line":274,"column":53},"end":{"line":274,"column":null}}],"line":274},"44":{"loc":{"start":{"line":301,"column":4},"end":{"line":301,"column":null}},"type":"if","locations":[{"start":{"line":301,"column":4},"end":{"line":301,"column":null}},{"start":{},"end":{}}],"line":301},"45":{"loc":{"start":{"line":308,"column":4},"end":{"line":310,"column":null}},"type":"if","locations":[{"start":{"line":308,"column":4},"end":{"line":310,"column":null}},{"start":{},"end":{}}],"line":308},"46":{"loc":{"start":{"line":308,"column":8},"end":{"line":308,"column":49}},"type":"binary-expr","locations":[{"start":{"line":308,"column":8},"end":{"line":308,"column":18}},{"start":{"line":308,"column":18},"end":{"line":308,"column":39}},{"start":{"line":308,"column":39},"end":{"line":308,"column":49}}],"line":308},"47":{"loc":{"start":{"line":315,"column":16},"end":{"line":315,"column":null}},"type":"binary-expr","locations":[{"start":{"line":315,"column":16},"end":{"line":315,"column":28}},{"start":{"line":315,"column":28},"end":{"line":315,"column":null}}],"line":315},"48":{"loc":{"start":{"line":316,"column":13},"end":{"line":316,"column":null}},"type":"binary-expr","locations":[{"start":{"line":316,"column":13},"end":{"line":316,"column":22}},{"start":{"line":316,"column":22},"end":{"line":316,"column":null}}],"line":316},"49":{"loc":{"start":{"line":317,"column":15},"end":{"line":317,"column":null}},"type":"binary-expr","locations":[{"start":{"line":317,"column":15},"end":{"line":317,"column":26}},{"start":{"line":317,"column":26},"end":{"line":317,"column":null}}],"line":317},"50":{"loc":{"start":{"line":325,"column":4},"end":{"line":325,"column":null}},"type":"if","locations":[{"start":{"line":325,"column":4},"end":{"line":325,"column":null}},{"start":{},"end":{}}],"line":325},"51":{"loc":{"start":{"line":329,"column":4},"end":{"line":329,"column":null}},"type":"if","locations":[{"start":{"line":329,"column":4},"end":{"line":329,"column":null}},{"start":{},"end":{}}],"line":329},"52":{"loc":{"start":{"line":330,"column":4},"end":{"line":330,"column":null}},"type":"if","locations":[{"start":{"line":330,"column":4},"end":{"line":330,"column":null}},{"start":{},"end":{}}],"line":330},"53":{"loc":{"start":{"line":331,"column":4},"end":{"line":331,"column":null}},"type":"if","locations":[{"start":{"line":331,"column":4},"end":{"line":331,"column":null}},{"start":{},"end":{}}],"line":331},"54":{"loc":{"start":{"line":332,"column":4},"end":{"line":332,"column":null}},"type":"if","locations":[{"start":{"line":332,"column":4},"end":{"line":332,"column":null}},{"start":{},"end":{}}],"line":332},"55":{"loc":{"start":{"line":332,"column":51},"end":{"line":332,"column":null}},"type":"binary-expr","locations":[{"start":{"line":332,"column":51},"end":{"line":332,"column":63}},{"start":{"line":332,"column":63},"end":{"line":332,"column":null}}],"line":332},"56":{"loc":{"start":{"line":333,"column":4},"end":{"line":333,"column":null}},"type":"if","locations":[{"start":{"line":333,"column":4},"end":{"line":333,"column":null}},{"start":{},"end":{}}],"line":333},"57":{"loc":{"start":{"line":333,"column":45},"end":{"line":333,"column":null}},"type":"binary-expr","locations":[{"start":{"line":333,"column":45},"end":{"line":333,"column":54}},{"start":{"line":333,"column":54},"end":{"line":333,"column":null}}],"line":333},"58":{"loc":{"start":{"line":334,"column":4},"end":{"line":334,"column":null}},"type":"if","locations":[{"start":{"line":334,"column":4},"end":{"line":334,"column":null}},{"start":{},"end":{}}],"line":334},"59":{"loc":{"start":{"line":334,"column":49},"end":{"line":334,"column":null}},"type":"binary-expr","locations":[{"start":{"line":334,"column":49},"end":{"line":334,"column":60}},{"start":{"line":334,"column":60},"end":{"line":334,"column":null}}],"line":334},"60":{"loc":{"start":{"line":353,"column":4},"end":{"line":353,"column":null}},"type":"if","locations":[{"start":{"line":353,"column":4},"end":{"line":353,"column":null}},{"start":{},"end":{}}],"line":353},"61":{"loc":{"start":{"line":357,"column":4},"end":{"line":359,"column":null}},"type":"if","locations":[{"start":{"line":357,"column":4},"end":{"line":359,"column":null}},{"start":{},"end":{}}],"line":357},"62":{"loc":{"start":{"line":364,"column":16},"end":{"line":364,"column":null}},"type":"binary-expr","locations":[{"start":{"line":364,"column":16},"end":{"line":364,"column":31}},{"start":{"line":364,"column":31},"end":{"line":364,"column":null}}],"line":364},"63":{"loc":{"start":{"line":416,"column":6},"end":{"line":421,"column":null}},"type":"if","locations":[{"start":{"line":416,"column":6},"end":{"line":421,"column":null}},{"start":{},"end":{}}],"line":416},"64":{"loc":{"start":{"line":433,"column":6},"end":{"line":438,"column":null}},"type":"if","locations":[{"start":{"line":433,"column":6},"end":{"line":438,"column":null}},{"start":{},"end":{}}],"line":433},"65":{"loc":{"start":{"line":433,"column":10},"end":{"line":433,"column":62}},"type":"binary-expr","locations":[{"start":{"line":433,"column":10},"end":{"line":433,"column":28}},{"start":{"line":433,"column":28},"end":{"line":433,"column":62}}],"line":433},"66":{"loc":{"start":{"line":440,"column":6},"end":{"line":440,"column":null}},"type":"if","locations":[{"start":{"line":440,"column":6},"end":{"line":440,"column":null}},{"start":{},"end":{}}],"line":440},"67":{"loc":{"start":{"line":448,"column":6},"end":{"line":453,"column":null}},"type":"if","locations":[{"start":{"line":448,"column":6},"end":{"line":453,"column":null}},{"start":{},"end":{}}],"line":448},"68":{"loc":{"start":{"line":448,"column":10},"end":{"line":448,"column":56}},"type":"binary-expr","locations":[{"start":{"line":448,"column":10},"end":{"line":448,"column":25}},{"start":{"line":448,"column":25},"end":{"line":448,"column":56}}],"line":448},"69":{"loc":{"start":{"line":455,"column":6},"end":{"line":455,"column":null}},"type":"if","locations":[{"start":{"line":455,"column":6},"end":{"line":455,"column":null}},{"start":{},"end":{}}],"line":455},"70":{"loc":{"start":{"line":463,"column":6},"end":{"line":468,"column":null}},"type":"if","locations":[{"start":{"line":463,"column":6},"end":{"line":468,"column":null}},{"start":{},"end":{}}],"line":463},"71":{"loc":{"start":{"line":463,"column":10},"end":{"line":463,"column":62}},"type":"binary-expr","locations":[{"start":{"line":463,"column":10},"end":{"line":463,"column":28}},{"start":{"line":463,"column":28},"end":{"line":463,"column":62}}],"line":463},"72":{"loc":{"start":{"line":470,"column":6},"end":{"line":470,"column":null}},"type":"if","locations":[{"start":{"line":470,"column":6},"end":{"line":470,"column":null}},{"start":{},"end":{}}],"line":470},"73":{"loc":{"start":{"line":499,"column":6},"end":{"line":505,"column":null}},"type":"if","locations":[{"start":{"line":499,"column":6},"end":{"line":505,"column":null}},{"start":{},"end":{}}],"line":499},"74":{"loc":{"start":{"line":499,"column":10},"end":{"line":499,"column":48}},"type":"binary-expr","locations":[{"start":{"line":499,"column":10},"end":{"line":499,"column":24}},{"start":{"line":499,"column":24},"end":{"line":499,"column":48}}],"line":499},"75":{"loc":{"start":{"line":522,"column":6},"end":{"line":522,"column":null}},"type":"if","locations":[{"start":{"line":522,"column":6},"end":{"line":522,"column":null}},{"start":{},"end":{}}],"line":522},"76":{"loc":{"start":{"line":527,"column":21},"end":{"line":527,"column":null}},"type":"binary-expr","locations":[{"start":{"line":527,"column":21},"end":{"line":527,"column":47}},{"start":{"line":527,"column":47},"end":{"line":527,"column":null}}],"line":527},"77":{"loc":{"start":{"line":537,"column":6},"end":{"line":539,"column":null}},"type":"if","locations":[{"start":{"line":537,"column":6},"end":{"line":539,"column":null}},{"start":{},"end":{}}],"line":537},"78":{"loc":{"start":{"line":537,"column":10},"end":{"line":537,"column":37}},"type":"binary-expr","locations":[{"start":{"line":537,"column":10},"end":{"line":537,"column":25}},{"start":{"line":537,"column":25},"end":{"line":537,"column":37}}],"line":537},"79":{"loc":{"start":{"line":546,"column":26},"end":{"line":546,"column":null}},"type":"binary-expr","locations":[{"start":{"line":546,"column":26},"end":{"line":546,"column":53}},{"start":{"line":546,"column":53},"end":{"line":546,"column":null}}],"line":546},"80":{"loc":{"start":{"line":547,"column":20},"end":{"line":547,"column":null}},"type":"binary-expr","locations":[{"start":{"line":547,"column":20},"end":{"line":547,"column":44}},{"start":{"line":547,"column":44},"end":{"line":547,"column":null}}],"line":547},"81":{"loc":{"start":{"line":548,"column":25},"end":{"line":548,"column":null}},"type":"binary-expr","locations":[{"start":{"line":548,"column":25},"end":{"line":548,"column":42}},{"start":{"line":548,"column":42},"end":{"line":548,"column":null}}],"line":548},"82":{"loc":{"start":{"line":551,"column":22},"end":{"line":551,"column":null}},"type":"binary-expr","locations":[{"start":{"line":551,"column":22},"end":{"line":551,"column":46}},{"start":{"line":551,"column":46},"end":{"line":551,"column":null}}],"line":551},"83":{"loc":{"start":{"line":584,"column":6},"end":{"line":584,"column":null}},"type":"if","locations":[{"start":{"line":584,"column":6},"end":{"line":584,"column":null}},{"start":{},"end":{}}],"line":584},"84":{"loc":{"start":{"line":611,"column":6},"end":{"line":616,"column":null}},"type":"if","locations":[{"start":{"line":611,"column":6},"end":{"line":616,"column":null}},{"start":{},"end":{}}],"line":611},"85":{"loc":{"start":{"line":612,"column":8},"end":{"line":614,"column":null}},"type":"if","locations":[{"start":{"line":612,"column":8},"end":{"line":614,"column":null}},{"start":{},"end":{}}],"line":612},"86":{"loc":{"start":{"line":615,"column":47},"end":{"line":615,"column":85}},"type":"binary-expr","locations":[{"start":{"line":615,"column":47},"end":{"line":615,"column":62}},{"start":{"line":615,"column":62},"end":{"line":615,"column":85}}],"line":615},"87":{"loc":{"start":{"line":617,"column":6},"end":{"line":617,"column":null}},"type":"if","locations":[{"start":{"line":617,"column":6},"end":{"line":617,"column":null}},{"start":{},"end":{}}],"line":617},"88":{"loc":{"start":{"line":632,"column":6},"end":{"line":634,"column":null}},"type":"if","locations":[{"start":{"line":632,"column":6},"end":{"line":634,"column":null}},{"start":{},"end":{}}],"line":632},"89":{"loc":{"start":{"line":633,"column":47},"end":{"line":633,"column":98}},"type":"binary-expr","locations":[{"start":{"line":633,"column":47},"end":{"line":633,"column":82}},{"start":{"line":633,"column":82},"end":{"line":633,"column":98}}],"line":633},"90":{"loc":{"start":{"line":637,"column":24},"end":{"line":637,"column":null}},"type":"binary-expr","locations":[{"start":{"line":637,"column":24},"end":{"line":637,"column":33}},{"start":{"line":637,"column":33},"end":{"line":637,"column":null}}],"line":637},"91":{"loc":{"start":{"line":644,"column":27},"end":{"line":644,"column":null}},"type":"binary-expr","locations":[{"start":{"line":644,"column":27},"end":{"line":644,"column":48}},{"start":{"line":644,"column":48},"end":{"line":644,"column":null}}],"line":644},"92":{"loc":{"start":{"line":654,"column":23},"end":{"line":654,"column":null}},"type":"binary-expr","locations":[{"start":{"line":654,"column":23},"end":{"line":654,"column":40}},{"start":{"line":654,"column":40},"end":{"line":654,"column":null}}],"line":654},"93":{"loc":{"start":{"line":685,"column":6},"end":{"line":685,"column":null}},"type":"if","locations":[{"start":{"line":685,"column":6},"end":{"line":685,"column":null}},{"start":{},"end":{}}],"line":685},"94":{"loc":{"start":{"line":688,"column":6},"end":{"line":688,"column":null}},"type":"if","locations":[{"start":{"line":688,"column":6},"end":{"line":688,"column":null}},{"start":{},"end":{}}],"line":688},"95":{"loc":{"start":{"line":698,"column":6},"end":{"line":698,"column":null}},"type":"if","locations":[{"start":{"line":698,"column":6},"end":{"line":698,"column":null}},{"start":{},"end":{}}],"line":698}},"s":{"0":1,"1":1,"2":0,"3":0,"4":0,"5":0,"6":0,"7":0,"8":0,"9":0,"10":0,"11":0,"12":1,"13":0,"14":0,"15":0,"16":0,"17":0,"18":1,"19":126,"20":126,"21":0,"22":126,"23":41,"24":41,"25":0,"26":41,"27":100,"28":100,"29":9,"30":91,"31":91,"32":91,"33":0,"34":91,"35":91,"36":91,"37":91,"38":100,"39":97,"40":97,"41":8,"42":89,"43":89,"44":89,"45":1,"46":1,"47":2,"48":2,"49":2,"50":2,"51":0,"52":0,"53":0,"54":0,"55":2,"56":2,"57":2,"58":0,"59":0,"60":0,"61":0,"62":1,"63":7,"64":7,"65":7,"66":2,"67":5,"68":7,"69":5,"70":0,"71":0,"72":1,"73":2,"74":2,"75":2,"76":1,"77":1,"78":1,"79":0,"80":1,"81":2,"82":2,"83":2,"84":1,"85":1,"86":1,"87":0,"88":1,"89":41,"90":41,"91":6,"92":35,"93":35,"94":35,"95":1,"96":3,"97":3,"98":1,"99":2,"100":2,"101":2,"102":1,"103":1,"104":1,"105":1,"106":1,"107":1,"108":1,"109":1,"110":1,"111":6,"112":6,"113":4,"114":2,"115":1,"116":4,"117":4,"118":4,"119":1,"120":3,"121":3,"122":4,"123":3,"124":1,"125":19,"126":19,"127":3,"128":16,"129":16,"130":1,"131":5,"132":5,"133":2,"134":3,"135":3,"136":1,"137":2,"138":2,"139":1,"140":1,"141":1,"142":1,"143":16,"144":16,"145":2,"146":14,"147":3,"148":11,"149":11,"150":1,"151":10,"152":10,"153":1,"154":9,"155":9,"156":9,"157":1,"158":8,"159":8,"160":8,"161":8,"162":8,"163":19,"164":19,"165":19,"166":19,"167":19,"168":19,"169":8,"170":8,"171":1,"172":1,"173":1,"174":1,"175":3,"176":3,"177":1,"178":2,"179":2,"180":1,"181":30,"182":30,"183":3,"184":27,"185":27,"186":1,"187":5,"188":5,"189":5,"190":1,"191":4,"192":4,"193":4,"194":1,"195":4,"196":4,"197":4,"198":4,"199":4,"200":4,"201":4,"202":4,"203":4,"204":4,"205":4,"206":4,"207":1,"208":2,"209":2,"210":1,"211":2,"212":2,"213":1,"214":16,"215":16,"216":16,"217":1,"218":15,"219":15,"220":15,"221":3,"222":12,"223":23,"224":12,"225":12,"226":1,"227":1,"228":1,"229":1,"230":1,"231":1,"232":1,"233":1,"234":1,"235":1,"236":1,"237":1,"238":1,"239":0,"240":0,"241":0,"242":0,"243":0,"244":0,"245":0,"246":0,"247":0,"248":0,"249":0,"250":0,"251":0,"252":0,"253":0,"254":0,"255":0,"256":0,"257":0,"258":0,"259":0,"260":0,"261":0,"262":0,"263":0,"264":0,"265":0,"266":0,"267":0,"268":0,"269":0,"270":0,"271":0,"272":0,"273":0,"274":0,"275":0,"276":0,"277":0,"278":0,"279":0,"280":0,"281":0,"282":0,"283":0,"284":0,"285":0,"286":0,"287":0,"288":0,"289":0,"290":0,"291":0,"292":0,"293":0,"294":0,"295":0,"296":0,"297":0,"298":0,"299":0,"300":0,"301":0,"302":0,"303":0,"304":0,"305":0,"306":0,"307":0,"308":0,"309":0,"310":0,"311":0,"312":0,"313":1,"314":4,"315":4,"316":4,"317":2,"318":2,"319":2,"320":2,"321":4,"322":0,"323":1,"324":4,"325":4,"326":4,"327":2,"328":2,"329":2,"330":3,"331":4,"332":3,"333":3,"334":2,"335":2,"336":2,"337":2,"338":2,"339":2,"340":0,"341":1,"342":3,"343":3,"344":3,"345":1,"346":2,"347":2,"348":2,"349":0,"350":2,"351":2,"352":2,"353":2,"354":2,"355":2,"356":0,"357":1,"358":0,"359":0,"360":0,"361":0,"362":0,"363":0,"364":0,"365":0,"366":0,"367":1,"368":1,"369":9,"370":9,"371":9,"372":2,"373":7,"374":7,"375":9,"376":7,"377":7,"378":7,"379":7,"380":0,"381":0,"382":1,"383":2,"384":2,"385":2,"386":0,"387":1,"388":4,"389":4,"390":4,"391":1,"392":3,"393":3,"394":1,"395":2,"396":0,"397":1,"398":4,"399":4,"400":4,"401":1,"402":3,"403":3,"404":2,"405":3,"406":0,"407":1},"f":{"0":0,"1":0,"2":0,"3":0,"4":126,"5":41,"6":100,"7":91,"8":100,"9":97,"10":2,"11":1,"12":7,"13":2,"14":2,"15":41,"16":3,"17":1,"18":1,"19":6,"20":4,"21":4,"22":19,"23":5,"24":16,"25":1,"26":3,"27":30,"28":5,"29":2,"30":2,"31":16,"32":23,"33":1,"34":1,"35":1,"36":1,"37":0,"38":0,"39":0,"40":0,"41":4,"42":4,"43":3,"44":4,"45":3,"46":0,"47":0,"48":0,"49":9,"50":7,"51":2,"52":4,"53":4,"54":2},"b":{"0":[0,0],"1":[0,0],"2":[0,0],"3":[0,126],"4":[0,41],"5":[9,91],"6":[0,91],"7":[100,9],"8":[8,89],"9":[0,2],"10":[0,0],"11":[0,0],"12":[2,0],"13":[0,0],"14":[2,5],"15":[7,6],"16":[5,2,1],"17":[0,0],"18":[1,1],"19":[0,0],"20":[1,1],"21":[0,0],"22":[6,35],"23":[41,3],"24":[1,2],"25":[4,2],"26":[1,3],"27":[3,16],"28":[19,17],"29":[2,3],"30":[5,4,3],"31":[1,2],"32":[1,1],"33":[1,0],"34":[1,0],"35":[2,14],"36":[16,15],"37":[3,11],"38":[14,11],"39":[1,10],"40":[1,9],"41":[1,8],"42":[19,3],"43":[10,9],"44":[1,2],"45":[3,27],"46":[30,29,28],"47":[27,26],"48":[30,26],"49":[30,26],"50":[1,4],"51":[1,3],"52":[1,3],"53":[1,3],"54":[1,3],"55":[1,0],"56":[1,3],"57":[1,0],"58":[1,3],"59":[1,0],"60":[1,15],"61":[3,12],"62":[23,23],"63":[0,0],"64":[0,0],"65":[0,0],"66":[0,0],"67":[0,0],"68":[0,0],"69":[0,0],"70":[0,0],"71":[0,0],"72":[0,0],"73":[0,0],"74":[0,0],"75":[2,2],"76":[2,2],"77":[2,2],"78":[4,3],"79":[3,3],"80":[3,0],"81":[3,0],"82":[3,0],"83":[1,2],"84":[0,0],"85":[0,0],"86":[0,0],"87":[0,0],"88":[2,7],"89":[2,0],"90":[7,5],"91":[7,6],"92":[7,0],"93":[1,3],"94":[1,2],"95":[1,3]},"meta":{"lastBranch":96,"lastFunction":55,"lastStatement":408,"seen":{"s:17:26:17:Infinity":0,"s:19:6:39:Infinity":1,"f:21:17:21:18":0,"s:22:18:22:Infinity":2,"b:23:6:23:Infinity:undefined:undefined:undefined:undefined":0,"s:23:6:23:Infinity":3,"s:23:31:23:Infinity":4,"s:24:6:24:Infinity":5,"f:26:14:26:15":1,"s:27:18:27:Infinity":6,"s:28:6:28:Infinity":7,"f:32:14:32:15":2,"b:33:4:36:Infinity:undefined:undefined:undefined:undefined":1,"s:33:4:36:Infinity":8,"s:34:6:34:Infinity":9,"s:35:6:35:Infinity":10,"s:37:4:37:Infinity":11,"s:41:6:41:Infinity":12,"f:43:9:43:26":3,"s:44:17:44:Infinity":13,"b:45:2:45:Infinity:undefined:undefined:undefined:undefined":2,"s:45:2:45:Infinity":14,"s:45:15:45:Infinity":15,"s:46:16:46:Infinity":16,"s:47:2:47:Infinity":17,"s:51:26:51:Infinity":18,"f:53:9:53:32":4,"s:54:17:54:Infinity":19,"b:55:2:55:Infinity:undefined:undefined:undefined:undefined":3,"s:55:2:55:Infinity":20,"s:55:15:55:Infinity":21,"s:56:2:56:Infinity":22,"f:59:9:59:36":5,"s:60:13:60:Infinity":23,"b:61:2:61:Infinity:undefined:undefined:undefined:undefined":4,"s:61:2:61:Infinity":24,"s:61:11:61:Infinity":25,"s:62:2:62:Infinity":26,"f:65:9:65:22":6,"s:66:14:66:Infinity":27,"b:67:2:67:Infinity:undefined:undefined:undefined:undefined":5,"s:67:2:67:Infinity":28,"s:67:12:67:Infinity":29,"s:68:2:75:Infinity":30,"f:68:55:68:56":7,"s:69:16:69:Infinity":31,"b:70:4:70:Infinity:undefined:undefined:undefined:undefined":6,"s:70:4:70:Infinity":32,"s:70:20:70:Infinity":33,"s:71:16:71:Infinity":34,"s:72:18:72:Infinity":35,"s:73:4:73:Infinity":36,"s:74:4:74:Infinity":37,"f:78:9:78:30":8,"s:79:2:79:Infinity":38,"b:79:9:79:49:79:49:79:Infinity":7,"f:82:9:82:22":9,"s:83:16:83:Infinity":39,"b:84:2:86:Infinity:undefined:undefined:undefined:undefined":8,"s:84:2:86:Infinity":40,"s:85:4:85:Infinity":41,"s:87:2:92:Infinity":42,"s:88:4:88:Infinity":43,"s:89:4:89:Infinity":44,"s:91:4:91:Infinity":45,"s:95:6:101:Infinity":46,"f:104:9:104:26":10,"s:105:18:108:Infinity":47,"s:109:2:125:Infinity":48,"s:110:19:110:Infinity":49,"b:111:4:111:Infinity:undefined:undefined:undefined:undefined":9,"s:111:4:111:Infinity":50,"s:111:31:111:Infinity":51,"b:112:4:114:Infinity:undefined:undefined:undefined:undefined":10,"s:112:4:114:Infinity":52,"b:112:8:112:18:112:18:112:80":11,"s:113:6:113:Infinity":53,"s:115:4:115:Infinity":54,"s:117:18:117:Infinity":55,"b:118:4:118:Infinity:undefined:undefined:undefined:undefined":12,"s:118:4:118:Infinity":56,"s:118:16:118:Infinity":57,"s:119:4:124:Infinity":58,"s:120:21:120:Infinity":59,"s:121:6:121:Infinity":60,"b:121:37:121:46:121:46:121:Infinity":13,"s:123:6:123:Infinity":61,"f:128:22:128:37":11,"s:129:2:146:Infinity":62,"f:129:29:129:36":12,"s:130:4:145:Infinity":63,"s:131:43:131:Infinity":64,"b:132:6:134:Infinity:undefined:undefined:undefined:undefined":14,"s:132:6:134:Infinity":65,"b:132:10:132:17:132:17:132:25":15,"s:133:8:133:Infinity":66,"s:135:21:139:Infinity":67,"b:138:21:138:52:138:52:138:80:138:80:138:Infinity":16,"s:140:19:140:Infinity":68,"s:141:6:141:Infinity":69,"s:143:6:143:Infinity":70,"s:144:6:144:Infinity":71,"b:144:38:144:53:144:53:144:75":17,"s:148:2:157:Infinity":72,"f:148:34:148:41":13,"s:149:4:156:Infinity":73,"s:150:24:150:Infinity":74,"b:151:6:151:Infinity:undefined:undefined:undefined:undefined":18,"s:151:6:151:Infinity":75,"s:151:22:151:Infinity":76,"s:152:22:152:Infinity":77,"s:153:6:153:Infinity":78,"s:155:6:155:Infinity":79,"b:155:38:155:53:155:53:155:79":19,"s:159:2:168:Infinity":80,"f:159:38:159:45":14,"s:160:4:167:Infinity":81,"s:161:24:161:Infinity":82,"b:162:6:162:Infinity:undefined:undefined:undefined:undefined":20,"s:162:6:162:Infinity":83,"s:162:22:162:Infinity":84,"s:163:19:163:Infinity":85,"s:164:6:164:Infinity":86,"s:166:6:166:Infinity":87,"b:166:38:166:53:166:53:166:83":21,"s:170:2:184:Infinity":88,"f:170:45:170:52":15,"s:171:25:171:Infinity":89,"b:172:4:174:Infinity:undefined:undefined:undefined:undefined":22,"s:172:4:174:Infinity":90,"b:172:15:172:27:172:27:172:29":23,"s:173:6:173:Infinity":91,"s:175:18:175:Infinity":92,"s:176:4:182:Infinity":93,"s:183:4:183:Infinity":94,"s:186:2:195:Infinity":95,"f:186:32:186:39":16,"s:187:18:187:Infinity":96,"b:188:4:188:Infinity:undefined:undefined:undefined:undefined":24,"s:188:4:188:Infinity":97,"s:188:16:188:Infinity":98,"s:189:4:194:Infinity":99,"s:190:6:190:Infinity":100,"s:191:6:191:Infinity":101,"s:193:6:193:Infinity":102,"s:197:2:200:Infinity":103,"f:197:32:197:39":17,"s:198:4:198:Infinity":104,"s:199:4:199:Infinity":105,"s:202:2:202:Infinity":106,"s:203:2:206:Infinity":107,"f:203:26:203:33":18,"s:204:20:204:Infinity":108,"s:205:4:205:Infinity":109,"s:208:2:212:Infinity":110,"f:208:30:208:37":19,"s:209:17:209:Infinity":111,"b:210:4:210:Infinity:undefined:undefined:undefined:undefined":25,"s:210:4:210:Infinity":112,"s:210:15:210:Infinity":113,"s:211:4:211:Infinity":114,"s:214:2:221:Infinity":115,"f:214:40:214:47":20,"s:215:19:215:Infinity":116,"s:216:17:216:Infinity":117,"b:217:4:217:Infinity:undefined:undefined:undefined:undefined":26,"s:217:4:217:Infinity":118,"s:217:15:217:Infinity":119,"s:218:15:218:Infinity":120,"s:219:22:219:Infinity":121,"f:219:29:219:30":21,"s:219:61:219:65":122,"s:220:4:220:Infinity":123,"s:223:2:228:Infinity":124,"f:223:28:223:35":22,"s:224:36:224:Infinity":125,"b:225:4:225:Infinity:undefined:undefined:undefined:undefined":27,"s:225:4:225:Infinity":126,"b:225:8:225:22:225:22:225:33":28,"s:225:33:225:Infinity":127,"s:226:20:226:Infinity":128,"s:227:4:227:Infinity":129,"s:230:2:243:Infinity":130,"f:230:36:230:43":23,"s:231:44:231:Infinity":131,"b:232:4:234:Infinity:undefined:undefined:undefined:undefined":29,"s:232:4:234:Infinity":132,"b:232:8:232:19:232:19:232:33:232:33:232:44":30,"s:233:6:233:Infinity":133,"s:235:17:235:Infinity":134,"b:236:4:236:Infinity:undefined:undefined:undefined:undefined":31,"s:236:4:236:Infinity":135,"s:236:15:236:Infinity":136,"s:237:25:237:Infinity":137,"b:238:4:241:Infinity:undefined:undefined:undefined:undefined":32,"s:238:4:241:Infinity":138,"s:239:25:239:Infinity":139,"s:240:6:240:Infinity":140,"b:240:56:240:82:240:82:240:85":33,"b:240:103:240:135:240:135:240:137":34,"s:242:4:242:Infinity":141,"s:245:2:292:Infinity":142,"f:245:31:245:38":24,"s:246:54:246:Infinity":143,"b:247:4:247:Infinity:undefined:undefined:undefined:undefined":35,"s:247:4:247:Infinity":144,"b:247:8:247:22:247:22:247:31":36,"s:247:31:247:Infinity":145,"b:248:4:250:Infinity:undefined:undefined:undefined:undefined":37,"s:248:4:250:Infinity":146,"b:248:8:248:41:248:41:248:70":38,"s:249:6:249:Infinity":147,"s:252:17:252:Infinity":148,"b:253:4:253:Infinity:undefined:undefined:undefined:undefined":39,"s:253:4:253:Infinity":149,"s:253:15:253:Infinity":150,"s:255:16:255:Infinity":151,"b:256:4:258:Infinity:undefined:undefined:undefined:undefined":40,"s:256:4:258:Infinity":152,"s:257:6:257:Infinity":153,"s:259:10:259:Infinity":154,"s:260:27:260:Infinity":155,"b:261:4:263:Infinity:undefined:undefined:undefined:undefined":41,"s:261:4:263:Infinity":156,"s:262:6:262:Infinity":157,"s:265:25:265:Infinity":158,"s:266:21:266:Infinity":159,"s:267:27:267:Infinity":160,"s:268:104:268:Infinity":161,"s:270:4:281:Infinity":162,"s:271:6:271:Infinity":163,"s:272:28:272:Infinity":164,"b:272:28:272:47:272:47:272:Infinity":42,"s:273:24:273:Infinity":165,"s:274:26:274:Infinity":166,"b:274:38:274:53:274:53:274:Infinity":43,"s:275:6:275:Infinity":167,"s:276:6:280:Infinity":168,"s:283:23:289:Infinity":169,"s:291:4:291:Infinity":170,"s:294:2:297:Infinity":171,"f:294:32:294:39":25,"s:295:20:295:Infinity":172,"s:296:4:296:Infinity":173,"s:299:2:304:Infinity":174,"f:299:36:299:43":26,"s:300:17:300:Infinity":175,"b:301:4:301:Infinity:undefined:undefined:undefined:undefined":44,"s:301:4:301:Infinity":176,"s:301:15:301:Infinity":177,"s:302:22:302:Infinity":178,"s:303:4:303:Infinity":179,"s:306:2:320:Infinity":180,"f:306:33:306:40":27,"s:307:75:307:Infinity":181,"b:308:4:310:Infinity:undefined:undefined:undefined:undefined":45,"s:308:4:310:Infinity":182,"b:308:8:308:18:308:18:308:39:308:39:308:49":46,"s:309:6
[...]
],"line":256},"49":{"loc":{"start":{"line":280,"column":6},"end":{"line":329,"column":null}},"type":"switch","locations":[{"start":{"line":281,"column":8},"end":{"line":283,"column":null}},{"start":{"line":284,"column":8},"end":{"line":286,"column":null}},{"start":{"line":287,"column":8},"end":{"line":323,"column":null}},{"start":{"line":324,"column":8},"end":{"line":326,"column":null}},{"start":{"line":327,"column":8},"end":{"line":328,"column":null}}],"line":280},"50":{"loc":{"start":{"line":291,"column":10},"end":{"line":319,"column":null}},"type":"if","locations":[{"start":{"line":291,"column":10},"end":{"line":319,"column":null}},{"start":{"line":309,"column":17},"end":{"line":319,"column":null}}],"line":291},"51":{"loc":{"start":{"line":307,"column":12},"end":{"line":307,"column":null}},"type":"if","locations":[{"start":{"line":307,"column":12},"end":{"line":307,"column":null}},{"start":{},"end":{}}],"line":307},"52":{"loc":{"start":{"line":318,"column":32},"end":{"line":318,"column":null}},"type":"cond-expr","locations":[{"start":{"line":318,"column":60},"end":{"line":318,"column":77}},{"start":{"line":318,"column":77},"end":{"line":318,"column":null}}],"line":318},"53":{"loc":{"start":{"line":321,"column":32},"end":{"line":321,"column":null}},"type":"cond-expr","locations":[{"start":{"line":321,"column":72},"end":{"line":321,"column":92}},{"start":{"line":321,"column":92},"end":{"line":321,"column":null}}],"line":321}},"s":{"0":1,"1":9,"2":0,"3":9,"4":18,"5":0,"6":18,"7":18,"8":0,"9":0,"10":0,"11":18,"12":18,"13":9,"14":9,"15":9,"16":9,"17":9,"18":9,"19":0,"20":9,"21":0,"22":0,"23":0,"24":9,"25":3,"26":6,"27":3,"28":3,"29":0,"30":3,"31":3,"32":0,"33":18,"34":9,"35":9,"36":0,"37":0,"38":9,"39":5,"40":0,"41":5,"42":0,"43":0,"44":0,"45":0,"46":0,"47":0,"48":0,"49":0,"50":0,"51":0,"52":0,"53":0,"54":0,"55":0,"56":0,"57":0,"58":0,"59":5,"60":24,"61":24,"62":0,"63":24,"64":24,"65":24,"66":9,"67":9,"68":24,"69":24,"70":24,"71":3,"72":3,"73":0,"74":3,"75":6,"76":6,"77":0,"78":6,"79":6,"80":6,"81":6,"82":6,"83":1,"84":6,"85":2,"86":6,"87":0,"88":2,"89":0,"90":0,"91":0,"92":0,"93":0,"94":0,"95":0,"96":0,"97":0,"98":0,"99":0,"100":0,"101":0,"102":0,"103":0,"104":0,"105":0,"106":0,"107":0,"108":11,"109":11,"110":0,"111":11,"112":11,"113":11,"114":11,"115":11,"116":4,"117":11,"118":3,"119":11,"120":0,"121":3,"122":18,"123":69,"124":69,"125":69,"126":24,"127":3,"128":6,"129":2,"130":28,"131":28,"132":10,"133":4,"134":4,"135":4,"136":0,"137":4,"138":18,"139":6,"140":6,"141":8,"142":28,"143":11,"144":3,"145":0,"146":8,"147":8,"148":53,"149":2},"f":{"0":9,"1":18,"2":5,"3":0,"4":24,"5":6,"6":0,"7":0,"8":0,"9":11,"10":18,"11":4},"b":{"0":[0,9],"1":[9,9],"2":[0,18],"3":[18,18],"4":[18,18],"5":[0,18],"6":[0,0],"7":[9,9],"8":[9,0],"9":[0,9],"10":[0,9],"11":[0,0],"12":[3,6],"13":[3,3],"14":[0,3],"15":[3,0],"16":[0,9],"17":[9,0],"18":[0,5],"19":[5,5],"20":[0,5],"21":[5,0],"22":[0,0],"23":[0,0],"24":[0,0],"25":[0,0],"26":[0,0],"27":[0,0],"28":[0,0],"29":[0,24],"30":[9,15],"31":[0,3],"32":[3,3],"33":[0,6],"34":[1,5],"35":[1,5],"36":[1,5],"37":[0,6],"38":[0,0],"39":[0,0],"40":[0,0],"41":[0,0],"42":[0,0],"43":[0,0],"44":[0,11],"45":[4,7],"46":[4,7],"47":[4,7],"48":[0,11],"49":[24,6,28,11,0],"50":[10,18],"51":[0,4],"52":[4,0],"53":[4,4]},"meta":{"lastBranch":54,"lastFunction":12,"lastStatement":150,"seen":{"s:11:41:28:Infinity":0,"f:30:9:30:31":0,"b:31:2:31:Infinity:undefined:undefined:undefined:undefined":0,"s:31:2:31:Infinity":1,"b:31:6:31:17:31:17:31:45":1,"s:31:45:31:Infinity":2,"s:33:18:73:Infinity":3,"f:33:18:33:19":1,"b:34:4:34:Infinity:undefined:undefined:undefined:undefined":2,"s:34:4:34:Infinity":4,"b:34:8:34:17:34:17:34:43":3,"s:34:43:34:Infinity":5,"s:35:24:35:Infinity":6,"b:35:24:35:32:35:32:35:Infinity":4,"b:37:4:42:Infinity:undefined:undefined:undefined:undefined":5,"s:37:4:42:Infinity":7,"s:38:22:38:Infinity":8,"b:39:6:41:Infinity:undefined:undefined:undefined:undefined":6,"s:39:6:41:Infinity":9,"s:40:8:40:Infinity":10,"s:44:24:44:Infinity":11,"b:46:4:70:Infinity:55:4:70:Infinity":7,"s:46:4:70:Infinity":12,"s:47:6:47:Infinity":13,"b:48:6:53:Infinity:undefined:undefined:undefined:undefined":8,"s:48:6:53:Infinity":14,"s:49:8:49:Infinity":15,"s:50:8:52:Infinity":16,"s:51:10:51:Infinity":17,"b:54:6:54:Infinity:undefined:undefined:undefined:undefined":9,"s:54:6:54:Infinity":18,"s:54:25:54:Infinity":19,"b:55:4:70:Infinity:60:4:70:Infinity":10,"s:55:4:70:Infinity":20,"s:56:6:56:Infinity":21,"b:57:6:59:Infinity:undefined:undefined:undefined:undefined":11,"s:57:6:59:Infinity":22,"s:58:8:58:Infinity":23,"b:60:4:70:Infinity:62:4:70:Infinity":12,"s:60:4:70:Infinity":24,"s:61:6:61:Infinity":25,"b:62:4:70:Infinity:64:4:70:Infinity":13,"s:62:4:70:Infinity":26,"s:63:6:63:Infinity":27,"b:64:4:70:Infinity:66:4:70:Infinity":14,"s:64:4:70:Infinity":28,"s:65:6:65:Infinity":29,"b:66:4:70:Infinity:68:11:70:Infinity":15,"s:66:4:70:Infinity":30,"s:67:6:67:Infinity":31,"s:69:6:69:Infinity":32,"s:72:4:72:Infinity":33,"s:75:13:75:Infinity":34,"b:76:2:79:Infinity:undefined:undefined:undefined:undefined":16,"s:76:2:79:Infinity":35,"b:76:6:76:21:76:21:76:41":17,"s:77:20:77:Infinity":36,"s:78:4:78:Infinity":37,"s:81:2:81:Infinity":38,"f:84:9:84:27":2,"b:85:2:85:Infinity:undefined:undefined:undefined:undefined":18,"s:85:2:85:Infinity":39,"b:85:6:85:17:85:17:85:45":19,"s:85:45:85:Infinity":40,"b:86:2:110:Infinity:undefined:undefined:undefined:undefined":20,"s:86:2:110:Infinity":41,"b:86:6:86:21:86:21:86:41":21,"s:87:20:87:Infinity":42,"b:88:4:109:Infinity:undefined:undefined:undefined:undefined":22,"s:88:4:109:Infinity":43,"s:89:23:89:Infinity":44,"s:90:26:107:Infinity":45,"f:90:26:90:27":3,"b:91:8:91:Infinity:undefined:undefined:undefined:undefined":23,"s:91:8:91:Infinity":46,"b:91:12:91:21:91:21:91:47":24,"s:91:47:91:Infinity":47,"b:92:8:97:Infinity:undefined:undefined:undefined:undefined":25,"s:92:8:97:Infinity":48,"s:93:27:93:Infinity":49,"b:94:10:96:Infinity:undefined:undefined:undefined:undefined":26,"s:94:10:96:Infinity":50,"s:95:12:95:Infinity":51,"b:98:8:102:Infinity:undefined:undefined:undefined:undefined":27,"s:98:8:102:Infinity":52,"s:99:10:101:Infinity":53,"s:100:12:100:Infinity":54,"b:103:8:105:Infinity:undefined:undefined:undefined:undefined":28,"s:103:8:105:Infinity":55,"s:104:10:104:Infinity":56,"s:106:8:106:Infinity":57,"s:108:6:108:Infinity":58,"s:111:2:111:Infinity":59,"f:114:15:114:Infinity":4,"s:120:17:120:Infinity":60,"b:121:2:121:Infinity:undefined:undefined:undefined:undefined":29,"s:121:2:121:Infinity":61,"s:121:15:121:Infinity":62,"s:122:16:122:Infinity":63,"s:124:32:124:Infinity":64,"b:125:2:128:Infinity:undefined:undefined:undefined:undefined":30,"s:125:2:128:Infinity":65,"s:126:4:126:Infinity":66,"s:127:4:127:Infinity":67,"s:130:22:133:Infinity":68,"s:135:17:135:Infinity":69,"s:136:17:136:Infinity":70,"s:137:15:137:Infinity":71,"b:138:2:140:Infinity:undefined:undefined:undefined:undefined":31,"s:138:2:140:Infinity":72,"b:138:6:138:15:138:15:138:41":32,"s:139:4:139:Infinity":73,"s:141:2:141:Infinity":74,"f:144:15:144:Infinity":5,"s:150:17:150:Infinity":75,"b:151:2:151:Infinity:undefined:undefined:undefined:undefined":33,"s:151:2:151:Infinity":76,"s:151:15:151:Infinity":77,"s:152:17:152:Infinity":78,"s:154:19:154:Infinity":79,"b:154:36:154:88:154:88:154:Infinity":34,"s:156:73:164:Infinity":80,"b:160:10:160:Infinity:161:10:161:Infinity":35,"s:166:22:166:Infinity":81,"b:167:2:169:Infinity:undefined:undefined:undefined:undefined":36,"s:167:2:169:Infinity":82,"s:168:4:168:Infinity":83,"s:171:19:171:Infinity":84,"s:172:18:172:Infinity":85,"b:173:2:173:Infinity:undefined:undefined:undefined:undefined":37,"s:173:2:173:Infinity":86,"s:173:16:173:Infinity":87,"s:174:2:174:Infinity":88,"f:177:15:177:Infinity":6,"s:183:17:183:Infinity":89,"b:184:2:184:Infinity:undefined:undefined:undefined:undefined":38,"s:184:2:184:Infinity":90,"s:184:15:184:Infinity":91,"s:185:17:185:Infinity":92,"b:187:2:210:Infinity:undefined:undefined:undefined:undefined":39,"s:187:2:210:Infinity":93,"s:188:21:188:Infinity":94,"s:189:20:193:Infinity":95,"s:195:21:203:Infinity":96,"s:205:22:205:Infinity":97,"f:205:44:205:45":7,"s:205:56:205:77":98,"b:206:4:208:Infinity:undefined:undefined:undefined:undefined":40,"s:206:4:208:Infinity":99,"b:206:8:206:22:206:22:206:53":41,"s:207:6:207:Infinity":100,"s:209:4:209:Infinity":101,"s:212:19:218:Infinity":102,"s:220:20:220:Infinity":103,"f:220:42:220:43":8,"s:220:54:220:71":104,"b:221:2:223:Infinity:undefined:undefined:undefined:undefined":42,"s:221:2:223:Infinity":105,"b:221:6:221:20:221:20:221:47":43,"s:222:4:222:Infinity":106,"s:224:2:224:Infinity":107,"f:227:15:227:Infinity":9,"s:233:17:233:Infinity":108,"b:234:2:234:Infinity:undefined:undefined:undefined:undefined":44,"s:234:2:234:Infinity":109,"s:234:15:234:Infinity":110,"s:235:17:235:Infinity":111,"s:237:19:237:Infinity":112,"b:237:36:237:88:237:88:237:Infinity":45,"s:239:73:247:Infinity":113,"b:243:10:243:Infinity:244:10:244:Infinity":46,"s:249:22:249:Infinity":114,"b:250:2:252:Infinity:undefined:undefined:undefined:undefined":47,"s:250:2:252:Infinity":115,"s:251:4:251:Infinity":116,"s:254:19:254:Infinity":117,"s:255:18:255:Infinity":118,"b:256:2:256:Infinity:undefined:undefined:undefined:undefined":48,"s:256:2:256:Infinity":119,"s:256:16:256:Infinity":120,"s:257:2:257:Infinity":121,"f:271:22:271:Infinity":10,"s:276:2:338:Infinity":122,"s:277:4:337:Infinity":123,"s:278:24:278:Infinity":124,"b:281:8:283:Infinity:284:8:286:Infinity:287:8:323:Infinity:324:8:326:Infinity:327:8:328:Infinity":49,"s:280:6:329:Infinity":125,"s:282:10:282:Infinity":126,"s:283:10:283:Infinity":127,"s:285:10:285:Infinity":128,"s:286:10:286:Infinity":129,"s:288:28:288:Infinity":130,"b:291:10:319:Infinity:309:17:319:Infinity":50,"s:291:10:319:Infinity":131,"s:292:24:304:Infinity":132,"s:306:30:306:Infinity":133,"f:306:47:306:48":11,"s:306:63:306:88":134,"b:307:12:307:Infinity:undefined:undefined:undefined:undefined":51,"s:307:12:307:Infinity":135,"s:307:28:307:Infinity":136,"s:308:12:308:Infinity":137,"s:310:24:316:Infinity":138,"s:317:30:317:Infinity":139,"s:318:12:318:Infinity":140,"b:318:60:318:77:318:77:318:Infinity":52,"s:321:32:321:Infinity":141,"b:321:72:321:92:321:92:321:Infinity":53,"s:322:10:322:Infinity":142,"s:325:10:325:Infinity":143,"s:326:10:326:Infinity":144,"s:328:10:328:Infinity":145,"s:330:25:330:Infinity":146,"s:331:6:334:Infinity":147,"s:336:6:336:Infinity":148,"s:340:2:340:Infinity":149}}}
,"/home/user/Math-Quiz-Hub/server/services/aiPipeline.ts": {"path":"/home/user/Math-Quiz-Hub/server/services/aiPipeline.ts","statementMap":{"0":{"start":{"line":5,"column":30},"end":{"line":11,"column":null}},"1":{"start":{"line":13,"column":32},"end":{"line":15,"column":null}},"2":{"start":{"line":19,"column":6},"end":{"line":19,"column":null}},"3":{"start":{"line":22,"column":2},"end":{"line":22,"column":null}},"4":{"start":{"line":24,"column":23},"end":{"line":24,"column":null}},"5":{"start":{"line":26,"column":21},"end":{"line":26,"column":null}},"6":{"start":{"line":36,"column":19},"end":{"line":36,"column":null}},"7":{"start":{"line":37,"column":17},"end":{"line":37,"column":null}},"8":{"start":{"line":38,"column":2},"end":{"line":38,"column":null}},"9":{"start":{"line":39,"column":2},"end":{"line":39,"column":null}},"10":{"start":{"line":43,"column":2},"end":{"line":43,"column":null}},"11":{"start":{"line":45,"column":23},"end":{"line":45,"column":null}},"12":{"start":{"line":47,"column":21},"end":{"line":56,"column":null}},"13":{"start":{"line":58,"column":19},"end":{"line":58,"column":null}},"14":{"start":{"line":59,"column":17},"end":{"line":59,"column":null}},"15":{"start":{"line":60,"column":2},"end":{"line":60,"column":null}},"16":{"start":{"line":61,"column":2},"end":{"line":61,"column":null}},"17":{"start":{"line":65,"column":2},"end":{"line":65,"column":null}},"18":{"start":{"line":67,"column":23},"end":{"line":67,"column":null}},"19":{"start":{"line":69,"column":21},"end":{"line":79,"column":null}},"20":{"start":{"line":81,"column":19},"end":{"line":81,"column":null}},"21":{"start":{"line":82,"column":17},"end":{"line":82,"column":null}},"22":{"start":{"line":83,"column":2},"end":{"line":83,"column":null}},"23":{"start":{"line":84,"column":2},"end":{"line":84,"column":null}},"24":{"start":{"line":88,"column":2},"end":{"line":88,"column":null}},"25":{"start":{"line":90,"column":20},"end":{"line":90,"column":null}},"26":{"start":{"line":91,"column":18},"end":{"line":91,"column":null}},"27":{"start":{"line":92,"column":20},"end":{"line":92,"column":null}},"28":{"start":{"line":94,"column":2},"end":{"line":94,"column":null}},"29":{"start":{"line":95,"column":2},"end":{"line":95,"column":null}}},"fnMap":{"0":{"name":"step1Generate","decl":{"start":{"line":21,"column":15},"end":{"line":21,"column":29}},"loc":{"start":{"line":21,"column":65},"end":{"line":40,"column":null}},"line":21},"1":{"name":"step2Audit","decl":{"start":{"line":42,"column":15},"end":{"line":42,"column":26}},"loc":{"start":{"line":42,"column":88},"end":{"line":62,"column":null}},"line":42},"2":{"name":"step3SyllabusAudit","decl":{"start":{"line":64,"column":15},"end":{"line":64,"column":34}},"loc":{"start":{"line":64,"column":98},"end":{"line":85,"column":null}},"line":64},"3":{"name":"generateAuditedQuiz","decl":{"start":{"line":87,"column":22},"end":{"line":87,"column":42}},"loc":{"start":{"line":87,"column":78},"end":{"line":96,"column":null}},"line":87}},"branchMap":{},"s":{"0":1,"1":1,"2":1,"3":17,"4":17,"5":17,"6":17,"7":16,"8":16,"9":16,"10":13,"11":13,"12":13,"13":13,"14":12,"15":12,"16":12,"17":12,"18":12,"19":12,"20":12,"21":11,"22":11,"23":11,"24":17,"25":17,"26":13,"27":12,"28":11,"29":11},"f":{"0":17,"1":13,"2":12,"3":17},"b":{},"meta":{"lastBranch":0,"lastFunction":4,"lastStatement":30,"seen":{"s:5:30:11:Infinity":0,"s:13:32:15:Infinity":1,"s:19:6:19:Infinity":2,"f:21:15:21:29":0,"s:22:2:22:Infinity":3,"s:24:23:24:Infinity":4,"s:26:21:26:Infinity":5,"s:36:19:36:Infinity":6,"s:37:17:37:Infinity":7,"s:38:2:38:Infinity":8,"s:39:2:39:Infinity":9,"f:42:15:42:26":1,"s:43:2:43:Infinity":10,"s:45:23:45:Infinity":11,"s:47:21:56:Infinity":12,"s:58:19:58:Infinity":13,"s:59:17:59:Infinity":14,"s:60:2:60:Infinity":15,"s:61:2:61:Infinity":16,"f:64:15:64:34":2,"s:65:2:65:Infinity":17,"s:67:23:67:Infinity":18,"s:69:21:79:Infinity":19,"s:81:19:81:Infinity":20,"s:82:17:82:Infinity":21,"s:83:2:83:Infinity":22,"s:84:2:84:Infinity":23,"f:87:22:87:42":3,"s:88:2:88:Infinity":24,"s:90:20:90:Infinity":25,"s:91:18:91:Infinity":26,"s:92:20:92:Infinity":27,"s:94:2:94:Infinity":28,"s:95:2:95:Infinity":29}}}
,"/home/user/Math-Quiz-Hub/shared/schema.ts": {"path":"/home/user/Math-Quiz-Hub/shared/schema.ts","statementMap":{"0":{"start":{"line":6,"column":13},"end":{"line":15,"column":null}},"1":{"start":{"line":17,"column":13},"end":{"line":25,"column":null}},"2":{"start":{"line":19,"column":56},"end":{"line":19,"column":68}},"3":{"start":{"line":27,"column":13},"end":{"line":31,"column":null}},"4":{"start":{"line":33,"column":13},"end":{"line":41,"column":null}},"5":{"start":{"line":35,"column":62},"end":{"line":35,"column":75}},"6":{"start":{"line":36,"column":56},"end":{"line":36,"column":68}},"7":{"start":{"line":43,"column":13},"end":{"line":43,"column":null}},"8":{"start":{"line":44,"column":13},"end":{"line":44,"column":null}},"9":{"start":{"line":45,"column":13},"end":{"line":45,"column":null}},"10":{"start":{"line":46,"column":13},"end":{"line":46,"column":null}},"11":{"start":{"line":57,"column":36},"end":{"line":63,"column":null}},"12":{"start":{"line":67,"column":13},"end":{"line":72,"column":null}},"13":{"start":{"line":74,"column":13},"end":{"line":81,"column":null}},"14":{"start":{"line":83,"column":13},"end":{"line":91,"column":null}},"15":{"start":{"line":85,"column":56},"end":{"line":85,"column":72}},"16":{"start":{"line":93,"column":13},"end":{"line":102,"column":null}},"17":{"start":{"line":95,"column":56},"end":{"line":95,"column":72}},"18":{"start":{"line":96,"column":49},"end":{"line":96,"column":63}},"19":{"start":{"line":104,"column":13},"end":{"line":107,"column":null}},"20":{"start":{"line":104,"column":74},"end":{"line":107,"column":2}},"21":{"start":{"line":109,"column":13},"end":{"line":114,"column":null}},"22":{"start":{"line":109,"column":77},"end":{"line":114,"column":2}},"23":{"start":{"line":116,"column":13},"end":{"line":118,"column":null}},"24":{"start":{"line":116,"column":70},"end":{"line":118,"column":2}},"25":{"start":{"line":120,"column":13},"end":{"line":129,"column":null}},"26":{"start":{"line":120,"column":73},"end":{"line":129,"column":2}},"27":{"start":{"line":131,"column":13},"end":{"line":131,"column":null}},"28":{"start":{"line":132,"column":13},"end":{"line":132,"column":null}},"29":{"start":{"line":133,"column":13},"end":{"line":133,"column":null}},"30":{"start":{"line":134,"column":13},"end":{"line":134,"column":null}}},"fnMap":{"0":{"name":"(anonymous_0)","decl":{"start":{"line":19,"column":50},"end":{"line":19,"column":56}},"loc":{"start":{"line":19,"column":56},"end":{"line":19,"column":68}},"line":19},"1":{"name":"(anonymous_1)","decl":{"start":{"line":35,"column":56},"end":{"line":35,"column":62}},"loc":{"start":{"line":35,"column":62},"end":{"line":35,"column":75}},"line":35},"2":{"name":"(anonymous_2)","decl":{"start":{"line":36,"column":50},"end":{"line":36,"column":56}},"loc":{"start":{"line":36,"column":56},"end":{"line":36,"column":68}},"line":36},"3":{"name":"(anonymous_3)","decl":{"start":{"line":85,"column":50},"end":{"line":85,"column":56}},"loc":{"start":{"line":85,"column":56},"end":{"line":85,"column":72}},"line":85},"4":{"name":"(anonymous_4)","decl":{"start":{"line":95,"column":50},"end":{"line":95,"column":56}},"loc":{"start":{"line":95,"column":56},"end":{"line":95,"column":72}},"line":95},"5":{"name":"(anonymous_5)","decl":{"start":{"line":96,"column":43},"end":{"line":96,"column":49}},"loc":{"start":{"line":96,"column":49},"end":{"line":96,"column":63}},"line":96},"6":{"name":"(anonymous_6)","decl":{"start":{"line":104,"column":59},"end":{"line":104,"column":60}},"loc":{"start":{"line":104,"column":74},"end":{"line":107,"column":2}},"line":104},"7":{"name":"(anonymous_7)","decl":{"start":{"line":109,"column":63},"end":{"line":109,"column":64}},"loc":{"start":{"line":109,"column":77},"end":{"line":114,"column":2}},"line":109},"8":{"name":"(anonymous_8)","decl":{"start":{"line":116,"column":55},"end":{"line":116,"column":56}},"loc":{"start":{"line":116,"column":70},"end":{"line":118,"column":2}},"line":116},"9":{"name":"(anonymous_9)","decl":{"start":{"line":120,"column":59},"end":{"line":120,"column":60}},"loc":{"start":{"line":120,"column":73},"end":{"line":129,"column":2}},"line":120}},"branchMap":{},"s":{"0":2,"1":2,"2":0,"3":2,"4":2,"5":0,"6":0,"7":2,"8":2,"9":2,"10":2,"11":2,"12":2,"13":2,"14":2,"15":0,"16":2,"17":0,"18":0,"19":2,"20":0,"21":2,"22":0,"23":2,"24":0,"25":2,"26":0,"27":2,"28":2,"29":2,"30":2},"f":{"0":0,"1":0,"2":0,"3":0,"4":0,"5":0,"6":0,"7":0,"8":0,"9":0},"b":{},"meta":{"lastBranch":0,"lastFunction":10,"lastStatement":31,"seen":{"s:6:13:15:Infinity":0,"s:17:13:25:Infinity":1,"f:19:50:19:56":0,"s:19:56:19:68":2,"s:27:13:31:Infinity":3,"s:33:13:41:Infinity":4,"f:35:56:35:62":1,"s:35:62:35:75":5,"f:36:50:36:56":2,"s:36:56:36:68":6,"s:43:13:43:Infinity":7,"s:44:13:44:Infinity":8,"s:45:13:45:Infinity":9,"s:46:13:46:Infinity":10,"s:57:36:63:Infinity":11,"s:67:13:72:Infinity":12,"s:74:13:81:Infinity":13,"s:83:13:91:Infinity":14,"f:85:50:85:56":3,"s:85:56:85:72":15,"s:93:13:102:Infinity":16,"f:95:50:95:56":4,"s:95:56:95:72":17,"f:96:43:96:49":5,"s:96:49:96:63":18,"s:104:13:107:Infinity":19,"f:104:59:104:60":6,"s:104:74:107:2":20,"s:109:13:114:Infinity":21,"f:109:63:109:64":7,"s:109:77:114:2":22,"s:116:13:118:Infinity":23,"f:116:55:116:56":8,"s:116:70:118:2":24,"s:120:13:129:Infinity":25,"f:120:59:120:60":9,"s:120:73:129:2":26,"s:131:13:131:Infinity":27,"s:132:13:132:Infinity":28,"s:133:13:133:Infinity":29,"s:134:13:134:Infinity":30}}}
}
